2 2 4 4 10 12 10 11
2 3 1 4  8 3 16
2 4 2 2  4 7 12
2 5 2 2 2 4 7 10
2 6  2  4  12
2 7  2  4  10
2 8 2 2  4 7 12
3 2 12 15 50 66 47 49
3 3 8 10  36 40 63
3 4 6 9 12 18 22 57
3 5 3 6  24 12 40
3 6 3 6 6 18 17 40
3 7 2 5  14 12 32
3 8 2 6  12 12 40
3 9 1 4  12 3 32
3 10 1 4  10 9 28
3 11  4  12  21
3 12 2 4  8 8 28
3 13 1 4  12 3 32
3 14  4  8  28
3 15 2 4  10 12 23
3 16 2 4  8 10 28
3 17 1 2  4 3 18
3 18 2 3  6 10 17
3 19 2 3  6 11 16
3 20 2 3  6 10 16
3 21 2 3  8 10 23
3 22  3  8  18
3 23 2 3  8 10 23
3 24  3  8  16
3 25  2  4  18
3 26  3  6  18
3 27  3  6  18
4 2 32 32 250 252 34 34
4 3 20 22 60 136 64 106
4 4 16 16 56 104 38 81
4 5 12 14 40 60 35 74
4 6 10 12 28 60 40 66
4 7 8 10 24 48 38 56
4 8 8 8 24 32 38 46
4 9 6 8  32 26 52
4 10 6 8  32 24 50
4 11 4 6 8 20 23 42
4 12 4 6 8 20 18 44
4 13 4 6  20 22 40
4 14 4 6  16 22 44
4 15 4 6  20 22 36
4 16 4 4  12 22 34
4 17 2 4  12 16 34
4 18 2 4  12 10 31
4 19 2 5  10 12 37
4 20 2 4  12 14 31
4 21 1 4  12 3 31
4 22 1 4  12 5 31
4 23 1 4  12 3 31
4 24 1 4  12 3 32
4 25 1 4  12 3 32
4 26 1 4  12 3 32
4 27 1 4  12 3 34
4 28 2 4  12 11 30
4 29 1 4  8 5 32
4 30 2 4  12 10 22
4 31 1 4  12 5 32
4 32 2 2  4 8 19
4 33 2 2  4 8 19
4 34 2 2  4 10 19
4 35 2 2  4 10 19
4 36 2 2  4 8 19
4 37 2 2  4 8 19
4 38 2 2  4 10 19
4 39 2 2  4 10 19
4 40 2 2  4 8 19
4 41 2 2  4 10 19
4 42 2 2  4 10 19
4 43 2 2  4 10 19
4 44 2 2  4 10 19
4 45 2 2  4 10 19
4 46 2 2  4 8 19
4 47 2 2  4 10 19
4 48  2  4  19
4 49  2  4  19
4 50  2  4  19
4 51  2  4  19
4 52  2  4  19
4 53  2  4  19
4 54  2  4  19
4 55  2  4  19
4 56  2  4  19
4 57  2  4  19
4 58  2  4  19
4 59  2  4  19
4 60  2  4  19
4 61  2  4  19
4 62  2  4  19
4 63  2  4  19
4 64 2 2  4 10 19
5 2 62 63 520 530 72 72
5 3 41 42 170 276 111 210
5 4 30 33 216 242 67 71
5 5 24 27 116 192 52 132
5 6 20 22 92 136 46 110
5 7 16 19 74 104 54 103
5 8 14 18 52 104 68 85
5 9 12 15 46 70 49 114
5 10 12 15 40 70 46 83
5 11 10 13 36 64 51 85
5 12 10 12 28 52 42 71
5 13 8 12 12 56 40 75
5 14 8 10 20 40 38 72
5 15 8 10 18 40 38 78
5 16 6 10 12 48 28 60
5 17 6 8  32 36 56
5 18 6 8  32 34 60
5 19 6 8 12 32 30 56
5 20 6 8  32 24 59
5 21 5 6  24 28 50
5 22 4 6  20 20 53
5 23 4 6  20 26 52
5 24 4 6  20 23 50
5 25 4 6 8 20 18 50
5 26 4 6  24 18 52
5 27 4 6  20 22 46
5 28 4 6  20 22 46
5 29 3 6  20 18 50
5 30 3 6  20 18 44
5 31 3 6  20 22 38
5 32 2 6  20 16 45
5 33 2 6  20 14 45
5 34 2 4  12 14 36
5 35 2 4  12 11 36
5 36 2 4  12 12 36
5 37 2 4  12 11 40
5 38 1 4  12 8 36
5 39 1 4  12 10 40
5 40 2 4  12 11 34
5 41 1 4  12 8 36
5 42 1 4  12 8 36
5 43 1 4  12 6 36
5 44 1 4  12 7 36
5 45 1 4  12 5 40
5 46 1 4  12 5 34
5 47 1 4  12 5 34
5 48 1 4  12 3 38
5 49 1 4  12 5 36
5 50 1 4  12 3 36
5 51 1 4  12 5 32
5 52 1 4  12 3 32
5 53 1 4  12 8 34
5 54 1 4  12 10 36
5 55 1 4  12 10 34
5 56 1 4  12 10 36
5 57 1 4  12 7 34
5 58 1 4  12 10 36
5 59 1 4  12 10 36
5 60 2 4  8 10 32
5 61 2 4  8 10 36
5 62 2 4  12 8 30
5 63 1 4  12 8 38
5 64 2 4  12 10 27
5 65 1 4  12 7 30
5 66 2 3  6 8 27
5 67 2 3  4 11 20
5 68 2 3  6 8 27
5 69 2 3  6 8 28
5 70 2 3  6 10 28
5 71 1 4  8 9 38
5 72 1 2  4 10 20
5 73 1 2  4 8 20
5 74 2 3  6 8 27
5 75 2 3  6 10 28
5 76 1 2  4 10 20
5 77 2 3  6 8 22
5 78 1 2  4 10 20
5 79 1 2  4 10 20
5 80 2 3  4 10 28
5 81 2 3  6 10 22
5 82 1 2  4 10 20
5 83 1 2  4 8 20
5 84 1 2  4 8 20
5 85 1 2  4 8 20
5 86 1 2  4 8 20
5 87 1 4  8 7 20
5 88 1 2  4 8 20
5 89 1 2  4 8 20
5 90 1 2  4 8 20
5 91 1 2  4 8 20
5 92 1 2  4 8 20
5 93 2 3  6 8 28
5 94 2 3  6 8 27
5 95 2 3  6 10 28
5 96  3  6  27
5 97  3  6  28
5 98  3  6  27
5 99  3  8  28
5 100  3  6  27
5 101  3  6  28
5 102  2  4  20
5 103  3  6  28
5 104  2  4  20
5 105  3  6  28
5 106  2  4  20
5 107  2  4  20
5 108  2  4  20
5 109  3  6  27
5 110  3  6  27
5 111  3  6  28
5 112  3  6  27
5 113  3  6  28
5 114  3  6  27
5 115  3  6  28
5 116  3  6  27
5 117  3  6  28
5 118  3  6  27
5 119  3  6  28
5 120  3  6  27
5 121  3  6  28
5 122  3  6  27
5 123  3  6  28
5 124  3  6  27
5 125  3  6  27
6 2 108 108 1002 1004 74 74
6 3 72 72 620 628 74 108
6 4 54 54 324 454 85 199
6 5 42 44 206 334 93 191
6 6 36 36 208 268 73 149
6 7 30 32 144 208 106 164
6 8 27 27 150 168 104 114
6 9 24 24 92 156 86 136
6 10 20 24 84 156 80 110
6 11 18 21 84 120 69 105
6 12 18 18 66 104 74 108
6 13 15 18 44 96 73 108
6 14 14 18 60 104 61 100
6 15 12 16 40 78 64 102
6 16 12 15 38 80 56 94
6 17 12 15  80 48 109
6 18 12 12 24 60 57 94
6 19 9 12 24 64 52 106
6 20 9 12 18 56 40 82
6 21 8 12  64 50 84
6 22 8 12 18 52 37 84
6 23 8 12  48 40 81
6 24 8 10  40 44 81
6 25 7 10  48 38 81
6 26 7 10 14 40 34 78
6 27 6 10 14 32 37 70
6 28 6 9 8 40 34 68
6 29 6 9 12 34 24 67
6 30 6 9  40 29 78
6 31 6 9  40 28 64
6 32 6 9  40 28 71
6 33 6 9  40 28 65
6 34 5 9  40 26 72
6 35 6 8  24 28 68
6 36 6 6  24 28 58
6 37 3 6  24 16 52
6 38 3 6  24 15 56
6 39 3 7  24 15 56
6 40 3 6  24 15 56
6 41 3 7  26 21 58
6 42 3 7  24 15 56
6 43 3 7  26 20 56
6 44 3 7  26 16 54
6 45 3 7  26 24 52
6 46 3 7  26 21 50
6 47 3 7  26 16 49
6 48 3 7  26 14 56
6 49 2 7  26 16 56
6 50 3 6  24 15 58
6 51 2 6  24 15 52
6 52 3 6  24 15 53
6 53 2 6  24 16 48
6 54 2 6  24 12 48
6 55 2 6  20 14 48
6 56 2 5  18 10 46
6 57 2 6  24 14 50
6 58 1 5  18 8 40
6 59 2 6  24 12 46
6 60 2 6  14 12 46
6 61 2 6  24 11 50
6 62 2 6  24 11 50
6 63 1 6  24 8 56
6 64 2 6  24 12 50
6 65 1 6  20 8 50
6 66 2 6  24 11 50
6 67 1 6  20 6 40
6 68 1 4  12 7 40
6 69 1 4  12 8 40
6 70 1 4  12 8 40
6 71 1 4  12 6 36
6 72 1 4  12 7 40
6 73 1 4  12 6 40
6 74 1 4  12 7 40
6 75 1 4  12 8 40
6 76 1 4  12 7 36
6 77 1 4  12 6 40
6 78 1 4  12 6 36
6 79 1 4  12 7 40
6 80  4  12  40
6 81  4  12  40
6 82 1 4  12 7 40
6 83 1 4  12 7 36
6 84 1 4  12 7 38
6 85 1 4  12 5 40
6 86 1 4  12 6 40
6 87 1 4  12 5 40
6 88  4  12  38
6 89  4  12  40
6 90 1 4  12 8 40
6 91 1 4  12 7 40
6 92 1 4  12 6 36
6 93 1 4  12 7 40
6 94 1 4  12 5 40
6 95 1 4  12 3 40
6 96 1 4  12 5 40
6 97 1 4  12 8 36
6 98 1 4  12 3 36
6 99 1 4  12 7 36
6 100 1 4  12 3 36
6 101 1 4  12 3 40
6 102 1 4  12 7 36
6 103 1 4  12 8 40
6 104 1 4  12 3 36
6 105 1 4  12 5 40
6 106 1 4  12 6 40
6 107 1 4  12 7 36
6 108 1 4  12 8 36
6 109 1 4  12 6 36
6 110 1 4  12 8 40
6 111 1 4  12 8 40
6 112 1 4  12 10 36
6 113 1 4  12 10 36
6 114 1 4  12 10 40
6 115 1 4  12 10 40
6 116 1 4  12 9 40
6 117 1 4  12 9 40
6 118 1 4  12 8 36
6 119 1 4  12 10 36
6 120 2 4  8 10 36
6 121 2 4  8 10 36
6 122 2 4  12 11 32
6 123 2 4  12 8 32
6 124 2 4  12 11 36
6 125 2 4  12 10 36
6 126 2 4  12 10 36
6 127 2 4  12 10 36
6 128 2 4  12 11 40
6 129 1 4  12 6 40
6 130 1 4  12 6 38
6 131 1 4  12 5 38
6 132 1 4  12 7 34
6 133 1 4  12 7 34
6 134 1 4  12 3 34
6 135 1 4  12 5 34
6 136 1 3  8 6 21
6 137 1 3  8 3 21
6 138 1 3  6 5 28
6 139 1 3  6 6 28
6 140 1 3  6 6 25
6 141 1 3  8 6 28
6 142 1 3  8 6 28
6 143 1 3  8 10 28
6 144 1 3  8 7 28
6 145 1 3  8 7 28
6 146 1 3  8 8 27
6 147 1 4  8 7 28
6 148 1 4  12 10 32
6 149 1 4  12 8 34
6 150 1 4  12 8 32
6 151 1 4  12 6 36
6 152 1 4  12 6 36
6 153 1 4  12 8 40
6 154 1 4  12 6 36
6 155 1 4  12 5 30
6 156 1 4  8 8 40
6 157 1 4  8 8 30
6 158 1 4  12 8 32
6 159 1 4  6 8 30
6 160 1 4  8 8 28
6 161 1 4  8 8 30
6 162 1 4  12 5 28
6 163 1 4  12 5 28
6 164 1 4  12 8 28
6 165 1 4  12 6 28
6 166 1 3  8 7 28
6 167 1 3  6 6 28
6 168 1 3  6 3 29
6 169 1 3  6 6 29
6 170 1 3  6 3 25
6 171 1 3  6 6 28
6 172 1 3  6 5 28
6 173 1 3  6 5 25
6 174 1 3  6 6 28
6 175 1 3  8 8 27
6 176 1 3  6 10 27
6 177 1 3  6 8 27
6 178 1 3  8 9 29
6 179 1 3  6 9 28
6 180 1 3  6 10 28
6 181 1 3  6 10 29
6 182 1 3  8 10 28
6 183 1 3  8 10 28
6 184 2 3  8 8 23
6 185 2 3  8 11 28
6 186 2 3  8 10 27
6 187 2 3  8 8 28
6 188 2 3  8 10 28
6 189 2 3  8 10 28
6 190 2 3  8 10 27
6 191 2 3  8 10 28
6 192  3  8  28
6 193  3  8  27
6 194  3  8  25
6 195  3  8  28
6 196  3  8  27
6 197  3  8  28
6 198  3  8  28
6 199  3  8  27
6 200  3  6  28
6 201  3  6  28
6 202  3  6  28
6 203  3  6  28
6 204  3  6  28
6 205  3  6  28
6 206  3  8  29
6 207  3  8  29
6 208  3  8  28
6 209  3  8  29
6 210  3  6  28
6 211  3  6  28
6 212  3  6  28
6 213  3  6  28
6 214  3  8  28
6 215  3  8  29
6 216  3  8  28
7 2 171 172 1644 1650 114 114
7 3 112 117 968 1024 147 199
7 4 84 87 744 762 119 133
7 5 68 69 440 532 155 254
7 6 56 59 358 454 120 220
7 7 48 51 272 358 160 221
7 8 42 45 270 298 147 171
7 9 36 40 188 272 118 204
7 10 32 36 168 252 112 188
7 11 30 32 128 216 105 180
7 12 27 30 138 196 94 174
7 13 24 28 100 180 98 152
7 14 24 26 92 164 92 146
7 15 21 24 82 144 80 144
7 16 20 24 98 144 76 116
7 17 18 22 86 136 69 128
7 18 18 21 66 122 70 126
7 19 17 20 66 108 73 122
7 20 15 18 44 104 70 132
7 21 15 18 34 104 65 130
7 22 14 18 20 104 60 121
7 23 14 16 46 96 59 106
7 24 12 16 30 80 66 134
7 25 12 15 40 80 63 97
7 26 12 15 34 80 49 95
7 27 11 15  72 45 106
7 28 11 15  64 56 110
7 29 10 12  64 48 109
7 30 9 12 28 64 47 92
7 31 9 12 14 64 48 84
7 32 9 12  64 52 89
7 33 8 12 16 64 44 84
7 34 8 12 12 56 41 94
7 35 8 12 18 56 41 84
7 36 8 12  56 42 86
7 37 8 11  48 41 81
7 38 8 10  48 43 88
7 39 7 10  40 42 81
7 40 7 10 14 48 30 78
7 41 7 11 8 44 37 88
7 42 7 10 12 48 34 78
7 43 6 10  48 33 76
7 44 6 9  40 33 72
7 45 6 9  36 36 74
7 46 5 9  40 24 66
7 47 5 9  36 34 67
7 48 5 8  34 34 68
7 49 6 9  40 24 68
7 50 5 9  40 28 69
7 51 5 9  40 29 84
7 52 6 9  40 34 78
7 53 5 9  32 24 78
7 54 5 9  32 28 70
7 55 5 8  32 30 66
7 56 5 8  32 29 60
7 57 5 8  32 33 60
7 58 4 6  24 30 58
7 59 4 7  26 28 58
7 60 4 7 8 26 24 56
7 61 3 7  26 22 56
7 62 3 7  26 16 58
7 63 3 7  20 22 58
7 64 3 7  24 22 56
7 65 3 7  26 19 56
7 66 3 6  24 19 60
7 67 3 8  24 15 58
7 68 3 7  26 20 58
7 69 3 6  24 16 54
7 70 3 6  24 18 58
7 71 3 7  26 19 58
7 72 3 6  24 22 56
7 73 3 6  24 22 54
7 74 3 6  24 22 56
7 75 3 7  26 18 58
7 76 3 6  20 22 52
7 77 3 6  20 18 60
7 78 3 6  24 18 56
7 79 3 6  24 18 56
7 80 3 7  26 19 58
7 81 3 7  26 18 58
7 82 3 6  20 17 57
7 83 2 7  24 16 58
7 84 2 6  20 10 52
7 85 2 6  24 14 56
7 86 2 6  20 12 56
7 87 2 6  20 14 52
7 88 2 6  20 12 45
7 89 2 6  20 14 49
7 90 2 6  24 14 56
7 91 2 6  20 14 52
7 92 2 6  20 8 52
7 93 2 6  20 12 52
7 94 2 6  20 12 52
7 95 2 6  20 12 58
7 96 2 6  20 12 48
7 97 2 6  20 12 45
7 98 2 6  20 11 54
7 99 1 6  20 8 48
7 100 2 6  20 12 52
7 101 1 6  20 7 52
7 102 1 6  20 8 48
7 103 1 6  24 7 49
7 104 1 6  20 7 40
7 105 1 6  24 7 40
7 106 2 4  12 10 36
7 107 1 4  12 9 40
7 108 1 4  12 9 36
7 109 1 6  20 8 50
7 110 2 4  12 10 40
7 111 1 4  12 7 40
7 112 1 4  12 10 40
7 113 1 4  12 7 40
7 114 1 4  12 8 40
7 115 1 4  12 9 40
7 116 1 4  12 8 40
7 117 1 4  12 10 40
7 118 1 4  12 5 40
7 119 1 4  12 7 40
7 120 1 4  12 7 40
7 121 1 4  12 10 40
7 122 1 4  12 10 40
7 123 1 4  12 10 40
7 124 1 4  12 10 40
7 125 1 4  12 6 40
7 126 1 4  12 6 36
7 127 1 4  12 7 40
7 128 1 4  12 9 40
7 129 1 4  12 7 40
7 130 1 4  12 6 40
7 131 1 4  12 6 40
7 132 1 4  12 8 40
7 133 1 4  12 6 40
7 134 1 4  12 6 40
7 135 1 4  12 7 40
7 136 1 4  12 6 40
7 137 1 4  12 6 40
7 138 1 4  12 8 40
7 139  4  12  40
7 140 1 4  12 7 40
7 141 1 4  12 3 40
7 142 1 4  12 6 40
7 143 1 4  12 3 40
7 144 1 4  12 6 40
7 145 1 4  12 6 40
7 146 1 4  12 6 40
7 147 1 4  12 7 38
7 148 1 4  12 7 38
7 149 1 4  12 6 40
7 150 1 4  12 5 40
7 151 1 4  12 3 40
7 152 1 4  12 8 40
7 153 1 4  12 5 36
7 154 1 4  12 6 40
7 155 1 4  12 7 40
7 156 1 4  12 3 40
7 157 1 4  12 5 40
7 158 1 4  12 6 36
7 159 1 4  12 5 36
7 160 1 4  12 6 40
7 161 1 4  12 7 40
7 162 1 4  12 6 40
7 163 1 4  12 6 40
7 164 1 4  12 7 40
7 165 1 4  12 7 36
7 166 1 4  12 8 40
7 167 1 4  12 5 36
7 168 1 4  12 5 36
7 169 1 4  12 6 40
7 170  4  12  36
7 171 1 4  12 7 40
7 172  4  12  36
7 173  4  12  36
7 174 1 4  12 6 36
7 175  4  12  34
7 176 1 4  12 8 36
7 177 1 4  12 5 36
7 178  3  8  29
7 179 1 4  8 7 36
7 180  4  12  34
7 181  4  8  34
7 182  4  12  40
7 183  4  12  36
7 184 1 4  12 7 36
7 185 1 4  12 7 36
7 186  4  12  34
7 187 1 4  12 6 40
7 188  4  12  34
7 189  4  12  36
7 190 1 4  12 7 40
7 191  4  12  40
7 192 1 4  12 7 34
7 193 1 4  12 7 40
7 194 1 4  12 8 36
7 195 1 4  12 8 40
7 196 1 4  12 5 36
7 197 1 4  12 9 40
7 198  4  12  36
7 199 1 4  12 7 34
7 200  4  12  36
7 201  4  12  38
7 202  4  12  38
7 203  4  12  36
7 204  4  12  40
7 205  4  12  36
7 206  4  8  40
7 207  4  12  32
7 208 1 4  8 9 31
7 209 1 4  12 10 36
7 210  4  8  36
7 211 2 3  6 10 29
7 212  4  12  34
7 213  3  8  28
7 214  4  8  36
7 215  4  8  40
7 216  4  12  34
7 217  4  8  40
7 218  3  8  30
7 219  3  8  30
7 220  3  8  29
7 221  3  8  28
7 222  3  8  30
7 223  3  8  30
7 224  3  8  28
7 225  3  8  28
7 226  3  8  30
7 227  4  8  36
7 228  3  8  30
7 229  3  8  28
7 230  3  8  30
7 231  3  8  30
7 232  3  8  27
7 233  3  8  28
7 234  3  8  30
7 235  3  8  29
7 236  3  8  29
7 237  4  8  36
7 238  3  8  30
7 239  3  8  29
7 240  3  8  30
7 241  3  8  29
7 242  3  8  28
7 243  3  8  29
7 244  3  8  30
7 245  3  8  30
7 246  3  8  30
7 247  3  8  30
7 248  3  8  30
7 249  3  8  30
7 250  3  8  28
7 251  3  8  30
7 252  3  8  29
7 253  3  8  29
7 254  3  8  29
7 255  3  6  28
7 256 1 3  8 8 28
7 257 1 3  8 7 30
7 258 1 3  8 8 30
7 259 1 3  8 6 28
7 260 1 3  8 8 28
7 261 1 3  8 8 28
7 262  3  8  28
7 263 1 3  8 8 27
7 264 1 3  8 7 28
7 265 1 3  8 8 26
7 266 1 3  8 7 28
7 267 1 3  8 8 28
7 268 1 3  8 9 29
7 269 1 3  8 7 28
7 270 1 3  8 8 30
7 271 1 3  8 6 28
7 272 1 3  8 9 29
7 273 2 3  8 10 28
7 274 2 3  8 10 30
7 275 1 3  8 10 30
7 276  3  8  28
7 277  3  8  23
7 278  3  8  30
7 279  4  12  36
7 280 1 4  12 5 34
7 281 1 3  6 8 30
7 282  4  8  40
7 283 1 3  8 9 22
7 284  3  8  28
7 285  3  6  30
7 286 1 3  8 9 28
7 287  3  8  25
7 288 1 4  12 7 36
7 289 1 3  8 3 29
7 290 1 4  8 8 34
7 291 1 4  12 9 36
7 292 1 3  8 7 27
7 293 1 3  8 8 22
7 294  3  8  28
7 295 1 3  8 8 26
7 296 1 4  8 7 33
7 297 1 3  8 8 28
7 298 1 3  8 7 28
7 299 1 3  8 10 28
7 300 1 3  8 7 28
7 301 1 4  8 7 40
7 302 1 3  8 8 28
7 303 1 3  8 7 28
7 304 1 3  8 9 28
7 305 1 4  12 7 28
7 306 1 3  8 10 28
7 307 1 3  8 10 21
7 308  4  12  27
7 309  3  8  30
7 310  3  8  28
7 311  3  6  28
7 312 1 3  8 7 27
7 313 1 3  8 8 28
7 314 1 3  8 5 28
7 315 1 3  6 10 28
7 316 1 3  6 7 26
7 317 1 3  6 5 28
7 318 1 3  8 9 30
7 319 1 3  6 6 28
7 320 1 3  6 7 28
7 321 1 3  6 3 28
7 322 1 3  8 9 28
7 323 1 3  6 7 28
7 324 1 3  6 7 30
7 325 1 3  6 5 27
7 326  3  8  28
7 327 1 4  8 5 40
7 328  3  6  20
7 329  3  6  20
7 330  3  8  28
7 331  3  8  28
7 332  3  8  28
7 333  3  8  28
7 334  3  8  30
7 335  3  6  25
7 336 1 3  8 7 28
7 337 1 3  8 7 28
7 338 1 3  8 5 29
7 339 1 3  8 8 28
7 340 1 3  8 7 29
7 341 1 3  8 7 29
7 342 1 3  8 7 30
7 343 1 3  8 7 30
8 2 256 256 2554 2556 130 130
8 3 170 172 1568 1636 166 212
8 4 128 128 1188 1196 148 153
8 5 99 106 756 898 156 352
8 6 84 87 484 698 230 347
8 7 72 74 504 616 114 266
8 8 64 64 448 480 200 212
8 9 56 58 372 418 162 234
8 10 49 52 292 386 162 268
8 11 45 49 234 316 161 242
8 12 42 44 246 306 150 206
8 13 37 40 224 276 116 180
8 14 36 38 180 244 124 240
8 15 33 36 168 252 112 196
8 16 32 32 128 216 111 192
8 17 29 31 154 208 104 156
8 18 27 30 122 198 92 153
8 19 25 28 98 170 108 172
8 20 24 27 98 164 86 164
8 21 24 27 116 172 85 150
8 22 22 24 88 156 76 160
8 23 20 24 50 148 85 151
8 24 20 23 64 130 72 154
8 25 19 23 68 136 81 130
8 26 18 21 70 130 84 144
8 27 17 20 72 120 74 134
8 28 18 20 46 128 64 152
8 29 16 20 56 112 58 120
8 30 15 19 56 106 70 116
8 31 15 19 56 100 54 134
8 32 16 16 56 96 60 112
8 33 14 18 52 92 54 114
8 34 14 17 46 88 54 112
8 35 13 16 48 96 52 112
8 36 13 16  92 55 106
8 37 12 16 36 88 54 102
8 38 12 14 36 80 56 102
8 39 12 15  88 52 104
8 40 12 14 24 80 50 108
8 41 11 14 24 80 50 122
8 42 12 14 40 76 46 92
8 43 10 14  64 51 108
8 44 10 12  64 40 94
8 45 10 12  64 50 88
8 46 9 12 26 64 44 92
8 47 10 12 26 64 50 92
8 48 10 12 26 64 50 88
8 49 9 12 26 64 44 92
8 50 8 12 28 64 42 92
8 51 8 12 26 56 47 92
8 52 8 12 24 64 46 86
8 53 8 11 24 48 46 86
8 54 8 11 12 56 40 82
8 55 8 10 16 48 34 82
8 56 8 10 12 48 44 80
8 57 8 10 12 48 44 80
8 58 8 11 12 48 38 80
8 59 8 10 16 48 43 80
8 60 8 11 16 56 38 80
8 61 8 10 12 48 38 75
8 62 7 10 16 48 38 80
8 63 8 10 16 48 38 68
8 64 8 8 24 32 38 64
8 65 5 9 10 36 32 70
8 66 6 8  32 38 68
8 67 5 9 10 40 34 70
8 68 6 8  34 24 70
8 69 6 9  34 30 68
8 70 6 9  40 30 76
8 71 6 8  34 35 76
8 72 6 8  34 30 76
8 73 5 9  40 29 64
8 74 6 8 12 32 28 64
8 75 5 9  40 28 70
8 76 5 8  32 28 64
8 77 5 8  32 28 68
8 78 5 8  32 30 68
8 79 5 8  32 28 68
8 80 6 8  32 28 64
8 81 5 8  36 28 69
8 82 5 8  32 28 60
8 83 4 8  32 26 64
8 84 5 8  32 30 64
8 85 4 8  32 27 64
8 86 4 8  32 28 60
8 87 4 8  26 25 60
8 88 4 6  24 24 60
8 89 4 7  26 23 60
8 90 4 7  26 18 60
8 91 4 7  26 23 60
8 92 4 6  24 22 56
8 93 4 8  32 22 60
8 94 4 7  26 18 60
8 95 4 6  24 22 60
8 96 4 7  26 18 58
8 97 4 6  24 18 60
8 98 4 6  20 23 60
8 99 4 6  24 22 60
8 100 4 6  24 22 60
8 101 4 6  24 23 52
8 102 4 6  24 18 54
8 103 4 6  24 22 60
8 104 4 6  24 22 60
8 105 4 6  24 22 56
8 106 4 6  20 18 58
8 107 4 6  24 18 54
8 108 4 6  20 18 54
8 109 4 6  24 18 60
8 110 4 6  24 18 60
8 111 4 6  24 22 60
8 112 4 6  24 22 60
8 113 4 6  24 18 54
8 114 4 6  24 18 60
8 115 4 6  24 18 56
8 116 4 6  24 18 60
8 117 4 6  24 18 56
8 118 4 6  24 22 52
8 119 4 6  24 22 60
8 120 4 6  24 18 52
8 121 4 6  24 18 54
8 122 4 6  20 22 54
8 123 4 6  20 22 50
8 124 4 6  24 18 54
8 125 3 6  24 18 52
8 126 3 6  20 18 44
8 127 3 6  20 18 52
8 128 4 4  12 22 40
8 129 2 5  16 18 44
8 130 2 5  18 18 40
8 131 2 5  18 14 42
8 132 2 6  24 16 42
8 133 2 6  20 12 46
8 134 2 5  16 14 46
8 135 2 5  18 11 45
8 136 2 5  14 14 40
8 137 2 5  14 11 42
8 138 2 5  16 12 46
8 139 2 5  16 12 50
8 140 1 6  20 10 50
8 141 2 5  18 11 44
8 142 2 5  18 12 42
8 143 2 4  12 11 40
8 144 2 4  12 10 40
8 145 1 4  12 10 40
8 146 1 6  12 8 54
8 147 1 4  12 6 40
8 148 1 6  20 6 42
8 149 1 6  20 8 42
8 150 1 5  12 6 50
8 151 1 5  12 8 46
8 152 1 5  16 7 40
8 153 1 5  18 6 40
8 154 1 5  18 7 40
8 155 1 5  18 8 40
8 156 1 5  16 6 44
8 157 1 4  12 6 40
8 158 1 5  16 6 44
8 159 1 4  12 8 40
8 160 2 4  12 12 40
8 161 1 4  12 10 40
8 162 1 5  16 7 40
8 163 1 5  18 8 40
8 164 1 5  18 5 41
8 165 1 4  12 5 40
8 166 1 4  12 5 40
8 167 1 4  12 6 40
8 168 1 4  12 6 40
8 169 1 4  12 6 40
8 170 1 4  12 6 40
8 171 1 4  12 6 40
8 172 1 4  12 3 40
8 173 1 4  12 6 40
8 174 1 4  12 5 40
8 175 1 4  12 6 40
8 176 1 4  12 5 40
8 177 1 4  12 6 40
8 178 1 4  12 5 40
8 179 1 4  12 5 40
8 180 1 4  12 6 40
8 181 1 4  12 3 40
8 182 1 4  12 5 40
8 183 1 4  12 5 40
8 184 1 4  12 6 36
8 185 1 4  12 6 40
8 186 1 4  12 5 36
8 187 1 4  12 3 40
8 188 1 4  12 5 40
8 189 1 4  12 5 40
8 190 1 4  12 3 40
8 191 1 4  12 5 36
8 192 1 4  12 5 40
8 193 1 4  12 3 40
8 194 1 4  12 5 36
8 195 1 4  12 3 40
8 196 1 4  12 5 40
8 197 1 4  12 3 40
8 198 1 4  12 6 40
8 199 1 4  12 3 40
8 200 1 4  12 3 40
8 201 1 4  12 3 40
8 202 1 4  12 3 40
8 203 1 4  12 6 40
8 204 1 4  12 6 40
8 205 1 4  12 6 40
8 206 1 4  12 5 40
8 207 1 4  12 6 40
8 208 1 4  12 6 40
8 209 1 4  12 5 40
8 210 1 4  12 5 40
8 211 1 4  12 6 40
8 212 1 4  12 5 40
8 213 1 4  12 5 40
8 214 1 4  12 6 40
8 215 1 4  12 6 40
8 216 1 4  12 6 40
8 217 1 4  12 8 40
8 218 1 4  12 6 40
8 219 1 4  12 8 40
8 220 1 4  12 6 40
8 221 1 4  12 8 40
8 222 1 4  12 6 40
8 223 1 4  12 8 40
8 224 2 4  12 8 40
8 225 1 4  12 7 40
8 226 1 4  12 8 40
8 227 1 4  12 6 40
8 228 1 4  12 6 40
8 229 1 4  12 8 40
8 230 1 4  12 6 40
8 231 1 4  12 7 40
8 232 1 4  12 7 40
8 233 1 4  12 6 40
8 234 1 4  12 3 40
8 235 1 4  12 8 40
8 236 1 4  12 6 40
8 237 1 4  12 8 40
8 238 1 4  12 6 40
8 239 1 4  12 8 40
8 240 2 4  12 8 40
8 241 1 4  12 8 40
8 242 1 4  12 8 40
8 243 1 4  12 6 40
8 244 1 4  12 6 36
8 245 1 4  12 8 40
8 246 1 4  12 6 36
8 247 1 4  12 7 36
8 248 1 4  12 6 40
8 249 1 4  12 7 40
8 250 1 4  12 6 40
8 251 1 4  12 6 40
8 252 1 4  12 6 40
8 253 1 4  12 8 36
8 254 1 4  12 6 36
8 255 1 4  12 8 36
8 256 2 4  8 10 36
8 257 2 2  4 10 20
8 258 2 2  4 8 20
8 259 2 2  4 10 20
8 260 2 2  4 10 20
8 261 2 2  4 8 20
8 262 2 2  4 10 20
8 263 2 2  4 8 20
8 264 2 2  4 10 20
8 265 2 2  4 8 20
8 266 2 2  4 8 20
8 267 2 2  4 10 20
8 268 2 2  4 8 20
8 269 2 2  4 10 20
8 270 2 2  4 10 20
8 271 2 2  4 10 20
8 272 2 2  4 8 20
8 273 2 2  4 10 20
8 274 2 2  4 8 20
8 275 2 2  4 10 20
8 276 2 2  4 10 20
8 277 2 2  4 8 20
8 278 2 2  4 10 20
8 279 1 4  12 8 36
8 280 2 2  4 10 20
8 281 2 2  4 8 20
8 282 2 2  4 10 20
8 283 2 2  4 8 20
8 284 2 2  4 10 20
8 285 2 2  4 8 20
8 286 2 2  4 10 20
8 287 2 2  4 10 20
8 288 2 2  4 8 20
8 289 2 2  4 8 20
8 290 2 2  4 10 20
8 291 2 2  4 8 20
8 292 1 4  12 8 32
8 293 2 2  4 8 20
8 294 2 2  4 10 20
8 295 2 2  4 10 20
8 296 2 2  4 10 20
8 297 2 2  4 8 20
8 298 2 2  4 10 20
8 299 2 2  4 10 20
8 300 1 3  8 8 28
8 301 2 2  4 10 20
8 302 2 2  4 8 20
8 303 2 2  4 8 20
8 304 2 2  4 8 20
8 305 2 2  4 8 20
8 306 2 2  4 10 20
8 307 2 2  4 8 20
8 308 2 2  4 8 20
8 309 2 2  4 10 20
8 310 2 2  4 8 20
8 311 2 2  4 10 20
8 312 2 2  4 10 20
8 313 2 2  4 8 20
8 314 2 2  4 10 20
8 315 2 2  4 8 20
8 316 2 2  4 8 20
8 317 2 2  4 8 20
8 318 2 2  4 10 20
8 319 2 2  4 10 20
8 320 2 2  4 8 20
8 321 1 4  12 8 38
8 322 2 2  4 10 20
8 323 2 2  4 10 20
8 324 2 2  4 8 20
8 325 2 2  4 8 20
8 326 2 2  4 10 20
8 327 2 2  4 10 20
8 328 2 2  4 10 20
8 329 2 2  4 8 20
8 330 2 2  4 10 20
8 331 2 2  4 8 20
8 332 2 2  4 10 20
8 333 2 2  4 10 20
8 334 2 2  4 10 20
8 335 2 2  4 10 20
8 336 2 2  4 10 20
8 337 2 2  4 10 20
8 338 2 2  4 8 20
8 339 2 2  4 10 20
8 340 2 2  4 10 20
8 341 2 2  4 8 20
8 342 2 2  4 8 20
8 343 2 2  4 8 20
8 344 1 4  12 8 32
8 345 1 4  12 8 28
8 346 2 2  4 8 20
8 347 2 2  4 10 20
8 348 2 2  4 8 20
8 349 1 4  12 8 36
8 350 2 2  4 8 20
8 351 2 2  4 8 20
8 352 2 2  4 10 20
8 353 2 2  4 10 20
8 354 2 2  4 10 20
8 355 2 2  4 10 20
8 356 2 2  4 8 20
8 357 1 4  12 10 40
8 358 1 4  12 7 32
8 359 2 2  4 8 20
8 360 2 2  4 10 20
8 361 2 2  4 8 20
8 362 2 2  4 10 20
8 363 2 2  4 10 20
8 364 2 2  4 10 20
8 365 2 2  4 8 20
8 366 2 2  4 10 20
8 367 2 2  4 8 20
8 368 2 2  4 8 20
8 369 2 2  4 10 20
8 370 1 4  12 6 32
8 371 2 2  4 10 20
8 372 2 2  4 8 20
8 373 2 2  4 10 20
8 374 2 2  4 10 20
8 375 2 2  4 10 20
8 376 2 2  4 8 20
8 377 2 2  4 8 20
8 378 2 2  4 10 20
8 379 2 2  4 8 20
8 380 2 2  4 10 20
8 381 2 2  4 10 20
8 382 2 2  4 8 20
8 383 2 2  4 8 20
8 384  2  4  20
8 385  2  4  20
8 386  2  4  20
8 387  2  4  20
8 388  2  4  20
8 389  2  4  20
8 390  2  4  20
8 391  2  4  20
8 392  2  4  20
8 393  2  4  20
8 394  2  4  20
8 395  2  4  20
8 396  2  4  20
8 397  2  4  20
8 398  2  4  20
8 399  2  4  20
8 400  2  4  20
8 401  2  4  20
8 402  2  4  20
8 403  2  4  20
8 404  2  4  20
8 405  2  4  20
8 406  3  8  28
8 407  3  8  30
8 408  2  4  20
8 409  2  4  20
8 410  2  4  20
8 411  2  4  20
8 412  2  4  20
8 413  2  4  20
8 414  2  4  20
8 415  2  4  20
8 416  2  4  20
8 417  2  4  20
8 418  2  4  20
8 419  2  4  20
8 420  3  8  28
8 421  2  4  20
8 422  2  4  20
8 423  2  4  20
8 424  2  4  20
8 425  2  4  20
8 426  3  8  25
8 427  2  4  20
8 428  2  4  20
8 429  2  4  20
8 430  2  4  20
8 431  2  4  20
8 432  2  4  20
8 433  2  4  20
8 434  2  4  20
8 435  2  4  20
8 436  2  4  20
8 437  2  4  20
8 438  2  4  20
8 439  2  4  20
8 440  2  4  20
8 441  2  4  20
8 442  2  4  20
8 443  2  4  20
8 444  2  4  20
8 445  2  4  20
8 446  2  4  20
8 447  2  4  20
8 448  2  4  20
8 449  2  4  20
8 450  3  8  30
8 451  2  4  20
8 452  2  4  20
8 453  3  4  29
8 454  2  4  20
8 455  2  4  20
8 456  2  4  20
8 457  2  4  20
8 458  2  4  20
8 459  2  4  20
8 460  2  4  20
8 461  2  4  20
8 462  2  4  20
8 463  2  4  20
8 464  2  4  20
8 465  2  4  20
8 466  2  4  20
8 467  2  4  20
8 468  2  4  20
8 469  3  6  29
8 470  2  4  20
8 471  2  4  20
8 472  2  4  20
8 473  2  4  20
8 474  2  4  20
8 475  2  4  20
8 476  2  4  20
8 477  2  4  20
8 478  2  4  20
8 479  3  8  28
8 480  2  4  20
8 481  2  4  20
8 482  2  4  20
8 483  2  4  20
8 484  2  4  20
8 485  2  4  20
8 486  2  4  20
8 487  2  4  20
8 488  2  4  20
8 489  2  4  20
8 490  2  4  20
8 491  2  4  20
8 492  2  4  20
8 493  2  4  20
8 494  2  4  20
8 495  2  4  20
8 496  2  4  20
8 497  2  4  20
8 498  2  4  20
8 499  2  4  20
8 500  2  4  20
8 501  2  4  20
8 502  2  4  20
8 503  2  4  20
8 504  2  4  20
8 505  2  4  20
8 506  2  4  20
8 507  2  4  20
8 508  2  4  20
8 509  2  4  20
8 510  2  4  20
8 511  2  4  20
8 512 2 2  4 10 20
9 2 360 369 3624 3692 227 227
9 3 240 246 2340 2432 164 234
9 4 180 185 1448 1750 218 511
9 5 144 150 1114 1348 169 442
9 6 120 123 916 1124 154 374
9 7 100 107 748 964 142 320
9 8 90 93 646 740 254 311
9 9 79 84 560 652 216 295
9 10 72 75 470 566 205 338
9 11 64 69 368 522 198 312
9 12 60 63 312 462 177 294
9 13 54 58 278 422 172 300
9 14 50 54 310 384 157 250
9 15 47 51 244 348 158 300
9 16 44 47 204 328 153 248
9 17 42 44 228 292 144 248
9 18 39 42 164 296 124 240
9 19 37 40 150 280 123 227
9 20 35 38 156 252 120 236
9 21 33 36 132 256 110 216
9 22 31 36 118 244 112 216
9 23 30 33 114 226 105 200
9 24 28 32 118 208 103 190
9 25 27 30 124 200 102 200
9 26 26 30 100 184 104 184
9 27 25 28 98 176 109 182
9 28 24 28 92 180 86 190
9 29 24 27 98 164 85 160
9 30 23 26 80 162 85 186
9 31 22 25 82 156 86 160
9 32 21 24 82 156 80 160
9 33 21 24 80 146 94 162
9 34 20 23 72 148 74 152
9 35 20 23 68 136 68 156
9 36 18 22 72 136 68 140
9 37 17 21 62 130 69 140
9 38 17 21 60 130 66 154
9 39 16 21 60 126 60 136
9 40 18 21 60 122 69 142
9 41 16 20 56 122 63 128
9 42 16 20 56 108 62 136
9 43 15 18 44 104 54 140
9 44 15 18 44 104 59 132
9 45 15 18 20 104 60 132
9 46 14 18 44 104 54 126
9 47 14 18 20 104 60 124
9 48 14 18 44 104 59 122
9 49 13 16 38 96 58 124
9 50 13 16 44 92 54 120
9 51 13 16 44 88 62 108
9 52 12 16 40 88 56 114
9 53 12 16 24 88 54 113
9 54 12 15 40 80 46 108
9 55 12 15 36 88 55 112
9 56 12 15 40 78 54 114
9 57 11 15 40 80 56 101
9 58 12 15 40 80 54 116
9 59 12 14 40 74 52 103
9 60 12 14 24 72 51 106
9 61 10 12 28 64 46 98
9 62 10 13 30 68 52 106
9 63 9 12 34 64 46 96
9 64 10 13 28 64 51 92
9 65 9 12  64 44 98
9 66 9 12 28 64 42 100
9 67 9 12 18 64 49 112
9 68 9 12 18 64 48 92
9 69 9 12 14 64 48 92
9 70 9 12 14 64 41 86
9 71 9 12 18 64 48 96
9 72 9 12 14 64 46 100
9 73 8 11 20 48 41 100
9 74 8 12 16 64 46 88
9 75 8 12 16 64 41 86
9 76 8 12 12 56 46 86
9 77 8 12  56 41 86
9 78 8 12 12 52 44 92
9 79 8 12 18 48 38 90
9 80 8 11 16 48 43 84
9 81 8 10  48 44 96
9 82 7 11  56 37 84
9 83 8 10  48 35 98
9 84 8 10 12 48 40 88
9 85 8 10  48 38 84
9 86 7 10  48 33 80
9 87 7 11 14 48 38 82
9 88 7 10  48 44 80
9 89 7 10 12 46 38 84
9 90 6 10  48 36 76
9 91 6 10 16 36 40 79
9 92 6 10  40 34 76
9 93 6 9 12 36 34 76
9 94 6 9  36 30 78
9 95 5 10  40 34 80
9 96 5 9  40 24 76
9 97 5 10  48 30 76
9 98 5 9 4 36 24 76
9 99 5 9  38 30 76
9 100 5 9  34 32 84
9 101 6 9  36 33 76
9 102 5 9 10 40 29 74
9 103 6 9 12 32 32 84
9 104 5 9  40 28 84
9 105 6 9 12 40 34 84
9 106 6 9  32 34 70
9 107 6 9  40 30 70
9 108 6 9  40 29 70
9 109 5 9  34 29 64
9 110 5 9 4 32 30 70
9 111 5 9 12 34 29 64
9 112 5 9  40 29 65
9 113 5 8  32 29 70
9 114 5 9  34 30 65
9 115 5 9  32 28 78
9 116 5 9  40 34 68
9 117 5 9 4 40 29 68
9 118 5 8  32 29 68
9 119 6 8  32 30 60
9 120 5 8  32 29 74
9 121 4 8  32 26 60
9 122 4 8  32 24 64
9 123 4 8  32 24 60
9 124 4 8  32 28 60
9 125 4 7  24 26 60
9 126 4 8  32 26 60
9 127 4 8  32 26 60
9 128 4 7  26 22 60
9 129 4 7  26 22 60
9 130 3 7  26 24 56
9 131 3 7  26 22 60
9 132 3 8  32 21 64
9 133 3 8  32 20 60
9 134 3 7  26 16 56
9 135 3 7  26 19 60
9 136 3 8  32 21 60
9 137 3 8  32 22 60
9 138 3 7  26 15 60
9 139 3 8  32 18 64
9 140 3 8  32 21 64
9 141 3 8  32 21 64
9 142 3 8  32 21 60
9 143 3 8  32 22 60
9 144 4 7  26 18 60
9 145 3 6  24 18 60
9 146 3 7  24 22 62
9 147 3 7  24 22 60
9 148 4 7  26 18 60
9 149 3 7  24 22 60
9 150 3 6  24 22 60
9 151 4 6  24 18 60
9 152 3 7  26 18 55
9 153 4 7  26 18 60
9 154 3 7  26 18 58
9 155 3 6  24 24 60
9 156 3 7  26 22 54
9 157 3 7  26 22 52
9 158 3 7  26 18 58
9 159 3 7  26 21 58
9 160 3 7  26 18 60
9 161 3 6  24 22 60
9 162 3 7  26 23 58
9 163 3 7  26 22 60
9 164 3 7  26 18 58
9 165 3 7  26 22 58
9 166 3 7  26 20 60
9 167 3 7  26 20 58
9 168 3 7  26 16 60
9 169 3 7  26 18 60
9 170 3 7  26 16 57
9 171 3 7  26 18 60
9 172 3 7  26 16 60
9 173 3 7  26 18 58
9 174 3 7  26 18 52
9 175 2 7  24 16 60
9 176 2 6  20 20 52
9 177 3 7  24 18 52
9 178 3 6  24 22 52
9 179 2 6  20 16 52
9 180 2 6  24 16 52
9 181 3 6  20 18 52
9 182 2 7  26 18 58
9 183 2 6  20 14 60
9 184 2 6  20 15 54
9 185 2 6  20 16 52
9 186 2 6  24 18 54
9 187 2 6  24 16 50
9 188 2 6  16 16 54
9 189 1 6  20 10 49
9 190 2 6  24 17 52
9 191 1 6  24 10 48
9 192 2 6  20 16 56
9 193 2 6  14 14 49
9 194 2 5  16 15 41
9 195 2 5  16 12 41
9 196 2 5  18 15 44
9 197 2 6  24 12 46
9 198 2 6  20 14 48
9 199 2 6  18 11 50
9 200 2 6  20 14 60
9 201 2 6  24 12 48
9 202 2 6  20 11 46
9 203 2 5  18 12 44
9 204 2 5  16 12 44
9 205 2 5  18 11 45
9 206 2 6  20 14 52
9 207 2 5  18 12 44
9 208 2 5  12 8 46
9 209 2 6  14 8 49
9 210 2 5  12 12 40
9 211 2 4  12 12 40
9 212 2 6  12 10 60
9 213 1 6  20 8 54
9 214 2 5  16 10 44
9 215 1 4  12 8 40
9 216 1 6  20 9 48
9 217 1 4  12 8 40
9 218 1 6  20 8 45
9 219 1 4  12 8 40
9 220 1 4  12 8 40
9 221 1 4  12 8 40
9 222 1 6  20 5 40
9 223 1 6  24 8 46
9 224 1 4  12 8 40
9 225 1 6  20 8 46
9 226 1 4  12 6 40
9 227 1 4  12 8 40
9 228 1 4  12 3 40
9 229 1 6  24 9 46
9 230 1 5  18 7 40
9 231 1 4  12 5 40
9 232 1 4  12 8 40
9 233 1 6  20 8 40
9 234 1 4  12 8 40
9 235 1 4  12 6 40
9 236 1 4  12 7 40
9 237 1 4  12 6 40
9 238 1 4  12 7 40
9 239 1 4  12 7 40
9 240 1 4  12 7 40
9 241 1 4  12 6 40
9 242 1 4  12 8 40
9 243 1 4  12 6 40
9 244 1 4  12 7 40
9 245 1 4  12 7 40
9 246 1 4  12 3 40
9 247 1 4  12 8 40
9 248 1 5  16 7 44
9 249 1 4  12 7 40
9 250 1 4  12 8 40
9 251 1 4  12 8 40
9 252 1 4  12 7 40
9 253 1 4  12 8 40
9 254 1 4  12 6 40
9 255 1 4  12 8 40
9 256 1 4  12 8 40
9 257 1 4  12 8 40
9 258 1 4  12 8 40
9 259 1 4  12 8 40
9 260 1 4  12 8 40
9 261 1 4  12 6 40
9 262 1 4  12 7 40
9 263 1 4  12 6 40
9 264 1 4  12 7 40
9 265  4  12  40
9 266 1 4  12 7 40
9 267 1 4  12 6 40
9 268 1 4  12 7 40
9 269 1 4  12 7 40
9 270 1 4  12 7 40
9 271 1 4  12 6 40
9 272 1 4  12 7 40
9 273 1 4  12 7 40
9 274 1 4  12 7 40
9 275 1 4  12 8 40
9 276 1 4  12 6 40
9 277 1 4  12 5 40
9 278 1 4  12 8 40
9 279 1 4  12 8 40
9 280 1 4  12 6 40
9 281 1 4  12 8 40
9 282 1 4  12 6 40
9 283 1 4  12 7 40
9 284 1 4  12 6 40
9 285 1 4  12 3 40
9 286 1 4  12 6 40
9 287 1 4  12 7 40
9 288 1 4  12 6 40
9 289 1 4  12 5 40
9 290 1 4  12 5 40
9 291 1 4  12 6 40
9 292 1 4  12 5 40
9 293 1 4  12 5 40
9 294 1 4  12 3 40
9 295 1 4  12 6 40
9 296 1 4  12 5 40
9 297  4  12  40
9 298 1 4  12 6 40
9 299 1 4  12 3 40
9 300 1 4  12 6 40
9 301 1 4  12 5 40
9 302 1 4  12 5 40
9 303 1 4  12 5 40
9 304 1 4  12 5 40
9 305 1 4  12 6 40
9 306 1 4  12 3 40
9 307 1 4  12 5 36
9 308 1 4  12 6 40
9 309 1 4  12 3 40
9 310 1 4  12 6 40
9 311 1 4  12 3 40
9 312 1 4  12 5 40
9 313 1 4  12 3 40
9 314 1 4  12 3 40
9 315 1 4  12 3 40
9 316 1 4  12 6 40
9 317 1 4  12 5 40
9 318 1 4  12 5 40
9 319 1 4  12 5 40
9 320 1 4  12 3 40
9 321 1 4  12 6 40
9 322 1 4  12 6 40
9 323 1 4  12 7 40
9 324 1 4  12 5 40
9 325 1 4  12 6 40
9 326 1 4  12 5 40
9 327 1 4  12 3 40
9 328 1 4  12 5 40
9 329  4  12  40
9 330 1 4  12 5 40
9 331 1 4  12 6 40
9 332 1 4  12 6 40
9 333 1 4  12 3 40
9 334 1 4  12 6 40
9 335 1 4  12 7 40
9 336 1 4  12 5 40
9 337  4  12  36
9 338 1 4  12 3 40
9 339 1 4  12 7 40
9 340 1 4  12 6 40
9 341 1 4  12 5 40
9 342 1 4  12 6 40
9 343 1 4  12 7 40
9 344 1 4  12 7 40
9 345 1 4  12 7 38
9 346 1 4  12 5 40
9 347 1 4  12 7 40
9 348 1 4  12 5 40
9 349 1 4  12 3 40
9 350 1 4  12 5 36
9 351 1 4  12 7 40
9 352 1 4  12 6 40
9 353 1 4  12 7 40
9 354 1 4  12 5 40
9 355 1 4  12 7 36
9 356 1 4  12 6 40
9 357 1 4  12 7 40
9 358 1 4  12 7 40
9 359 1 4  12 5 36
9 360 1 4  12 3 40
9 361  4  12  40
9 362 1 4  12 5 36
9 363 1 4  12 7 40
9 364 1 4  12 7 40
9 365 1 4  12 9 40
9 366 1 4  12 8 36
9 367 1 4  12 7 40
9 368 1 4  12 8 36
9 369 1 4  12 7 40
9 370 1 4  12 10 40
9 371 1 4  12 10 40
9 372 1 4  12 9 36
9 373 1 4  12 8 40
9 374 1 4  12 8 40
9 375 1 4  12 10 36
9 376 1 4  12 10 36
9 377 1 4  12 10 36
9 378 1 4  12 10 36
9 379 1 4  12 9 36
9 380 1 4  12 6 40
9 381 1 4  12 10 36
9 382 1 4  12 10 40
9 383 1 4  12 10 40
9 384 1 4  12 8 36
9 385 1 4  12 7 36
9 386 1 4  12 8 38
9 387 1 4  12 5 40
9 388 1 4  12 8 40
9 389 1 4  12 7 40
9 390 1 4  12 8 40
9 391 1 4  12 8 40
9 392 1 4  12 10 36
9 393  4  12  36
9 394 1 4  12 6 36
9 395  4  12  36
9 396 1 4  8 3 40
9 397 1 4  12 7 36
9 398 1 4  12 8 36
9 399  4  12  36
9 400 1 4  12 8 36
9 401  4  12  36
9 402 1 4  8 8 36
9 403 1 4  12 7 36
9 404 1 4  12 10 36
9 405  4  12  36
9 406 1 4  12 10 40
9 407 1 4  12 10 34
9 408 1 4  8 8 40
9 409  4  12  40
9 410 1 3  6 10 30
9 411  3  8  28
9 412 1 4  12 7 40
9 413  4  12  36
9 414 1 4  12 10 40
9 415 1 4  12 7 40
9 416 1 4  12 10 40
9 417 1 4  12 7 40
9 418 1 4  12 8 36
9 419 1 4  12 7 36
9 420 1 4  12 10 36
9 421 1 4  12 8 40
9 422 1 4  12 8 40
9 423  4  12  40
9 424 1 4  12 8 40
9 425  4  12  36
9 426 1 4  12 8 40
9 427  4  12  36
9 428 1 4  12 7 36
9 429 1 4  12 10 36
9 430 1 4  12 8 40
9 431  4  12  36
9 432  4  12  40
9 433  4  12  40
9 434  4  12  40
9 435 1 4  12 7 30
9 436  4  12  40
9 437  4  12  40
9 438  4  12  40
9 439  4  8  40
9 440  4  8  40
9 441  3  8  28
9 442  3  8  28
9 443  4  12  36
9 444  3  6  30
9 445  4  8  40
9 446  3  8  28
9 447  4  12  36
9 448  3  8  28
9 449  4  12  36
9 450  4  12  32
9 451  4  8  40
9 452  3  8  30
9 453  4  12  36
9 454  4  12  40
9 455  4  8  40
9 456  4  12  36
9 457  3  8  30
9 458  4  12  36
9 459  4  12  34
9 460  3  6  28
9 461  4  8  40
9 462  3  8  30
9 463  4  12  36
9 464  4  12  34
9 465  3  8  29
9 466  3  8  30
9 467  3  8  30
9 468  3  8  28
9 469  4  8  40
9 470  3  6  28
9 471  3  8  28
9 472  4  12  32
9 473  3  8  28
9 474  3  8  28
9 475  3  8  27
9 476  3  8  28
9 477  4  8  40
9 478  3  8  30
9 479  3  8  28
9 480  3  8  30
9 481  3  8  30
9 482  3  8  30
9 483  3  8  28
9 484  4  12  36
9 485  3  8  30
9 486  3  8  28
9 487  3  8  30
9 488  3  6  30
9 489  3  8  30
9 490  3  8  28
9 491  3  8  30
9 492  3  8  28
9 493  3  8  30
9 494  3  8  30
9 495  3  8  27
9 496  3  8  30
9 497  3  8  30
9 498  3  8  28
9 499  3  8  28
9 500  3  6  30
9 501  3  8  28
9 502  3  8  28
9 503  2  4  20
9 504  3  8  28
9 505  3  8  27
9 506  3  8  28
9 507  2  4  20
9 508  3  8  30
9 509  3  8  28
9 510  4  12  36
9 511  3  8  27
9 512 1 3  8 8 30
9 513 1 3  8 8 30
9 514 1 3  8 10 28
9 515 1 3  8 8 30
9 516 1 3  8 10 30
9 517 1 3  8 7 30
9 518 1 3  8 10 30
9 519 1 3  8 10 30
9 520 1 3  8 8 24
9 521  3  6  27
9 522 1 3  8 7 30
9 523 1 3  8 5 24
9 524 1 3  8 10 28
9 525 1 3  8 10 30
9 526 1 3  8 8 30
9 527 1 3  8 7 27
9 528 1 3  8 6 28
9 529  3  8  28
9 530 1 2  4 10 20
9 531 1 3  8 9 27
9 532 1 3  6 10 30
9 533 1 2  4 8 20
9 534 1 2  4 8 20
9 535 1 3  8 10 30
9 536 1 3  6 10 28
9 537 1 3  8 10 30
9 538 1 2  4 8 20
9 539 1 2  4 8 20
9 540 1 3  8 8 30
9 541 1 3  6 10 30
9 542 1 3  8 8 30
9 543 1 2  4 10 20
9 544 1 3  8 8 30
9 545 1 4  8 7 36
9 546 1 3  8 8 30
9 547 1 3  8 7 27
9 548 1 3  8 8 22
9 549 1 3  8 7 30
9 550 1 3  8 6 28
9 551 1 3  8 8 28
9 552 1 3  8 10 28
9 553  3  8  28
9 554 1 2  4 8 20
9 555 1 3  8 7 30
9 556 1 2  4 8 20
9 557 1 4  8 9 40
9 558 1 3  6 10 28
9 559 1 3  8 9 30
9 560 1 3  8 7 28
9 561 1 3  8 8 30
9 562 1 4  12 10 36
9 563 1 3  8 8 30
9 564 2 3  6 10 30
9 565 1 3  8 8 27
9 566 1 3  8 10 28
9 567 1 4  8 10 40
9 568 1 2  4 10 20
9 569 1 3  6 10 27
9 570 1 2  4 8 20
9 571 1 4  8 10 34
9 572 1 3  6 8 28
9 573 1 4  12 7 36
9 574 2 3  6 10 30
9 575 1 3  8 10 30
9 576 1 4  8 8 40
9 577 1 4  8 8 30
9 578 1 4  12 7 32
9 579 1 4  8 7 32
9 580 1 4  12 8 36
9 581 1 4  8 8 40
9 582 1 4  8 5 40
9 583 1 4  8 8 40
9 584 1 4  12 10 36
9 585  3  6  27
9 586 1 3  6 10 30
9 587 1 3  8 3 27
9 588 1 2  4 10 20
9 589 1 4  12 9 40
9 590 1 2  4 8 20
9 591 1 3  8 7 28
9 592 1 4  12 8 36
9 593  3  8  28
9 594 1 2  4 8 20
9 595 1 2  4 8 20
9 596 1 3  6 10 28
9 597 1 4  8 10 40
9 598 1 3  8 8 30
9 599 2 3  8 10 27
9 600 1 4  8 10 40
9 601 1 3  8 8 28
9 602 1 2  4 10 20
9 603 1 3  6 7 27
9 604 1 3  8 8 30
9 605 1 4  8 10 40
9 606 1 2  4 8 20
9 607 1 3  8 7 28
9 608 1 2  4 8 20
9 609 1 4  12 7 34
9 610 1 4  12 8 40
9 611 1 2  4 7 20
9 612 1 2  4 8 20
9 613 1 3  6 8 30
9 614 1 3  8 8 28
9 615 1 4  12 8 40
9 616 1 3  6 10 28
9 617  3  6  30
9 618 1 3  8 5 22
9 619 1 3  8 9 22
9 620 1 3  8 5 28
9 621 1 4  8 8 40
9 622 1 4  8 8 32
9 623 1 3  6 7 30
9 624 1 2  4 7 20
9 625 1 2  4 8 20
9 626 1 3  6 10 24
9 627 1 3  8 9 26
9 628 1 4  12 10 36
9 629 1 3  8 8 30
9 630 1 3  8 10 30
9 631 1 2  4 10 20
9 632 1 4  12 8 28
9 633 1 3  8 8 26
9 634 1 3  6 10 28
9 635 1 4  12 9 34
9 636 2 3  6 10 28
9 637 1 2  4 9 20
9 638 1 3  8 10 30
9 639 1 3  8 5 26
9 640 1 2  4 10 20
9 641 1 3  4 8 20
9 642 1 4  12 8 32
9 643 1 3  8 8 27
9 644 1 3  8 8 28
9 645 1 3  6 10 30
9 646 1 2  4 8 20
9 647 1 3  6 10 30
9 648 1 3  6 10 30
9 649  3  6  30
9 650 1 3  6 8 24
9 651  3  8  30
9 652 1 3  6 8 30
9 653 1 3  8 8 28
9 654 1 3  6 8 30
9 655  3  8  30
9 656 1 2  4 5 20
9 657  3  4  30
9 658 1 3  6 8 30
9 659 1 3  8 8 28
9 660 1 2  4 10 20
9 661  3  6  30
9 662 1 3  8 10 28
9 663 1 3  6 10 30
9 664 1 3  8 8 28
9 665  3  8  26
9 666 1 4  12 8 36
9 667  3  8  27
9 668 1 3  6 8 30
9 669  3  6  30
9 670 1 4  12 10 36
9 671 1 3  6 5 30
9 672 1 3  6 8 30
9 673 1 3  6 8 27
9 674 1 3  8 8 22
9 675 1 3  8 7 28
9 676 1 4  8 8 40
9 677 1 3  6 10 30
9 678 1 3  6 7 30
9 679 1 3  8 7 27
9 680 1 3  6 8 26
9 681  3  6  27
9 682 1 3  6 8 30
9 683  3  8  28
9 684 1 3  8 7 30
9 685 1 3  6 9 27
9 686 1 3  8 6 28
9 687  3  6  30
9 688  4  8  40
9 689  3  8  25
9 690  3  8  28
9 691 1 3  8 8 28
9 692  3  8  28
9 693  3  8  27
9 694  3  8  28
9 695  3  6  30
9 696  2  4  20
9 697  3  8  27
9 698  3  8  28
9 699  3  8  28
9 700  3  8  28
9 701  3  6  30
9 702  3  8  28
9 703  3  8  30
9 704  3  8  30
9 705  3  8  28
9 706  3  8  30
9 707  3  8  30
9 708  3  8  27
9 709  3  8  28
9 710  3  8  28
9 711  3  8  30
9 712  3  8  30
9 713  3  8  28
9 714  4  12  36
9 715  3  8  30
9 716  3  8  28
9 717  3  8  26
9 718  3  8  28
9 719  3  8  30
9 720  3  8  30
9 721  3  6  30
9 722  3  8  28
9 723  3  8  30
9 724  3  8  28
9 725  3  8  28
9 726  3  8  30
9 727  3  8  28
9 728  3  8  30
9 729  3  6  28
10 2 500 500 5194 5196 202 202
10 3 330 335 2810 3258 227 779
10 4 250 250 2464 2474 227 232
10 5 198 204 1662 1940 204 538
10 6 165 170 1138 1506 234 557
10 7 141 144 1098 1348 180 401
10 8 125 125 990 1040 326 340
10 9 108 114 826 954 271 361
10 10 100 100 674 816 265 396
10 11 89 94 628 780 229 364
10 12 81 85 532 674 219 336
10 13 74 80 514 612 210 330
10 14 69 74 422 554 201 356
10 15 64 69 448 526 189 278
10 16 62 63 384 476 181 304
10 17 57 60 316 464 172 360
10 18 54 58 300 426 168 292
10 19 50 54 266 386 172 295
10 20 50 50 210 352 163 300
10 21 45 50 210 356 138 280
10 22 44 48 244 340 133 242
10 23 41 45 204 306 138 244
10 24 40 44 176 310 127 260
10 25 38 42 156 310 124 248
10 26 37 40 188 276 122 254
10 27 35 40 168 276 126 214
10 28 33 38 186 252 118 212
10 29 32 36 156 252 128 210
10 30 32 35 128 236 94 228
10 31 30 34 136 232 109 202
10 32 30 33 118 226 103 204
10 33 28 33 118 212 95 180
10 34 28 31 108 196 104 200
10 35 27 30 132 196 90 196
10 36 26 30 140 208 96 150
10 37 25 28 108 182 92 177
10 38 24 28 92 182 110 192
10 39 24 27 102 172 82 196
10 40 24 27 72 172 86 176
10 41 22 27 78 168 88 177
10 42 22 26 90 160 85 162
10 43 21 26 92 160 80 170
10 44 21 24 88 156 79 168
10 45 20 24 70 152 85 156
10 46 20 24 72 144 68 152
10 47 20 24 72 142 67 150
10 48 20 22 72 128 86 140
10 49 18 22 68 140 68 142
10 50 18 22 68 130 68 140
10 51 18 22 68 130 75 136
10 52 17 21 66 132 76 150
10 53 17 21 66 124 75 138
10 54 18 21 46 120 68 152
10 55 16 21 60 116 63 136
10 56 16 19 52 106 67 132
10 57 16 19 48 112 54 132
10 58 15 19 44 104 60 132
10 59 15 18 44 104 60 123
10 60 15 18 48 104 59 132
10 61 15 18 52 104 60 123
10 62 14 18 42 104 60 132
10 63 14 18 46 104 68 120
10 64 14 18 52 104 68 120
10 65 14 18 46 104 64 120
10 66 13 18 42 104 59 118
10 67 13 17 46 96 58 120
10 68 13 17 46 96 64 122
10 69 13 17 42 96 57 136
10 70 12 16 44 82 58 116
10 71 12 16 42 88 60 112
10 72 12 16 42 88 60 136
10 73 12 16 40 88 46 136
10 74 12 15 38 80 51 122
10 75 12 15 38 80 52 106
10 76 11 15 38 80 52 122
10 77 12 16 40 80 46 120
10 78 12 15 28 80 46 122
10 79 12 15 40 80 51 122
10 80 12 15 20 80 52 122
10 81 11 15 34 80 52 122
10 82 10 15 38 72 51 103
10 83 10 15 22 80 50 105
10 84 10 14 12 66 46 101
10 85 10 14 12 68 50 101
10 86 10 14 20 64 46 112
10 87 9 13 20 64 56 104
10 88 10 13 26 64 48 112
10 89 9 13 20 64 40 98
10 90 9 13 18 64 48 93
10 91 9 13 18 64 48 93
10 92 9 12 16 64 52 100
10 93 9 12 16 64 48 100
10 94 9 12 12 64 44 100
10 95 9 12 12 64 44 98
10 96 9 12 18 64 50 98
10 97 9 12 18 64 42 92
10 98 9 12 16 64 50 100
10 99 8 12 18 64 48 100
10 100 8 12 12 64 46 88
10 101 8 12 12 52 46 84
10 102 8 12 14 64 42 100
10 103 8 12 12 64 44 100
10 104 8 12 12 64 44 100
10 105 8 12 12 64 40 100
10 106 8 12 12 64 44 86
10 107 8 12 12 64 38 86
10 108 8 12  64 46 92
10 109 8 12  64 40 88
10 110 8 12 18 64 36 88
10 111 8 12 20 64 43 88
10 112 8 10 12 48 43 84
10 113 8 10 12 48 38 84
10 114 7 10 12 48 44 84
10 115 7 10 18 48 40 84
10 116 8 10 12 48 44 84
10 117 7 10 12 48 38 90
10 118 7 10 12 48 38 90
10 119 7 10  48 34 90
10 120 6 10 12 48 38 84
10 121 6 10 8 48 34 84
10 122 7 10 4 48 38 84
10 123 6 10 4 48 38 82
10 124 6 10  48 34 84
10 125 6 10  48 34 80
10 126 6 10  40 38 90
10 127 6 10  48 30 80
10 128 6 10  48 30 80
10 129 6 10 12 48 29 80
10 130 6 10 12 40 38 90
10 131 6 10 12 40 33 90
10 132 6 10  48 30 76
10 133 5 10  48 33 90
10 134 5 9  40 26 80
10 135 5 9  40 28 80
10 136 6 9 8 34 28 80
10 137 6 9  40 28 80
10 138 5 9  40 28 72
10 139 5 9  40 28 81
10 140 5 9  34 30 70
10 141 5 9  34 24 76
10 142 5 8  34 28 80
10 143 5 8  34 29 80
10 144 6 8  32 28 70
10 145 5 8  32 28 70
10 146 5 9  40 32 84
10 147 5 9  40 30 70
10 148 5 8  36 32 70
10 149 5 9  36 30 76
10 150 5 9  40 28 70
10 151 5 9  40 28 68
10 152 6 9 12 40 24 68
10 153 5 9  40 24 74
10 154 5 9  40 24 68
10 155 6 9  40 28 68
10 156 5 9  34 29 70
10 157 5 9  32 28 70
10 158 5 8  32 34 66
10 159 5 8  32 28 65
10 160 5 9  40 30 68
10 161 5 9  40 24 68
10 162 5 9  40 30 68
10 163 5 9  40 29 68
10 164 5 8  32 28 64
10 165 4 8  32 28 64
10 166 4 8  34 24 70
10 167 4 8  34 24 64
10 168 4 8  32 22 60
10 169 4 8  32 22 60
10 170 4 7  26 26 66
10 171 4 7  26 24 66
10 172 4 8  32 26 60
10 173 4 8  32 22 60
10 174 4 8  32 24 64
10 175 4 6  24 22 60
10 176 4 6  24 26 60
10 177 4 7  26 24 66
10 178 4 7  26 22 60
10 179 4 7  26 24 66
10 180 4 7  26 28 60
10 181 4 7  26 24 60
10 182 4 7  26 22 60
10 183 4 7  26 22 60
10 184 4 7  26 18 60
10 185 4 7  26 18 60
10 186 4 7  26 24 60
10 187 4 7  26 24 58
10 188 4 7  26 24 60
10 189 4 7  26 22 60
10 190 4 7  26 22 60
10 191 4 6  24 18 60
10 192 4 6  24 22 56
10 193 4 6  24 22 60
10 194 3 7  26 22 58
10 195 3 7  26 22 56
10 196 3 7  26 21 60
10 197 3 7  26 21 60
10 198 3 7  26 21 60
10 199 3 7  26 18 60
10 200 3 6  24 18 60
10 201 3 7  26 21 60
10 202 3 7  26 21 60
10 203 3 7  26 22 60
10 204 3 7  26 22 60
10 205 3 7  26 21 60
10 206 3 7  26 18 60
10 207 3 7  26 18 60
10 208 3 7  26 18 60
10 209 3 7  26 18 60
10 210 4 7  26 18 60
10 211 4 7  26 22 60
10 212 4 7  26 22 60
10 213 4 7  26 22 60
10 214 4 7  26 22 60
10 215 4 7  26 22 60
10 216 4 6  24 22 60
10 217 4 6  24 18 60
10 218 3 7  26 18 56
10 219 4 6  24 18 60
10 220 4 6  24 22 60
10 221 4 6  24 22 60
10 222 4 6  24 18 60
10 223 4 6  24 18 60
10 224 4 6  24 22 60
10 225 3 7  26 22 60
10 226 3 6  24 22 60
10 227 3 6  24 18 60
10 228 3 6  24 18 60
10 229 3 6  24 18 60
10 230 3 6  24 18 60
10 231 3 6  24 18 60
10 232 3 6  24 21 60
10 233 3 6  24 18 56
10 234 3 6  24 18 54
10 235 2 6  24 18 54
10 236 2 6  24 18 60
10 237 3 6  24 22 60
10 238 2 6  24 16 60
10 239 3 6  24 18 60
10 240 3 6  24 18 56
10 241 2 6  24 16 60
10 242 2 6  24 18 56
10 243 2 6  24 18 56
10 244 2 6  24 16 60
10 245 2 6  20 16 60
10 246 3 6  24 22 50
10 247 3 6  24 18 46
10 248 3 6  24 18 60
10 249 2 6  24 11 60
10 250 2 6  24 15 60
10 251 2 6  24 15 60
10 252 2 6  24 12 60
10 253 2 6  20 15 54
10 254 2 6  20 10 54
10 255 2 6  20 14 54
10 256 2 6  24 12 60
10 257 2 6  24 12 60
10 258 2 6  24 12 60
10 259 2 6  24 12 60
10 260 2 6  24 14 54
10 261 2 6  24 14 54
10 262 2 6  24 14 56
10 263 2 6  24 14 60
10 264 2 6  24 10 60
10 265 2 6  24 14 60
10 266 2 6  24 12 60
10 267 2 6  24 14 60
10 268 2 6  24 12 56
10 269 2 6  24 12 56
10 270 2 6  24 12 60
10 271 2 6  24 12 48
10 272 2 4  12 11 40
10 273 2 5  14 11 46
10 274 2 6  20 11 52
10 275 2 4  12 11 40
10 276 2 4  12 15 40
10 277 2 4  12 15 40
10 278 2 4  12 10 40
10 279 2 4  12 12 40
10 280 2 5  12 12 50
10 281 2 4  12 12 40
10 282 2 4  12 12 40
10 283 2 4  12 14 40
10 284 1 4  12 10 40
10 285 1 4  12 9 40
10 286 2 4  12 14 40
10 287 2 4  12 14 40
10 288 2 4  12 12 40
10 289 2 4  12 12 40
10 290 2 4  12 10 40
10 291 2 4  12 12 40
10 292 2 4  12 12 40
10 293 2 4  12 12 40
10 294 2 4  12 10 40
10 295 2 4  12 12 40
10 296 2 4  12 12 40
10 297 1 4  12 10 40
10 298 1 4  12 10 40
10 299 1 4  12 10 40
10 300 1 4  12 9 40
10 301 1 4  12 8 40
10 302 1 4  12 10 40
10 303 1 4  12 8 40
10 304 1 4  12 10 40
10 305 1 4  12 10 40
10 306 1 4  12 10 40
10 307 1 4  12 9 40
10 308 1 5  12 7 50
10 309 1 5  12 7 50
10 310 1 4  12 9 40
10 311 1 4  12 8 40
10 312 1 4  12 6 40
10 313 1 4  12 6 40
10 314 1 4  12 6 40
10 315 1 4  12 6 40
10 316 1 5  12 8 50
10 317 1 4  12 6 40
10 318 1 4  12 3 40
10 319 1 4  12 8 40
10 320 1 4  12 7 40
10 321 1 4  12 7 40
10 322 1 6  24 7 46
10 323 1 6  20 7 56
10 324 1 6  24 7 46
10 325 1 6  24 7 50
10 326 1 6  20 6 48
10 327 1 6  24 7 54
10 328 1 6  12 7 56
10 329 1 6  12 7 56
10 330 1 6  24 5 48
10 331 1 6  24 6 48
10 332 1 4  12 7 40
10 333 1 4  12 7 40
10 334 1 6  14 7 49
10 335 1 4  12 7 40
10 336 1 4  12 8 40
10 337 1 4  12 7 40
10 338 1 4  12 7 40
10 339 1 4  12 7 40
10 340 1 4  12 6 40
10 341 1 4  12 8 40
10 342 1 4  12 8 40
10 343 1 4  12 7 40
10 344 1 4  12 6 40
10 345 1 4  12 6 40
10 346 1 4  12 7 40
10 347 1 4  12 6 40
10 348 1 4  12 6 40
10 349 1 4  12 6 40
10 350 1 4  12 6 40
10 351 1 4  12 6 40
10 352 1 4  12 3 40
10 353 1 4  12 3 40
10 354 1 4  12 6 40
10 355 1 4  12 6 40
10 356 1 4  12 6 40
10 357 1 4  12 5 40
10 358 1 4  12 7 40
10 359 1 4  12 6 40
10 360 1 4  12 5 40
10 361 1 4  12 5 40
10 362 1 4  12 5 40
10 363 1 4  12 5 40
10 364 1 4  12 6 40
10 365 1 4  12 6 40
10 366 1 4  12 5 40
10 367 1 4  12 3 40
10 368 1 4  12 5 40
10 369 1 4  12 6 40
10 370 1 4  12 6 40
10 371 1 4  12 5 40
10 372 1 4  12 3 40
10 373 1 4  12 5 40
10 374 1 4  12 6 40
10 375 1 4  12 3 40
10 376 1 4  12 3 40
10 377 1 4  12 5 40
10 378 1 4  12 7 40
10 379 1 4  12 7 40
10 380 1 4  12 6 40
10 381 1 4  12 3 40
10 382 1 4  12 3 40
10 383 1 4  12 3 40
10 384 1 4  12 6 40
10 385 1 4  12 6 40
10 386 1 4  12 6 40
10 387 1 4  12 5 40
10 388 1 4  12 7 40
10 389 1 4  12 6 40
10 390 1 4  12 3 40
10 391 1 4  12 3 40
10 392 1 4  12 3 40
10 393 1 4  12 3 40
10 394 1 4  12 3 40
10 395 1 4  12 5 40
10 396 1 4  12 3 40
10 397 1 4  12 3 40
10 398 1 4  12 3 40
10 399 1 4  12 5 40
10 400 1 4  12 3 40
10 401 1 4  12 6 40
10 402 1 4  12 5 40
10 403 1 4  12 6 40
10 404 1 4  12 6 40
10 405 1 4  12 6 40
10 406 1 4  12 5 40
10 407 1 4  12 6 40
10 408 1 4  12 5 40
10 409 1 4  12 5 40
10 410 1 4  12 5 40
10 411 1 4  12 6 40
10 412 1 4  12 3 40
10 413 1 4  12 8 40
10 414 1 4  12 5 40
10 415 1 4  12 6 40
10 416 1 4  12 7 40
10 417 1 4  12 7 40
10 418 1 4  12 6 40
10 419 1 4  12 7 40
10 420 1 4  12 7 40
10 421 1 4  12 7 40
10 422 1 4  12 6 40
10 423 1 4  12 8 40
10 424 1 4  12 7 40
10 425 1 4  12 8 40
10 426 1 4  12 8 40
10 427 1 4  12 8 40
10 428 1 4  12 8 40
10 429 1 4  12 8 40
10 430 1 4  12 10 40
10 431 1 4  12 10 40
10 432 1 4  12 10 40
10 433 1 4  12 8 40
10 434 1 4  12 8 40
10 435 1 4  12 8 40
10 436 1 4  12 6 40
10 437 1 4  12 7 40
10 438 1 4  12 8 40
10 439 1 4  12 7 40
10 440 1 4  12 8 40
10 441 1 4  12 8 40
10 442 1 4  12 8 40
10 443 1 4  12 8 40
10 444 1 4  12 8 40
10 445 1 4  12 8 40
10 446 1 4  12 8 40
10 447 1 4  12 10 40
10 448 1 4  12 8 40
10 449 1 4  12 10 40
10 450 1 4  12 6 40
10 451 1 4  12 8 40
10 452 1 4  12 10 40
10 453 1 4  12 8 40
10 454 1 4  12 8 40
10 455 1 4  12 8 40
10 456 1 4  12 8 40
10 457 1 4  12 8 40
10 458 1 4  12 8 40
10 459 1 4  12 9 40
10 460 1 4  12 10 40
10 461 1 4  12 10 40
10 462 1 4  12 8 40
10 463 1 4  12 10 40
10 464 1 4  12 8 40
10 465 1 4  12 8 40
10 466 1 4  12 10 40
10 467 1 4  12 10 40
10 468 1 4  12 10 40
10 469 1 4  12 10 40
10 470 1 4  12 10 40
10 471 1 4  12 8 40
10 472 1 4  12 8 40
10 473 1 4  12 10 40
10 474 1 4  12 10 40
10 475 1 4  12 10 40
10 476 1 4  12 8 40
10 477 1 4  12 8 40
10 478 1 4  12 10 36
10 479 1 4  12 8 36
10 480 1 4  12 8 40
10 481 1 4  12 8 40
10 482 1 4  12 10 40
10 483 1 4  12 10 40
10 484 1 4  12 10 40
10 485 1 4  12 8 40
10 486 1 4  12 10 40
10 487 1 4  12 10 40
10 488 2 4  12 10 40
10 489 2 4  12 10 40
10 490 2 4  12 10 40
10 491 2 4  12 10 40
10 492 2 4  12 8 40
10 493 2 4  12 8 40
10 494 2 4  12 10 40
10 495 2 4  12 8 40
10 496 2 4  12 8 40
10 497 2 4  12 10 40
10 498 2 4  12 10 36
10 499 1 4  12 7 40
10 500 1 4  12 8 40
10 501 1 4  12 8 40
10 502 1 4  12 6 40
10 503 1 4  12 8 36
10 504 1 4  12 7 38
10 505 1 4  12 7 40
10 506 1 4  12 7 40
10 507 1 4  12 7 40
10 508 1 4  12 10 36
10 509 1 4  12 10 36
10 510 2 4  12 10 40
10 511 2 4  12 10 40
10 512 2 4  12 10 40
10 513 1 4  12 7 40
10 514 1 4  12 8 36
10 515 1 4  12 7 36
10 516 1 4  12 7 36
10 517 1 4  12 7 36
10 518 1 4  12 6 36
10 519 1 4  12 8 40
10 520 1 4  12 8 40
10 521 1 4  12 8 40
10 522 1 4  12 6 40
10 523 1 4  12 10 40
10 524 1 4  12 8 36
10 525 1 4  12 8 36
10 526 1 4  12 10 40
10 527 1 4  12 10 40
10 528 2 3  8 10 30
10 529 2 3  8 10 30
10 530 1 4  12 10 34
10 531 2 3  8 10 28
10 532 2 3  8 10 30
10 533 2 3  8 10 30
10 534 2 3  8 10 30
10 535 2 3  8 10 30
10 536 2 4  8 10 30
10 537 2 4  8 10 30
10 538 2 4  12 10 36
10 539 2 4  12 10 36
10 540 1 4  12 10 36
10 541 1 4  12 10 36
10 542 1 4  12 10 36
10 543 1 4  12 8 36
10 544 2 3  8 8 28
10 545 2 3  8 10 30
10 546 1 4  12 10 34
10 547 1 4  12 10 34
10 548 2 3  8 10 30
10 549 2 3  8 10 30
10 550 2 3  8 8 30
10 551 2 3  8 10 30
10 552 2 3  8 10 30
10 553 2 3  8 10 30
10 554 2 3  8 10 30
10 555 1 3  8 10 30
10 556 1 3  8 8 30
10 557 2 3  8 8 30
10 558 1 3  8 10 30
10 559 1 3  8 10 30
10 560 1 3  8 8 30
10 561 1 4  12 8 36
10 562 1 4  8 10 40
10 563 1 4  8 10 40
10 564 1 4  8 8 40
10 565 1 4  8 8 40
10 566 1 4  8 8 40
10 567 1 4  8 9 40
10 568 1 4  12 8 40
10 569 1 4  12 8 40
10 570 1 4  12 10 30
10 571 1 4  12 10 30
10 572 1 4  12 10 30
10 573 1 4  12 10 28
10 574 1 4  8 10 36
10 575 1 3  8 10 28
10 576 1 3  8 10 28
10 577 1 3  8 10 28
10 578 1 3  8 10 30
10 579 1 3  6 8 30
10 580 1 4  12 10 34
10 581 1 4  12 10 34
10 582 1 3  8 8 28
10 583 1 4  12 10 32
10 584 1 3  8 10 30
10 585 1 3  8 10 30
10 586 1 4  12 8 32
10 587 1 3  8 8 30
10 588 1 3  8 10 30
10 589 1 3  8 10 30
10 590 1 3  8 8 30
10 591 1 3  8 8 30
10 592 1 3  8 8 30
10 593 1 3  8 8 30
10 594 1 3  8 10 30
10 595 2 3  8 8 30
10 596 1 3  8 8 30
10 597 1 3  8 8 30
10 598 1 3  8 8 30
10 599 2 3  8 8 30
10 600 1 3  8 10 28
10 601 1 3  8 10 28
10 602 1 3  8 10 30
10 603 1 3  8 8 30
10 604 1 3  6 10 30
10 605 1 3  6 8 30
10 606 1 3  8 10 28
10 607 1 3  8 10 28
10 608 1 3  8 10 28
10 609 1 3  8 10 28
10 610 1 3  8 10 30
10 611 1 3  8 8 30
10 612 2 3  8 8 30
10 613 2 3  8 10 30
10 614 2 3  8 10 30
10 615 1 4  8 10 40
10 616 2 3  8 10 30
10 617 1 3  8 10 30
10 618 1 3  8 8 30
10 619 1 3  8 8 30
10 620 1 3  8 10 30
10 621 1 3  6 10 30
10 622 1 3  6 8 30
10 623 1 3  6 10 30
10 624 1 4  12 10 36
10 625 1 4  8 10 34
10 626 1 3  8 8 28
10 627 1 3  8 8 30
10 628 1 4  12 8 36
10 629 1 4  12 8 36
10 630 1 4  12 9 36
10 631 1 4  12 8 36
10 632 1 4  12 8 36
10 633 1 4  12 8 36
10 634 1 4  12 8 40
10 635 1 4  12 8 40
10 636 1 4  12 8 40
10 637 1 4  12 8 40
10 638 1 4  12 8 40
10 639 1 4  12 8 36
10 640 1 4  12 10 36
10 641 1 4  12 8 36
10 642 1 4  12 8 40
10 643 1 4  12 8 40
10 644 1 4  12 8 40
10 645 1 4  12 8 40
10 646 1 4  12 8 40
10 647 1 4  12 8 40
10 648 1 4  12 8 40
10 649 1 4  12 8 40
10 650 1 4  12 10 36
10 651 1 4  12 10 36
10 652 1 4  12 8 36
10 653 1 4  12 10 36
10 654 1 4  12 8 36
10 655 1 4  12 10 36
10 656 1 4  12 10 36
10 657 1 4  12 10 34
10 658 1 4  12 10 36
10 659 1 4  12 7 36
10 660 1 4  12 10 36
10 661 1 4  12 7 36
10 662 1 4  12 8 36
10 663 1 4  12 8 36
10 664 1 4  12 8 36
10 665 1 4  12 8 36
10 666 1 4  12 7 32
10 667 1 4  12 8 32
10 668 1 3  6 10 24
10 669 1 3  6 10 24
10 670 1 4  8 10 40
10 671 1 4  8 10 40
10 672 1 4  12 10 36
10 673 1 4  12 8 36
10 674 1 2  4 8 20
10 675 1 2  4 8 20
10 676 1 4  8 9 34
10 677 1 4  8 9 40
10 678 1 4  12 10 40
10 679 1 4  12 8 36
10 680 1 4  12 8 36
10 681 1 4  12 8 36
10 682 1 4  12 8 40
10 683 1 4  12 9 36
10 684 1 4  12 8 40
10 685 1 4  12 8 40
10 686 1 4  12 8 36
10 687 1 4  12 8 32
10 688 1 2  4 8 20
10 689 1 2  4 8 20
10 690 1 2  4 10 20
10 691 1 3  6 10 30
10 692 1 4  8 7 33
10 693 1 4  8 7 40
10 694 1 4  12 8 40
10 695 1 4  12 8 36
10 696 1 4  12 8 36
10 697 1 4  12 8 36
10 698 1 4  8 8 36
10 699 1 4  8 6 36
10 700 1 3  8 8 28
10 701 1 4  12 8 36
10 702 1 4  8 8 40
10 703 1 3  8 10 28
10 704 1 2  4 10 20
10 705 1 4  12 10 36
10 706 1 2  4 8 20
10 707 1 4  12 8 36
10 708 1 4  12 8 36
10 709 1 4  12 8 36
10 710 1 4  12 8 38
10 711 1 4  12 8 38
10 712 1 4  12 8 40
10 713 1 4  12 8 40
10 714 1 4  12 10 36
10 715 1 3  8 10 28
10 716 1 3  8 8 27
10 717 1 3  8 10 28
10 718 1 4  8 10 34
10 719 1 4  8 8 34
10 720 1 3  8 10 28
10 721 1 3  8 8 28
10 722 1 2  4 10 20
10 723 1 2  4 10 20
10 724 1 4  12 8 36
10 725 1 4  12 8 36
10 726 1 2  4 10 20
10 727 1 2  4 10 20
10 728 1 4  12 10 34
10 729 1 4  12 10 34
10 730 1 2  4 8 20
10 731 1 3  6 10 28
10 732 1 4  8 10 34
10 733 1 4  8 10 34
10 734 1 2  4 10 20
10 735 1 4  12 10 36
10 736 1 3  8 10 28
10 737 1 3  8 8 28
10 738 1 3  8 8 28
10 739 1 3  8 10 28
10 740 1 3  8 10 28
10 741 1 3  8 8 30
10 742 1 3  8 8 30
10 743 1 3  8 10 30
10 744 2 3  8 10 30
10 745 2 3  8 8 30
10 746 2 3  8 8 30
10 747 2 3  8 8 30
10 748 2 3  8 10 30
10 749 2 3  8 10 30
10 750 2 3  8 8 30
10 751 2 3  8 10 30
10 752 2 3  8 10 30
10 753 1 4  12 8 40
10 754 1 4  12 8 34
10 755 1 4  12 3 36
10 756 1 4  12 6 36
10 757 1 4  12 10 36
10 758 1 4  12 8 36
10 759 1 4  8 8 40
10 760 1 4  12 6 36
10 761 1 4  12 6 36
10 762 1 4  12 6 34
10 763 1 4  12 6 30
10 764 1 4  12 8 40
10 765 1 4  12 8 40
10 766 1 4  12 10 36
10 767 2 3  8 10 28
10 768  3  8  28
10 769  3  8  28
10 770  3  8  28
10 771  3  8  30
10 772  3  8  30
10 773  3  8  30
10 774  3  8  28
10 775  3  8  28
10 776  3  8  30
10 777  3  8  30
10 778  3  8  30
10 779  3  8  30
10 780  3  8  30
10 781  3  8  30
10 782  3  8  30
10 783  3  8  30
10 784  3  8  30
10 785  3  8  30
10 786  3  8  28
10 787  3  8  30
10 788  3  8  30
10 789  3  8  30
10 790  3  8  30
10 791  3  8  30
10 792  3  8  30
10 793  3  8  30
10 794  3  8  28
10 795  3  8  30
10 796  3  8  30
10 797  3  8  30
10 798  3  8  30
10 799  3  8  30
10 800  3  8  30
10 801  3  8  30
10 802  3  8  30
10 803  3  8  30
10 804  3  8  30
10 805  3  8  30
10 806  3  8  30
10 807  3  8  30
10 808  3  8  30
10 809  3  8  30
10 810  3  8  30
10 811  3  8  30
10 812  3  8  30
10 813  3  8  30
10 814  3  8  30
10 815  3  8  28
10 816  3  8  28
10 817  4  8  40
10 818  3  8  28
10 819  4  12  34
10 820  3  8  30
10 821  3  8  30
10 822  3  8  30
10 823  3  8  30
10 824  4  12  40
10 825  4  12  40
10 826  4  12  40
10 827  4  12  40
10 828  3  8  30
10 829  3  8  30
10 830  3  8  30
10 831  3  8  30
10 832  3  8  30
10 833  3  8  30
10 834  3  8  28
10 835  3  8  30
10 836  3  8  28
10 837  3  8  30
10 838  3  8  30
10 839  3  8  30
10 840  3  6  30
10 841  3  6  30
10 842  3  8  30
10 843  3  8  28
10 844  3  8  30
10 845  3  8  30
10 846  3  6  30
10 847  3  6  30
10 848  3  8  30
10 849  3  6  30
10 850  3  8  30
10 851  3  8  30
10 852  3  8  30
10 853  3  8  30
10 854  3  8  28
10 855  3  8  28
10 856  3  6  30
10 857  3  6  30
10 858  3  8  30
10 859  3  6  30
10 860  3  8  30
10 861  3  8  30
10 862  3  8  30
10 863  3  8  30
10 864  3  8  30
10 865  3  8  30
10 866  3  8  30
10 867  3  8  30
10 868  3  8  30
10 869  3  8  30
10 870  3  8  30
10 871  3  8  30
10 872  3  8  30
10 873  3  8  30
10 874  3  8  30
10 875  3  8  30
10 876  3  8  30
10 877  3  8  30
10 878  3  8  30
10 879  3  8  30
10 880  3  8  30
10 881  3  8  30
10 882  3  8  30
10 883  3  8  30
10 884  3  8  30
10 885  3  8  30
10 886  3  8  30
10 887  3  8  28
10 888  3  8  30
10 889  3  8  30
10 890  3  8  30
10 891  3  8  30
10 892  3  8  30
10 893  3  8  30
10 894  3  8  30
10 895  3  8  30
10 896  3  8  30
10 897  3  8  30
10 898  3  8  30
10 899  3  8  30
10 900  3  8  30
10 901  3  8  30
10 902  3  8  30
10 903  3  8  30
10 904  3  8  30
10 905  3  8  28
10 906  3  8  30
10 907  3  8  30
10 908  3  8  30
10 909  3  8  30
10 910  3  8  30
10 911  3  8  30
10 912  3  8  30
10 913  3  8  30
10 914  3  8  30
10 915  3  8  28
10 916  3  8  30
10 917  3  8  30
10 918  3  8  30
10 919  3  8  30
10 920  3  8  30
10 921  3  8  30
10 922  3  8  30
10 923  3  8  30
10 924  3  8  30
10 925  3  8  30
10 926  3  8  30
10 927  3  8  30
10 928  3  8  30
10 929  3  8  30
10 930  3  8  30
10 931  3  8  30
10 932  3  8  30
10 933  3  8  30
10 934  3  8  30
10 935  3  8  30
10 936  3  8  30
10 937  3  8  30
10 938  3  8  30
10 939  3  8  30
10 940  3  8  30
10 941  3  8  30
10 942  3  8  30
10 943  3  8  30
10 944  3  8  30
10 945  3  8  30
10 946  3  8  30
10 947  3  8  30
10 948  3  8  30
10 949  3  8  30
10 950  3  8  30
10 951  3  8  30
10 952  3  8  30
10 953  3  8  30
10 954  3  8  30
10 955  3  8  30
10 956  3  8  30
10 957  3  8  30
10 958  3  8  30
10 959  3  8  30
10 960  3  8  30
10 961  3  8  30
10 962  3  8  28
10 963  3  8  30
10 964  3  8  30
10 965  3  8  30
10 966  3  8  30
10 967  3  8  30
10 968  3  8  30
10 969  3  8  30
10 970  3  8  30
10 971  3  8  30
10 972  3  8  28
10 973  3  8  28
10 974  3  8  30
10 975  3  8  28
10 976  3  8  30
10 977  3  8  30
10 978  3  8  30
10 979  3  8  30
10 980  3  8  28
10 981  3  8  30
10 982  3  8  30
10 983  3  8  30
10 984  3  8  30
10 985  3  8  30
10 986  3  8  30
10 987  3  8  30
10 988  3  8  30
10 989  3  8  30
10 990  3  8  30
10 991  3  8  30
10 992  3  8  30
10 993  3  8  30
10 994  3  8  30
10 995  3  8  30
10 996  3  8  30
10 997  3  8  30
10 998  3  8  30
10 999  3  8  30
10 1000  3  8  30
