2 2 2 4 4 10 12 10 11
2 3 3 1 4 0 8 3 16
2 4 4 2 2 0 4 7 12
2 5 4 2 2 2 4 7 10
2 6 4 2 2 0 4 8 12
2 7 4 2 2 2 4 7 10
2 8 4 2 2 0 4 7 12
2 9 4 2 2 2 4 7 10
2 10 4 2 2 0 4 7 12
2 11 4 2 2 2 4 7 10
2 12 4 2 2 0 4 8 12
2 13 4 2 2 2 4 7 10
2 14 4 2 2 0 4 7 12
2 15 4 2 2 2 4 7 10
2 16 4 2 2 0 4 7 12
2 17 4 2 2 2 4 7 10
2 18 4 2 2 0 4 8 12
2 19 4 2 2 2 4 7 10
2 20 4 2 2 0 4 7 12
2 21 4 2 2 2 4 7 10
2 22 4 2 2 0 4 8 12
2 23 4 2 2 2 4 7 10
2 24 4 2 2 0 4 8 12
2 25 4 2 2 2 4 7 10
2 26 4 2 2 0 4 8 12
2 27 4 2 2 2 4 7 10
2 28 4 2 2 0 4 8 12
2 29 4 2 2 2 4 7 10
2 30 4 2 2 0 4 8 12
2 31 4 2 2 2 4 7 10
2 32 4 2 2 0 4 7 12
2 33 4 2 2 2 4 7 10
2 34 4 2 2 0 4 8 12
2 35 4 2 2 2 4 7 10
2 36 4 2 2 0 4 8 12
2 37 4 2 2 2 4 7 10
2 38 4 2 2 0 4 7 12
2 39 4 2 2 2 4 7 10
2 40 4 2 2 0 4 7 12
2 41 4 2 2 2 4 7 10
2 42 4 2 2 0 4 7 12
2 43 4 2 2 2 4 7 10
2 44 4 2 2 0 4 7 12
2 45 4 2 2 2 4 7 10
2 46 4 2 2 0 4 7 12
2 47 4 2 2 2 4 7 10
2 48 4 2 2 0 4 7 12
2 49 4 2 2 2 4 7 10
2 50 4 2 2 0 4 8 12
2 51 4 2 2 2 4 7 10
2 52 4 2 2 0 4 7 12
2 53 4 2 2 2 4 7 10
2 54 4 2 2 0 4 7 12
2 55 4 2 2 2 4 7 10
2 56 4 2 2 0 4 7 12
2 57 4 2 2 2 4 7 10
2 58 4 2 2 0 4 8 12
2 59 4 2 2 2 4 7 10
2 60 4 2 2 0 4 7 12
2 61 4 2 2 2 4 7 10
2 62 4 2 2 0 4 8 12
2 63 4 2 2 2 4 7 10
2 64 4 2 2 0 4 7 12
2 65 4 2 2 2 4 7 10
2 66 4 2 2 0 4 8 9
2 67 4 2 2 2 4 7 10
2 68 4 2 2 0 4 8 12
2 69 4 2 2 2 4 7 10
2 70 4 2 2 0 4 7 12
2 71 4 2 2 2 4 7 10
2 72 4 2 2 0 4 7 12
2 73 4 2 2 2 4 7 10
2 74 4 2 2 0 4 7 12
2 75 4 2 2 2 4 7 10
2 76 4 2 2 0 4 7 12
2 77 4 2 2 2 4 7 10
2 78 4 2 2 0 4 7 12
2 79 4 2 2 2 4 7 10
2 80 4 2 2 0 4 7 12
2 81 4 2 2 2 4 7 10
2 82 4 2 2 0 4 7 12
2 83 4 2 2 2 4 7 10
2 84 4 2 2 0 4 7 12
2 85 4 2 2 2 4 7 10
2 86 4 2 2 0 4 7 12
2 87 4 2 2 2 4 7 10
2 88 4 2 2 0 4 7 12
2 89 4 2 2 2 4 7 10
2 90 4 2 2 0 4 7 12
2 91 4 2 2 2 4 7 10
2 92 4 2 2 0 4 7 12
2 93 4 2 2 2 4 7 10
2 94 4 2 2 0 4 7 12
2 95 4 2 2 2 4 7 10
2 96 4 2 2 0 4 7 12
2 97 4 2 2 2 4 7 10
2 98 4 2 2 0 4 8 12
2 99 4 2 2 2 4 7 10
2 100 4 2 2 0 4 7 12

3 2 2 12 15 50 66 47 49
3 3 3 8 10 0 36 40 63
3 4 4 6 9 12 18 22 57
3 5 5 3 6 0 24 12 40
3 6 6 3 6 6 18 17 40
3 7 7 2 5 0 14 12 32
3 8 8 2 6 0 12 12 40
3 9 9 1 4 0 12 3 32
3 10 10 1 4 0 10 9 28
3 11 10 2 4 0 12 10 21
3 12 12 2 4 0 8 8 28
3 13 12 1 4 0 12 3 32
3 14 12 2 4 0 8 10 28
3 15 12 2 4 0 10 12 23
3 16 12 2 4 0 8 10 28
3 17 14 1 2 0 4 3 18
3 18 13 2 3 0 6 10 17
3 19 13 2 3 0 6 11 16
3 20 13 2 3 0 6 10 16
3 21 13 2 3 0 8 10 23
3 22 13 2 3 0 8 10 18
3 23 13 2 3 0 8 10 23
3 24 13 2 3 0 8 10 16
3 25 14 1 2 0 4 3 18
3 26 13 2 3 0 6 8 18
3 27 13 2 3 0 6 8 18
3 28 13 2 3 0 6 8 17
3 29 13 2 3 0 6 8 17
3 30 13 2 3 0 4 10 18
3 31 13 2 3 0 6 8 18
3 32 13 2 3 0 6 8 17
3 33 13 2 3 0 6 8 17
3 34 13 2 3 0 6 8 17
3 35 13 2 3 0 6 8 17
3 36 13 2 3 0 6 8 17
3 37 13 2 3 0 6 8 17
3 38 13 2 3 0 6 8 18
3 39 13 2 3 0 4 10 18
3 40 13 2 3 0 6 10 17
3 41 13 2 3 0 6 10 17
3 42 13 2 3 0 8 10 18
3 43 13 2 3 0 8 10 18
3 44 13 2 3 0 8 8 16
3 45 13 2 3 0 8 8 16
3 46 13 2 3 0 6 8 18
3 47 13 2 3 0 6 10 18
3 48 13 2 3 0 6 8 17
3 49 13 2 3 0 6 8 17
3 50 13 2 3 0 6 8 18
3 51 13 2 3 0 6 8 18
3 52 13 2 3 0 8 10 16
3 53 13 2 3 0 8 10 16
3 54 13 2 3 0 8 10 18
3 55 13 2 3 0 8 10 18
3 56 13 2 3 0 8 10 16
3 57 13 2 3 0 8 8 16
3 58 13 2 3 0 6 10 18
3 59 13 2 3 0 8 10 18
3 60 13 2 3 0 6 8 17
3 61 13 2 3 0 6 8 17
3 62 13 2 3 0 6 8 18
3 63 13 2 3 0 6 10 18
3 64 13 2 3 0 6 10 17
3 65 13 2 3 0 6 10 17
3 66 13 2 3 0 6 10 18
3 67 13 2 3 0 6 8 18
3 68 13 2 3 0 6 8 17
3 69 13 2 3 0 6 8 17
3 70 13 2 3 0 4 10 18
3 71 13 2 3 0 8 10 18
3 72 13 2 3 0 6 10 18
3 73 13 2 3 0 6 10 18
3 74 13 2 3 0 6 10 17
3 75 13 2 3 0 6 8 17
3 76 13 2 3 0 6 8 17
3 77 13 2 3 0 6 8 17
3 78 13 2 3 0 6 8 18
3 79 13 2 3 0 6 10 18
3 80 13 2 3 0 6 10 17
3 81 13 2 3 0 6 10 17
3 82 13 2 3 0 6 10 17
3 83 13 2 3 0 6 8 17
3 84 13 2 3 0 6 10 17
3 85 13 2 3 0 6 10 17
3 86 13 2 3 0 8 10 18
3 87 13 2 3 0 8 10 18
3 88 13 2 3 0 6 10 17
3 89 13 2 3 0 6 10 17
3 90 13 2 3 0 6 8 18
3 91 13 2 3 0 6 8 18
3 92 13 2 3 0 6 8 17
3 93 13 2 3 0 6 8 17
3 94 13 2 3 0 6 8 18
3 95 13 2 3 0 6 10 18
3 96 13 2 3 0 6 10 17
3 97 13 2 3 0 6 10 17
3 98 13 2 3 0 6 8 18
3 99 13 2 3 0 6 8 18
3 100 13 2 3 0 8 10 16

4 2 2 32 32 250 252 34 34
4 3 3 20 22 60 136 64 106
4 4 4 16 16 56 104 38 81
4 5 5 12 14 40 60 35 74
4 6 6 10 12 28 60 40 66
4 7 7 8 10 24 48 38 56
4 8 8 8 8 24 32 38 46
4 9 9 6 8 0 32 26 52
4 10 10 6 8 0 32 24 50
4 11 11 4 6 8 20 23 42
4 12 12 4 6 8 20 18 44
4 13 13 4 6 0 20 22 40
4 14 14 4 6 0 16 22 44
4 15 15 4 6 0 20 22 36
4 16 16 4 4 0 12 22 34
4 17 17 2 4 0 12 16 34
4 18 18 2 4 0 12 10 31
4 19 19 2 5 0 10 12 37
4 20 20 2 4 0 12 14 31
4 21 21 1 4 0 12 3 31
4 22 22 1 4 0 12 5 31
4 23 23 1 4 0 12 3 31
4 24 24 1 4 0 12 3 32
4 25 25 1 4 0 12 3 32
4 26 26 1 4 0 12 3 32
4 27 27 1 4 0 12 3 34
4 28 28 2 4 0 12 11 30
4 29 29 1 4 0 8 5 32
4 30 30 2 4 0 12 10 22
4 31 31 1 4 0 12 5 32
4 32 32 2 2 0 4 8 19
4 33 32 2 2 0 4 8 19
4 34 32 2 2 0 4 10 19
4 35 32 2 2 0 4 10 19
4 36 32 2 2 0 4 8 19
4 37 32 2 2 0 4 8 19
4 38 32 2 2 0 4 10 19
4 39 32 2 2 0 4 10 19
4 40 32 2 2 0 4 8 19
4 41 32 2 2 0 4 10 19
4 42 32 2 2 0 4 10 19
4 43 32 2 2 0 4 10 19
4 44 32 2 2 0 4 10 19
4 45 32 2 2 0 4 10 19
4 46 32 2 2 0 4 8 19
4 47 32 2 2 0 4 10 19
4 48 32 2 2 0 4 8 19
4 49 32 2 2 0 4 10 19
4 50 32 2 2 0 4 8 19
4 51 32 2 2 0 4 8 19
4 52 32 2 2 0 4 8 19
4 53 32 2 2 0 4 10 19
4 54 32 2 2 0 4 8 19
4 55 32 2 2 0 4 10 19
4 56 32 2 2 0 4 10 19
4 57 32 2 2 0 4 10 19
4 58 32 2 2 0 4 10 19
4 59 32 2 2 0 4 10 19
4 60 32 2 2 0 4 8 19
4 61 32 2 2 0 4 8 19
4 62 32 2 2 0 4 10 19
4 63 32 2 2 0 4 10 19
4 64 32 2 2 0 4 10 19
4 65 32 2 2 0 4 10 19
4 66 32 2 2 0 4 10 19
4 67 32 2 2 0 4 8 19
4 68 32 2 2 0 4 8 19
4 69 32 2 2 0 4 8 19
4 70 32 2 2 0 4 8 19
4 71 32 2 2 0 4 8 19
4 72 32 2 2 0 4 8 19
4 73 32 2 2 0 4 8 19
4 74 32 2 2 0 4 8 19
4 75 32 2 2 0 4 8 19
4 76 32 2 2 0 4 8 19
4 77 32 2 2 0 4 8 19
4 78 32 2 2 0 4 8 19
4 79 32 2 2 0 4 8 19
4 80 32 2 2 0 4 8 19
4 81 32 2 2 0 4 8 19
4 82 32 2 2 0 4 8 19
4 83 32 2 2 0 4 8 19
4 84 32 2 2 0 4 8 19
4 85 32 2 2 0 4 8 19
4 86 32 2 2 0 4 8 19
4 87 32 2 2 0 4 10 19
4 88 32 2 2 0 4 10 19
4 89 32 2 2 0 4 10 19
4 90 32 2 2 0 4 10 19
4 91 32 2 2 0 4 8 19
4 92 32 2 2 0 4 10 19
4 93 32 2 2 0 4 10 19
4 94 32 2 2 0 4 10 19
4 95 32 2 2 0 4 10 19
4 96 32 2 2 0 4 8 19
4 97 32 2 2 0 4 8 19
4 98 32 2 2 0 4 10 19
4 99 32 2 2 0 4 10 19
4 100 32 2 2 0 4 10 19

5 2 2 62 63 520 530 72 72
5 3 3 41 42 170 276 111 210
5 4 4 30 33 216 242 67 71
5 5 5 24 27 116 192 52 132
5 6 6 20 22 92 136 46 110
5 7 7 16 19 74 104 54 103
5 8 8 14 18 52 104 68 85
5 9 9 12 15 46 70 49 114
5 10 10 12 15 40 70 46 83
5 11 11 10 13 36 64 51 85
5 12 12 10 12 28 52 42 71
5 13 13 8 12 12 56 40 75
5 14 14 8 10 20 40 38 72
5 15 15 8 10 18 40 38 78
5 16 16 6 10 12 48 28 60
5 17 17 6 8 0 32 36 56
5 18 18 6 8 0 32 34 60
5 19 19 6 8 12 32 30 56
5 20 20 6 8 0 32 24 59
5 21 21 5 6 0 24 28 50
5 22 22 4 6 0 20 20 53
5 23 23 4 6 0 20 26 52
5 24 24 4 6 0 20 23 50
5 25 25 4 6 8 20 18 50
5 26 26 4 6 0 24 18 52
5 27 27 4 6 0 20 22 46
5 28 28 4 6 0 20 22 46
5 29 29 3 6 0 20 18 50
5 30 30 3 6 0 20 18 44
5 31 31 3 6 0 20 22 38
5 32 32 2 6 0 20 16 45
5 33 33 2 6 0 20 14 45
5 34 34 2 4 0 12 14 36
5 35 35 2 4 0 12 11 36
5 36 36 2 4 0 12 12 36
5 37 37 2 4 0 12 11 40
5 38 38 1 4 0 12 8 36
5 39 39 1 4 0 12 10 40
5 40 40 2 4 0 12 11 34
5 41 41 1 4 0 12 8 36
5 42 42 1 4 0 12 8 36
5 43 43 1 4 0 12 6 36
5 44 44 1 4 0 12 7 36
5 45 45 1 4 0 12 5 40
5 46 46 1 4 0 12 5 34
5 47 47 1 4 0 12 5 34
5 48 48 1 4 0 12 3 38
5 49 49 1 4 0 12 5 36
5 50 50 1 4 0 12 3 36
5 51 51 1 4 0 12 5 32
5 52 52 1 4 0 12 3 32
5 53 52 1 4 0 12 8 34
5 54 54 1 4 0 12 10 36
5 55 55 1 4 0 12 10 34
5 56 55 1 4 0 12 10 36
5 57 56 1 4 0 12 7 34
5 58 57 1 4 0 12 10 36
5 59 58 1 4 0 12 10 36
5 60 59 2 4 0 8 10 32
5 61 60 2 4 0 8 10 36
5 62 61 2 4 0 12 8 30
5 63 60 1 4 0 12 8 38
5 64 61 2 4 0 12 10 27
5 65 61 1 4 0 12 7 30
5 66 62 2 3 0 6 8 27
5 67 62 2 3 0 4 11 20
5 68 62 2 3 0 6 8 27
5 69 62 2 3 0 6 8 28
5 70 62 2 3 0 6 10 28
5 71 62 1 4 0 8 9 38
5 72 63 1 2 0 4 10 20
5 73 63 1 2 0 4 8 20
5 74 62 2 3 0 6 8 27
5 75 62 2 3 0 6 10 28
5 76 63 1 2 0 4 10 20
5 77 62 2 3 0 6 8 22
5 78 63 1 2 0 4 10 20
5 79 63 1 2 0 4 10 20
5 80 62 2 3 0 4 10 28
5 81 62 2 3 0 6 10 22
5 82 63 1 2 0 4 10 20
5 83 63 1 2 0 4 8 20
5 84 63 1 2 0 4 8 20
5 85 63 1 2 0 4 8 20
5 86 63 1 2 0 4 8 20
5 87 63 1 4 0 8 7 20
5 88 63 1 2 0 4 8 20
5 89 63 1 2 0 4 8 20
5 90 63 1 2 0 4 8 20
5 91 63 1 2 0 4 8 20
5 92 63 1 2 0 4 8 20
5 93 62 2 3 0 6 8 28
5 94 62 2 3 0 6 8 27
5 95 62 2 3 0 6 10 28
5 96 62 2 3 0 6 8 27
5 97 62 2 3 0 6 8 28
5 98 62 2 3 0 6 10 27
5 99 61 2 3 0 8 10 28
5 100 62 2 3 0 6 8 27

6 2 2 108 108 1002 1004 74 74
6 3 3 72 72 620 628 74 108
6 4 4 54 54 324 454 85 199
6 5 5 42 44 206 334 93 191
6 6 6 36 36 208 268 73 149
6 7 7 30 32 144 208 106 164
6 8 8 27 27 150 168 104 114
6 9 9 24 24 92 156 86 136
6 10 10 20 24 84 156 80 110
6 11 11 18 21 84 120 69 105
6 12 12 18 18 66 104 74 108
6 13 13 15 18 44 96 73 108
6 14 14 14 18 60 104 61 100
6 15 15 12 16 40 78 64 102
6 16 16 12 15 38 80 56 94
6 17 17 12 15 0 80 48 109
6 18 18 12 12 24 60 57 94
6 19 19 9 12 24 64 52 106
6 20 20 9 12 18 56 40 82
6 21 21 8 12 0 64 50 84
6 22 22 8 12 18 52 37 84
6 23 23 8 12 0 48 40 81
6 24 24 8 10 0 40 44 81
6 25 25 7 10 0 48 38 81
6 26 26 7 10 14 40 34 78
6 27 27 6 10 14 32 37 70
6 28 28 6 9 8 40 34 68
6 29 29 6 9 12 34 24 67
6 30 30 6 9 0 40 29 78
6 31 31 6 9 0 40 28 64
6 32 32 6 9 0 40 28 71
6 33 33 6 9 0 40 28 65
6 34 34 5 9 0 40 26 72
6 35 35 6 8 0 24 28 68
6 36 36 6 6 0 24 28 58
6 37 37 3 6 0 24 16 52
6 38 38 3 6 0 24 15 56
6 39 39 3 7 0 24 15 56
6 40 40 3 6 0 24 15 56
6 41 41 3 7 0 26 21 58
6 42 42 3 7 0 24 15 56
6 43 43 3 7 0 26 20 56
6 44 44 3 7 0 26 16 54
6 45 45 3 7 0 26 24 52
6 46 46 3 7 0 26 21 50
6 47 47 3 7 0 26 16 49
6 48 48 3 7 0 26 14 56
6 49 49 2 7 0 26 16 56
6 50 50 3 6 0 24 15 58
6 51 51 2 6 0 24 15 52
6 52 52 3 6 0 24 15 53
6 53 53 2 6 0 24 16 48
6 54 54 2 6 0 24 12 48
6 55 55 2 6 0 20 14 48
6 56 56 2 5 0 18 10 46
6 57 57 2 6 0 24 14 50
6 58 58 1 5 0 18 8 40
6 59 59 2 6 0 24 12 46
6 60 60 2 6 0 14 12 46
6 61 61 2 6 0 24 11 50
6 62 62 2 6 0 24 11 50
6 63 63 1 6 0 24 8 56
6 64 64 2 6 0 24 12 50
6 65 65 1 6 0 20 8 50
6 66 66 2 6 0 24 11 50
6 67 67 1 6 0 20 6 40
6 68 68 1 4 0 12 7 40
6 69 69 1 4 0 12 8 40
6 70 70 1 4 0 12 8 40
6 71 71 1 4 0 12 6 36
6 72 72 1 4 0 12 7 40
6 73 73 1 4 0 12 6 40
6 74 74 1 4 0 12 7 40
6 75 75 1 4 0 12 8 40
6 76 76 1 4 0 12 7 36
6 77 77 1 4 0 12 6 40
6 78 75 1 4 0 12 6 36
6 79 76 1 4 0 12 7 40
6 80 76 1 4 0 12 8 40
6 81 77 1 4 0 12 8 40
6 82 77 1 4 0 12 7 40
6 83 81 1 4 0 12 7 36
6 84 80 1 4 0 12 7 38
6 85 79 1 4 0 12 5 40
6 86 81 1 4 0 12 6 40
6 87 81 1 4 0 12 5 40
6 88 80 1 4 0 12 7 38
6 89 83 1 4 0 12 7 40
6 90 86 1 4 0 12 8 40
6 91 89 1 4 0 12 7 40
6 92 92 1 4 0 12 6 36
6 93 92 1 4 0 12 7 40
6 94 94 1 4 0 12 5 40
6 95 93 1 4 0 12 3 40
6 96 96 1 4 0 12 5 40
6 97 96 1 4 0 12 8 36
6 98 97 1 4 0 12 3 36
6 99 96 1 4 0 12 7 36
6 100 96 1 4 0 12 3 36

7 2 2 171 172 1644 1650 114 114
7 3 3 112 117 968 1024 147 199
7 4 4 84 87 744 762 119 133
7 5 5 68 69 440 532 155 254
7 6 6 56 59 358 454 120 220
7 7 7 48 51 272 358 160 221
7 8 8 42 45 270 298 147 171
7 9 9 36 40 188 272 118 204
7 10 10 32 36 168 252 112 188
7 11 11 30 32 128 216 105 180
7 12 12 27 30 138 196 94 174
7 13 13 24 28 100 180 98 152
7 14 14 24 26 92 164 92 146
7 15 15 21 24 82 144 80 144
7 16 16 20 24 98 144 76 116
7 17 17 18 22 86 136 69 128
7 18 18 18 21 66 122 70 126
7 19 19 17 20 66 108 73 122
7 20 20 15 18 44 104 70 132
7 21 21 15 18 34 104 65 130
7 22 22 14 18 20 104 60 121
7 23 23 14 16 46 96 59 106
7 24 24 12 16 30 80 66 134
7 25 25 12 15 40 80 63 97
7 26 26 12 15 34 80 49 95
7 27 27 11 15 0 72 45 106
7 28 28 11 15 0 64 56 110
7 29 29 10 12 0 64 48 109
7 30 30 9 12 28 64 47 92
7 31 31 9 12 14 64 48 84
7 32 32 9 12 0 64 52 89
7 33 33 8 12 16 64 44 84
7 34 34 8 12 12 56 41 94
7 35 35 8 12 18 56 41 84
7 36 36 8 12 0 56 42 86
7 37 37 8 11 0 48 41 81
7 38 38 8 10 0 48 43 88
7 39 39 7 10 0 40 42 81
7 40 40 7 10 14 48 30 78
7 41 41 7 11 8 44 37 88
7 42 42 7 10 12 48 34 78
7 43 43 6 10 0 48 33 76
7 44 44 6 9 0 40 33 72
7 45 45 6 9 0 36 36 74
7 46 46 5 9 0 40 24 66
7 47 47 5 9 0 36 34 67
7 48 48 5 8 0 34 34 68
7 49 49 6 9 0 40 24 68
7 50 50 5 9 0 40 28 69
7 51 51 5 9 0 40 29 84
7 52 52 6 9 0 40 34 78
7 53 53 5 9 0 32 24 78
7 54 54 5 9 0 32 28 70
7 55 55 5 8 0 32 30 66
7 56 56 5 8 0 32 29 60
7 57 57 5 8 0 32 33 60
7 58 58 4 6 0 24 30 58
7 59 59 4 7 0 26 28 58
7 60 60 4 7 8 26 24 56
7 61 61 3 7 0 26 22 56
7 62 62 3 7 0 26 16 58
7 63 63 3 7 0 20 22 58
7 64 64 3 7 0 24 22 56
7 65 65 3 7 0 26 19 56
7 66 66 3 6 0 24 19 60
7 67 67 3 8 0 24 15 58
7 68 68 3 7 0 26 20 58
7 69 69 3 6 0 24 16 54
7 70 70 3 6 0 24 18 58
7 71 71 3 7 0 26 19 58
7 72 72 3 6 0 24 22 56
7 73 73 3 6 0 24 22 54
7 74 74 3 6 0 24 22 56
7 75 75 3 7 0 26 18 58
7 76 76 3 6 0 20 22 52
7 77 77 3 6 0 20 18 60
7 78 78 3 6 0 24 18 56
7 79 79 3 6 0 24 18 56
7 80 80 3 7 0 26 19 58
7 81 81 3 7 0 26 18 58
7 82 82 3 6 0 20 17 57
7 83 83 2 7 0 24 16 58
7 84 84 2 6 0 20 10 52
7 85 85 2 6 0 24 14 56
7 86 86 2 6 0 20 12 56
7 87 87 2 6 0 20 14 52
7 88 88 2 6 0 20 12 45
7 89 89 2 6 0 20 14 49
7 90 90 2 6 0 24 14 56
7 91 91 2 6 0 20 14 52
7 92 92 2 6 0 20 8 52
7 93 93 2 6 0 20 12 52
7 94 94 2 6 0 20 12 52
7 95 95 2 6 0 20 12 58
7 96 96 2 6 0 20 12 48
7 97 97 2 6 0 20 12 45
7 98 98 2 6 0 20 11 54
7 99 99 1 6 0 20 8 48
7 100 100 2 6 0 20 12 52

8 2 2 256 256 2554 2556 130 130
8 3 3 170 172 1568 1636 166 212
8 4 4 128 128 1188 1196 148 153
8 5 5 99 106 756 898 156 352
8 6 6 84 87 484 698 230 347
8 7 7 72 74 504 616 114 266
8 8 8 64 64 448 480 200 212
8 9 9 56 58 372 418 162 234
8 10 10 49 52 292 386 162 268
8 11 11 45 49 234 316 161 242
8 12 12 42 44 246 306 150 206
8 13 13 37 40 224 276 116 180
8 14 14 36 38 180 244 124 240
8 15 15 33 36 168 252 112 196
8 16 16 32 32 128 216 111 192
8 17 17 29 31 154 208 104 156
8 18 18 27 30 122 198 92 153
8 19 19 25 28 98 170 108 172
8 20 20 24 27 98 164 86 164
8 21 21 24 27 116 172 85 150
8 22 22 22 24 88 156 76 160
8 23 23 20 24 50 148 85 151
8 24 24 20 23 64 130 72 154
8 25 25 19 23 68 136 81 130
8 26 26 18 21 70 130 84 144
8 27 27 17 20 72 120 74 134
8 28 28 18 20 46 128 64 152
8 29 29 16 20 56 112 58 120
8 30 30 15 19 56 106 70 116
8 31 31 15 19 56 100 54 134
8 32 32 16 16 56 96 60 112
8 33 33 14 18 52 92 54 114
8 34 34 14 17 46 88 54 112
8 35 35 13 16 48 96 52 112
8 36 36 13 16 0 92 55 106
8 37 37 12 16 36 88 54 102
8 38 38 12 14 36 80 56 102
8 39 39 12 15 0 88 52 104
8 40 40 12 14 24 80 50 108
8 41 41 11 14 24 80 50 122
8 42 42 12 14 40 76 46 92
8 43 43 10 14 0 64 51 108
8 44 44 10 12 0 64 40 94
8 45 45 10 12 0 64 50 88
8 46 46 9 12 26 64 44 92
8 47 47 10 12 26 64 50 92
8 48 48 10 12 26 64 50 88
8 49 49 9 12 26 64 44 92
8 50 50 8 12 28 64 42 92
8 51 51 8 12 26 56 47 92
8 52 52 8 12 24 64 46 86
8 53 53 8 11 24 48 46 86
8 54 54 8 11 12 56 40 82
8 55 55 8 10 16 48 34 82
8 56 56 8 10 12 48 44 80
8 57 57 8 10 12 48 44 80
8 58 58 8 11 12 48 38 80
8 59 59 8 10 16 48 43 80
8 60 60 8 11 16 56 38 80
8 61 61 8 10 12 48 38 75
8 62 62 7 10 16 48 38 80
8 63 63 8 10 16 48 38 68
8 64 64 8 8 24 32 38 64
8 65 65 5 9 10 36 32 70
8 66 66 6 8 0 32 38 68
8 67 67 5 9 10 40 34 70
8 68 68 6 8 0 34 24 70
8 69 69 6 9 0 34 30 68
8 70 70 6 9 0 40 30 76
8 71 71 6 8 0 34 35 76
8 72 72 6 8 0 34 30 76
8 73 73 5 9 0 40 29 64
8 74 74 6 8 12 32 28 64
8 75 75 5 9 0 40 28 70
8 76 76 5 8 0 32 28 64
8 77 77 5 8 0 32 28 68
8 78 78 5 8 0 32 30 68
8 79 79 5 8 0 32 28 68
8 80 80 6 8 0 32 28 64
8 81 81 5 8 0 36 28 69
8 82 82 5 8 0 32 28 60
8 83 83 4 8 0 32 26 64
8 84 84 5 8 0 32 30 64
8 85 85 4 8 0 32 27 64
8 86 86 4 8 0 32 28 60
8 87 87 4 8 0 26 25 60
8 88 88 4 6 0 24 24 60
8 89 89 4 7 0 26 23 60
8 90 90 4 7 0 26 18 60
8 91 91 4 7 0 26 23 60
8 92 92 4 6 0 24 22 56
8 93 93 4 8 0 32 22 60
8 94 94 4 7 0 26 18 60
8 95 95 4 6 0 24 22 60
8 96 96 4 7 0 26 18 58
8 97 97 4 6 0 24 18 60
8 98 98 4 6 0 20 23 60
8 99 99 4 6 0 24 22 60
8 100 100 4 6 0 24 22 60

9 2 2 360 369 3624 3692 227 227
9 3 3 240 246 2340 2432 164 234
9 4 4 180 185 1448 1750 218 511
9 5 5 144 150 1114 1348 169 442
9 6 6 120 123 916 1124 154 374
9 7 7 100 107 748 964 142 320
9 8 8 90 93 646 740 254 311
9 9 9 79 84 560 652 216 295
9 10 10 72 75 470 566 205 338
9 11 11 64 69 368 522 198 312
9 12 12 60 63 312 462 177 294
9 13 13 54 58 278 422 172 300
9 14 14 50 54 310 384 157 250
9 15 15 47 51 244 348 158 300
9 16 16 44 47 204 328 153 248
9 17 17 42 44 228 292 144 248
9 18 18 39 42 164 296 124 240
9 19 19 37 40 150 280 123 227
9 20 20 35 38 156 252 120 236
9 21 21 33 36 132 256 110 216
9 22 22 31 36 118 244 112 216
9 23 23 30 33 114 226 105 200
9 24 24 28 32 118 208 103 190
9 25 25 27 30 124 200 102 200
9 26 26 26 30 100 184 104 184
9 27 27 25 28 98 176 109 182
9 28 28 24 28 92 180 86 190
9 29 29 24 27 98 164 85 160
9 30 30 23 26 80 162 85 186
9 31 31 22 25 82 156 86 160
9 32 32 21 24 82 156 80 160
9 33 33 21 24 80 146 94 162
9 34 34 20 23 72 148 74 152
9 35 35 20 23 68 136 68 156
9 36 36 18 22 72 136 68 140
9 37 37 17 21 62 130 69 140
9 38 38 17 21 60 130 66 154
9 39 39 16 21 60 126 60 136
9 40 40 18 21 60 122 69 142
9 41 41 16 20 56 122 63 128
9 42 42 16 20 56 108 62 136
9 43 43 15 18 44 104 54 140
9 44 44 15 18 44 104 59 132
9 45 45 15 18 20 104 60 132
9 46 46 14 18 44 104 54 126
9 47 47 14 18 20 104 60 124
9 48 48 14 18 44 104 59 122
9 49 49 13 16 38 96 58 124
9 50 50 13 16 44 92 54 120
9 51 51 13 16 44 88 62 108
9 52 52 12 16 40 88 56 114
9 53 53 12 16 24 88 54 113
9 54 54 12 15 40 80 46 108
9 55 55 12 15 36 88 55 112
9 56 56 12 15 40 78 54 114
9 57 57 11 15 40 80 56 101
9 58 58 12 15 40 80 54 116
9 59 59 12 14 40 74 52 103
9 60 60 12 14 24 72 51 106
9 61 61 10 12 28 64 46 98
9 62 62 10 13 30 68 52 106
9 63 63 9 12 34 64 46 96
9 64 64 10 13 28 64 51 92
9 65 65 9 12 0 64 44 98
9 66 66 9 12 28 64 42 100
9 67 67 9 12 18 64 49 112
9 68 68 9 12 18 64 48 92
9 69 69 9 12 14 64 48 92
9 70 70 9 12 14 64 41 86
9 71 71 9 12 18 64 48 96
9 72 72 9 12 14 64 46 100
9 73 73 8 11 20 48 41 100
9 74 74 8 12 16 64 46 88
9 75 75 8 12 16 64 41 86
9 76 76 8 12 12 56 46 86
9 77 77 8 12 0 56 41 86
9 78 78 8 12 12 52 44 92
9 79 79 8 12 18 48 38 90
9 80 80 8 11 16 48 43 84
9 81 81 8 10 0 48 44 96
9 82 82 7 11 0 56 37 84
9 83 83 8 10 0 48 35 98
9 84 84 8 10 12 48 40 88
9 85 85 8 10 0 48 38 84
9 86 86 7 10 0 48 33 80
9 87 87 7 11 14 48 38 82
9 88 88 7 10 0 48 44 80
9 89 89 7 10 12 46 38 84
9 90 90 6 10 0 48 36 76
9 91 91 6 10 16 36 40 79
9 92 92 6 10 0 40 34 76
9 93 93 6 9 12 36 34 76
9 94 94 6 9 0 36 30 78
9 95 95 5 10 0 40 34 80
9 96 96 5 9 0 40 24 76
9 97 97 5 10 0 48 30 76
9 98 98 5 9 4 36 24 76
9 99 99 5 9 0 38 30 76
9 100 100 5 9 0 34 32 84

10 2 2 500 500 5194 5196 202 202
10 3 3 330 335 2810 3258 227 779
10 4 4 250 250 2464 2474 227 232
10 5 5 198 204 1662 1940 204 538
10 6 6 165 170 1138 1506 234 557
10 7 7 141 144 1098 1348 180 401
10 8 8 125 125 990 1040 326 340
10 9 9 108 114 826 954 271 361
10 10 10 100 100 674 816 265 396
10 11 11 89 94 628 780 229 364
10 12 12 81 85 532 674 219 336
10 13 13 74 80 514 612 210 330
10 14 14 69 74 422 554 201 356
10 15 15 64 69 448 526 189 278
10 16 16 62 63 384 476 181 304
10 17 17 57 60 316 464 172 360
10 18 18 54 58 300 426 168 292
10 19 19 50 54 266 386 172 295
10 20 20 50 50 210 352 163 300
10 21 21 45 50 210 356 138 280
10 22 22 44 48 244 340 133 242
10 23 23 41 45 204 306 138 244
10 24 24 40 44 176 310 127 260
10 25 25 38 42 156 310 124 248
10 26 26 37 40 188 276 122 254
10 27 27 35 40 168 276 126 214
10 28 28 33 38 186 252 118 212
10 29 29 32 36 156 252 128 210
10 30 30 32 35 128 236 94 228
10 31 31 30 34 136 232 109 202
10 32 32 30 33 118 226 103 204
10 33 33 28 33 118 212 95 180
10 34 34 28 31 108 196 104 200
10 35 35 27 30 132 196 90 196
10 36 36 26 30 140 208 96 150
10 37 37 25 28 108 182 92 177
10 38 38 24 28 92 182 110 192
10 39 39 24 27 102 172 82 196
10 40 40 24 27 72 172 86 176
10 41 41 22 27 78 168 88 177
10 42 42 22 26 90 160 85 162
10 43 43 21 26 92 160 80 170
10 44 44 21 24 88 156 79 168
10 45 45 20 24 70 152 85 156
10 46 46 20 24 72 144 68 152
10 47 47 20 24 72 142 67 150
10 48 48 20 22 72 128 86 140
10 49 49 18 22 68 140 68 142
10 50 50 18 22 68 130 68 140
10 51 51 18 22 68 130 75 136
10 52 52 17 21 66 132 76 150
10 53 53 17 21 66 124 75 138
10 54 54 18 21 46 120 68 152
10 55 55 16 21 60 116 63 136
10 56 56 16 19 52 106 67 132
10 57 57 16 19 48 112 54 132
10 58 58 15 19 44 104 60 132
10 59 59 15 18 44 104 60 123
10 60 60 15 18 48 104 59 132
10 61 61 15 18 52 104 60 123
10 62 62 14 18 42 104 60 132
10 63 63 14 18 46 104 68 120
10 64 64 14 18 52 104 68 120
10 65 65 14 18 46 104 64 120
10 66 66 13 18 42 104 59 118
10 67 67 13 17 46 96 58 120
10 68 68 13 17 46 96 64 122
10 69 69 13 17 42 96 57 136
10 70 70 12 16 44 82 58 116
10 71 71 12 16 42 88 60 112
10 72 72 12 16 42 88 60 136
10 73 73 12 16 40 88 46 136
10 74 74 12 15 38 80 51 122
10 75 75 12 15 38 80 52 106
10 76 76 11 15 38 80 52 122
10 77 77 12 16 40 80 46 120
10 78 78 12 15 28 80 46 122
10 79 79 12 15 40 80 51 122
10 80 80 12 15 20 80 52 122
10 81 81 11 15 34 80 52 122
10 82 82 10 15 38 72 51 103
10 83 83 10 15 22 80 50 105
10 84 84 10 14 12 66 46 101
10 85 85 10 14 12 68 50 101
10 86 86 10 14 20 64 46 112
10 87 87 9 13 20 64 56 104
10 88 88 10 13 26 64 48 112
10 89 89 9 13 20 64 40 98
10 90 90 9 13 18 64 48 93
10 91 91 9 13 18 64 48 93
10 92 92 9 12 16 64 52 100
10 93 93 9 12 16 64 48 100
10 94 94 9 12 12 64 44 100
10 95 95 9 12 12 64 44 98
10 96 96 9 12 18 64 50 98
10 97 97 9 12 18 64 42 92
10 98 98 9 12 16 64 50 100
10 99 99 8 12 18 64 48 100
10 100 100 8 12 12 64 46 88

11 2 2 660 671 6868 7020 313 316
11 3 3 437 450 4258 4546 358 459
11 4 4 330 336 2764 3354 318 764
11 5 5 261 272 2144 2614 275 674
11 6 6 216 225 1792 2124 282 592
11 7 7 188 194 1572 1632 423 517
11 8 8 165 168 1326 1434 398 464
11 9 9 144 150 1138 1292 346 436
11 10 10 129 136 982 1160 300 450
11 11 11 120 125 888 994 276 460
11 12 12 110 114 822 964 274 444
11 13 13 100 107 674 858 269 386
11 14 14 91 98 612 798 236 394
11 15 15 86 90 494 720 227 440
11 16 16 81 85 570 650 232 376
11 17 17 76 81 478 652 219 350
11 18 18 71 76 390 592 198 464
11 19 19 66 72 324 572 186 390
11 20 20 64 69 356 504 194 334
11 21 21 61 66 346 508 175 332
11 22 22 58 63 256 490 166 336
11 23 23 56 60 272 456 179 338
11 24 24 54 58 236 412 163 313
11 25 25 51 55 226 406 158 306
11 26 26 50 54 260 420 145 300
11 27 27 47 51 246 360 151 264
11 28 28 46 50 204 376 144 279
11 29 29 44 48 176 360 135 268
11 30 30 42 47 166 336 135 252
11 31 31 41 45 212 312 140 252
11 32 32 39 43 172 310 143 260
11 33 33 38 42 172 304 136 239
11 34 34 36 42 180 310 118 240
11 35 35 36 41 176 278 125 240
11 36 36 36 39 164 272 106 252
11 37 37 34 39 166 278 108 236
11 38 38 32 36 134 252 100 240
11 39 39 32 37 168 252 112 236
11 40 40 32 35 134 244 103 234
11 41 41 30 35 118 244 119 212
11 42 42 30 33 124 226 90 200
11 43 43 30 33 114 226 100 204
11 44 44 30 33 118 208 89 216
11 45 45 27 31 118 200 98 188
11 46 46 27 30 108 208 95 185
11 47 47 26 30 90 208 94 222
11 48 48 26 30 102 208 94 184
11 49 49 25 30 100 198 90 198
11 50 50 24 29 102 182 85 196
11 51 51 24 28 106 192 88 191
11 52 52 24 27 72 168 88 176
11 53 53 23 27 88 172 86 180
11 54 54 23 27 72 172 75 174
11 55 55 22 27 92 164 86 180
11 56 56 22 26 94 160 90 164
11 57 57 21 25 82 156 84 162
11 58 58 21 24 80 156 80 152
11 59 59 20 24 72 144 80 156
11 60 60 20 24 88 144 87 160
11 61 61 20 24 72 144 87 156
11 62 62 19 24 72 144 73 146
11 63 63 19 24 72 156 80 154
11 64 64 19 23 68 134 80 156
11 65 65 18 23 72 140 76 143
11 66 66 18 22 62 140 76 148
11 67 67 18 22 68 128 69 152
11 68 68 18 21 66 130 76 150
11 69 69 18 21 66 130 69 144
11 70 70 17 21 66 122 69 152
11 71 71 17 21 66 130 69 144
11 72 72 18 21 60 130 69 144
11 73 73 16 21 66 114 69 144
11 74 74 16 21 56 112 60 136
11 75 75 15 19 62 104 60 134
11 76 76 15 18 64 104 69 124
11 77 77 15 20 56 112 69 128
11 78 78 15 18 50 104 59 152
11 79 79 15 18 46 108 70 138
11 80 80 15 18 44 104 70 152
11 81 81 14 18 52 104 64 132
11 82 82 14 18 48 104 59 132
11 83 83 14 18 44 104 64 121
11 84 84 14 18 34 104 64 132
11 85 85 14 18 38 104 68 121
11 86 86 14 18 34 104 64 140
11 87 87 14 18 44 98 65 126
11 88 88 14 18 22 104 60 134
11 89 89 14 17 36 96 65 132
11 90 90 13 16 20 88 62 118
11 91 91 12 16 40 88 65 126
11 92 92 12 16 28 96 56 118
11 93 93 12 16 28 84 56 132
11 94 94 12 16 40 88 52 126
11 95 95 12 16 40 88 59 122
11 96 96 12 15 38 80 58 118
11 97 97 12 16 14 80 56 132
11 98 98 12 15 30 80 51 144
11 99 99 12 15 32 80 64 119
11 100 100 12 15 38 80 51 116

12 2 2 864 864 9210 9212 290 293
12 3 3 575 577 5836 5978 394 419
12 4 4 432 432 4420 4432 322 327
12 5 5 338 351 2814 3466 330 944
12 6 6 288 288 2504 2848 278 640
12 7 7 240 252 1956 2252 476 685
12 8 8 216 216 1848 1920 482 498
12 9 9 189 195 1546 1738 390 573
12 10 10 169 178 1280 1496 399 570
12 11 11 154 161 1224 1400 348 499
12 12 12 144 144 1080 1260 306 480
12 13 13 131 135 956 1122 336 518
12 14 14 120 126 784 1060 320 526
12 15 15 112 117 854 976 267 392
12 16 16 108 108 864 900 263 345
12 17 17 100 104 712 852 274 442
12 18 18 94 99 574 798 235 484
12 19 19 90 94 550 750 222 426
12 20 20 84 88 436 702 248 418
12 21 21 80 84 408 672 206 504
12 22 22 76 81 508 650 187 368
12 23 23 72 78 384 600 194 480
12 24 24 72 72 312 580 188 432
12 25 25 66 72 352 580 176 366
12 26 26 66 69 386 518 174 338
12 27 27 62 66 382 514 187 306
12 28 28 60 63 366 504 159 314
12 29 29 57 61 330 464 149 284
12 30 30 56 60 342 456 166 284
12 31 31 54 59 310 448 146 296
12 32 32 54 54 324 420 147 270
12 33 33 51 54 298 412 150 290
12 34 34 48 53 306 394 137 282
12 35 35 47 52 248 392 150 288
12 36 36 47 49 244 368 134 296
12 37 37 44 48 224 368 133 288
12 38 38 44 48 224 346 132 276
12 39 39 42 47 202 330 138 282
12 40 40 42 44 202 324 130 292
12 41 41 40 44 198 312 128 288
12 42 42 39 43 170 316 124 262
12 43 43 38 43 154 320 121 236
12 44 44 38 41 160 288 121 244
12 45 45 36 41 148 288 120 230
12 46 46 36 40 144 292 109 222
12 47 47 36 39 144 270 128 226
12 48 48 36 36 144 260 100 240
12 49 49 33 36 144 260 106 240
12 50 50 33 37 144 266 98 234
12 51 51 32 36 138 252 123 240
12 52 52 32 35 144 232 99 199
12 53 53 31 35 134 228 99 230
12 54 54 29 34 128 244 99 214
12 55 55 29 34 118 226 122 204
12 56 56 30 33 136 226 113 189
12 57 57 28 33 114 226 98 186
12 58 58 27 32 142 218 98 186
12 59 59 27 31 122 208 93 186
12 60 60 27 31 114 208 90 182
12 61 61 26 30 128 200 109 186
12 62 62 27 30 108 200 104 194
12 63 63 26 30 118 198 109 170
12 64 64 27 27 150 168 104 156
12 65 65 24 27 132 168 104 173
12 66 66 24 27 110 174 97 176
12 67 67 24 28 78 172 98 186
12 68 68 24 27 102 176 104 159
12 69 69 23 28 98 174 96 208
12 70 70 23 27 84 174 92 167
12 71 71 23 27 84 172 100 196
12 72 72 24 24 92 156 86 172
12 73 73 21 24 92 156 86 172
12 74 74 21 25 82 156 79 172
12 75 75 21 25 92 156 78 172
12 76 76 21 24 78 156 84 160
12 77 77 20 25 78 156 84 170
12 78 78 20 24 78 156 83 172
12 79 79 20 24 78 156 86 172
12 80 80 20 24 72 156 84 172
12 81 81 20 24 60 156 78 160
12 82 82 19 24 78 148 84 162
12 83 83 18 24 66 140 82 156
12 84 84 18 23 74 140 76 154
12 85 85 18 22 70 140 81 160
12 86 86 18 22 68 132 75 156
12 87 87 18 22 72 140 74 150
12 88 88 18 22 66 132 78 148
12 89 89 18 22 72 130 69 140
12 90 90 18 21 66 130 71 148
12 91 91 17 21 66 130 69 144
12 92 92 18 21 66 130 69 148
12 93 93 18 21 62 130 74 147
12 94 94 18 21 66 120 76 144
12 95 95 18 21 66 122 75 144
12 96 96 18 18 66 104 78 132
12 97 97 15 18 66 104 76 132
12 98 98 15 19 60 104 60 132
12 99 99 15 19 62 104 59 132
12 100 100 15 19 56 104 76 141

13 2 2 1092 1105 11726 11874 365 365
13 3 3 728 735 7456 7640 534 554
13 4 4 546 559 5656 5774 377 430
13 5 5 435 449 3558 4436 341 1122
13 6 6 360 370 3228 3696 322 797
13 7 7 310 322 2764 3076 286 694
13 8 8 270 282 2368 2560 561 625
13 9 9 240 248 1984 2264 484 626
13 10 10 216 224 1690 1976 487 684
13 11 11 196 206 1498 1730 440 644
13 12 12 180 190 1396 1572 513 600
13 13 13 165 172 1248 1504 381 556
13 14 14 153 161 1204 1370 352 488
13 15 15 142 151 1080 1248 337 602
13 16 16 135 140 998 1184 323 600
13 17 17 126 132 888 1120 317 547
13 18 18 118 125 782 1072 287 484
13 19 19 111 120 780 1000 284 526
13 20 20 106 114 712 922 284 488
13 21 21 100 108 644 890 284 510
13 22 22 96 104 550 858 271 463
13 23 23 92 100 538 800 231 558
13 24 24 90 95 572 766 236 434
13 25 25 84 90 504 720 227 442
13 26 26 83 87 368 684 234 469
13 27 27 78 84 446 646 218 438
13 28 28 75 81 484 638 192 388
13 29 29 72 78 462 610 212 386
13 30 30 71 76 448 580 188 378
13 31 31 68 72 426 580 188 374
13 32 32 66 72 446 580 188 332
13 33 33 63 70 408 540 178 334
13 34 34 63 67 372 508 177 344
13 35 35 60 66 326 518 170 404
13 36 36 59 63 346 490 160 356
13 37 37 57 63 368 464 174 306
13 38 38 55 60 280 464 173 336
13 39 39 54 59 280 456 147 320
13 40 40 53 57 256 432 147 322
13 41 41 52 54 250 410 139 352
13 42 42 49 55 226 414 141 321
13 43 43 49 54 208 406 144 346
13 44 44 48 53 208 402 150 316
13 45 45 47 52 248 380 128 288
13 46 46 45 50 228 386 138 276
13 47 47 45 49 232 368 146 320
13 48 48 43 48 200 346 135 286
13 49 49 43 47 224 340 120 268
13 50 50 42 46 170 330 130 250
13 51 51 41 45 202 336 120 288
13 52 52 41 45 202 312 127 259
13 53 53 39 44 170 310 130 264
13 54 54 39 43 170 312 121 236
13 55 55 37 42 192 302 126 254
13 56 56 37 42 188 290 122 224
13 57 57 36 41 180 292 120 244
13 58 58 36 40 180 284 130 242
13 59 59 36 39 144 270 105 246
13 60 60 36 39 180 270 123 216
13 61 61 33 38 174 260 123 216
13 62 62 33 37 182 260 123 206
13 63 63 32 36 168 252 116 220
13 64 64 33 36 166 252 121 196
13 65 65 32 36 146 252 114 212
13 66 66 30 36 164 252 114 232
13 67 67 30 36 138 236 115 254
13 68 68 30 35 132 232 111 212
13 69 69 30 34 128 226 112 220
13 70 70 29 34 110 232 110 224
13 71 71 29 33 146 226 104 224
13 72 72 28 33 118 226 106 218
13 73 73 27 33 122 218 100 218
13 74 74 27 32 128 216 111 188
13 75 75 27 31 108 208 106 218
13 76 76 27 31 108 208 104 218
13 77 77 26 31 118 208 109 212
13 78 78 27 31 118 208 88 208
13 79 79 26 30 108 200 103 198
13 80 80 26 30 108 200 100 190
13 81 81 25 30 108 196 103 191
13 82 82 24 30 92 200 95 200
13 83 83 24 29 92 182 98 196
13 84 84 24 28 88 180 92 200
13 85 85 24 28 98 192 92 194
13 86 86 24 28 92 174 102 184
13 87 87 24 28 92 180 86 196
13 88 88 23 28 92 180 85 188
13 89 89 24 27 92 174 85 182
13 90 90 22 27 92 170 85 182
13 91 91 22 27 92 170 85 178
13 92 92 21 26 92 160 84 182
13 93 93 21 25 90 160 84 176
13 94 94 21 26 86 164 86 168
13 95 95 21 25 92 156 86 172
13 96 96 21 26 80 156 80 176
13 97 97 21 25 78 156 80 176
13 98 98 20 24 72 156 83 164
13 99 99 20 24 76 156 83 164
13 100 100 20 24 72 156 82 172

14 2 2 1372 1372 14890 14892 394 394
14 3 3 910 918 8526 9544 484 1600
14 4 4 686 686 7200 7214 433 438
14 5 5 546 559 4980 5774 418 1038
14 6 6 455 462 3786 4578 426 1125
14 7 7 390 396 3560 3888 386 798
14 8 8 343 343 3094 3192 668 686
14 9 9 300 309 2558 2824 586 855
14 10 10 270 280 2336 2524 521 706
14 11 11 244 255 2080 2284 497 671
14 12 12 224 231 1884 2086 483 668
14 13 13 204 218 1656 1950 474 640
14 14 14 194 198 1498 1740 410 603
14 15 15 180 188 1402 1662 370 624
14 16 16 171 172 1324 1504 381 636
14 17 17 158 167 1250 1446 346 562
14 18 18 148 156 944 1356 343 696
14 19 19 140 148 1042 1252 356 612
14 20 20 134 140 870 1178 338 628
14 21 21 126 135 924 1152 312 574
14 22 22 121 127 838 1042 291 566
14 23 23 117 121 804 1002 293 512
14 24 24 112 117 580 936 269 550
14 25 25 106 114 686 960 266 522
14 26 26 102 108 674 914 248 476
14 27 27 97 105 644 880 246 486
14 28 28 96 100 630 782 262 462
14 29 29 92 98 652 798 244 420
14 30 30 90 94 616 768 222 400
14 31 31 86 91 546 744 232 401
14 32 32 84 87 546 690 194 408
14 33 33 80 86 560 696 202 382
14 34 34 78 84 544 674 222 362
14 35 35 75 81 468 640 207 368
14 36 36 74 78 504 620 183 384
14 37 37 72 79 422 610 186 369
14 38 38 69 75 440 596 188 374
14 39 39 68 74 322 580 179 404
14 40 40 66 70 440 544 177 328
14 41 41 64 69 398 544 174 378
14 42 42 64 67 372 534 180 340
14 43 43 60 66 382 490 180 318
14 44 44 60 64 332 490 186 312
14 45 45 58 64 336 480 170 303
14 46 46 57 62 256 472 165 349
14 47 47 56 60 324 478 154 310
14 48 48 56 59 324 446 167 306
14 49 49 54 58 324 434 147 306
14 50 50 52 57 328 418 150 296
14 51 51 51 57 236 432 163 332
14 52 52 51 56 310 414 144 284
14 53 53 49 54 302 414 143 296
14 54 54 48 53 296 384 160 298
14 55 55 48 52 228 394 139 280
14 56 56 48 51 270 380 157 264
14 57 57 45 51 232 362 152 275
14 58 58 45 50 228 366 137 276
14 59 59 44 48 244 352 131 262
14 60 60 44 48 244 348 135 284
14 61 61 42 48 228 348 155 280
14 62 62 42 47 234 340 154 268
14 63 63 41 46 214 322 144 252
14 64 64 42 45 230 322 127 240
14 65 65 40 45 222 322 143 242
14 66 66 39 43 208 310 125 238
14 67 67 39 43 170 304 140 276
14 68 68 39 42 158 296 132 276
14 69 69 36 43 166 296 143 280
14 70 70 36 42 164 288 123 254
14 71 71 36 41 178 288 116 256
14 72 72 36 40 160 288 116 276
14 73 73 36 40 126 288 129 258
14 74 74 36 39 150 280 123 240
14 75 75 35 39 144 280 120 252
14 76 76 34 39 98 278 113 262
14 77 77 33 39 130 280 121 256
14 78 78 33 38 132 252 114 244
14 79 79 32 37 134 252 120 252
14 80 80 32 36 164 252 110 230
14 81 81 32 36 144 252 108 226
14 82 82 31 36 128 252 113 246
14 83 83 30 36 154 236 112 230
14 84 84 30 35 124 244 115 222
14 85 85 29 35 122 226 110 230
14 86 86 29 35 128 226 104 232
14 87 87 30 34 118 226 98 214
14 88 88 29 33 118 226 112 224
14 89 89 29 33 118 226 102 218
14 90 90 28 33 118 226 102 208
14 91 91 27 33 108 218 114 212
14 92 92 27 32 118 216 90 224
14 93 93 27 32 106 216 95 202
14 94 94 27 31 108 208 90 212
14 95 95 27 31 108 208 96 212
14 96 96 27 31 118 208 100 212
14 97 97 27 31 108 200 105 206
14 98 98 26 31 84 208 102 210
14 99 99 25 31 84 208 100 208
14 100 100 25 30 108 200 94 196

15 2 2 1680 1695 18330 18502 481 481
15 3 3 1120 1130 11940 12056 452 679
15 4 4 840 855 8896 9032 496 557
15 5 5 672 678 6328 7030 479 1200
15 6 6 560 567 4784 5868 424 1302
15 7 7 478 488 4132 4636 803 1081
15 8 8 416 428 3866 4034 768 827
15 9 9 365 383 3216 3528 708 1036
15 10 10 332 343 2830 3192 618 942
15 11 11 300 314 2560 2900 541 896
15 12 12 280 285 2336 2480 700 790
15 13 13 252 266 2172 2426 486 809
15 14 14 236 245 1984 2190 477 672
15 15 15 223 231 1724 2044 440 800
15 16 16 208 219 1770 1924 418 579
15 17 17 196 206 1682 1772 412 569
15 18 18 182 192 1356 1672 398 725
15 19 19 171 184 1196 1602 368 696
15 20 20 168 173 1224 1492 394 702
15 21 21 155 165 1050 1432 348 582
15 22 22 149 159 1148 1364 336 634
15 23 23 141 153 1054 1320 306 574
15 24 24 137 145 806 1254 304 645
15 25 25 129 140 966 1188 309 526
15 26 26 124 132 884 1114 299 596
15 27 27 120 130 902 1066 294 486
15 28 28 117 125 832 1012 297 524
15 29 29 113 121 632 1016 278 545
15 30 30 108 117 774 984 262 496
15 31 31 105 112 710 952 244 468
15 32 32 101 111 674 902 241 472
15 33 33 98 108 718 880 233 528
15 34 34 95 105 650 862 244 480
15 35 35 93 99 660 812 209 456
15 36 36 90 97 600 778 242 468
15 37 37 89 95 588 760 229 446
15 38 38 84 94 566 756 228 442
15 39 39 84 92 560 736 233 446
15 40 40 82 87 500 698 200 470
15 41 41 79 85 478 696 202 428
15 42 42 77 84 462 670 219 454
15 43 43 76 83 464 636 211 420
15 44 44 72 81 432 646 208 394
15 45 45 72 80 404 624 193 411
15 46 46 70 76 388 608 192 360
15 47 47 68 75 360 606 188 428
15 48 48 67 74 374 588 189 380
15 49 49 65 72 410 552 188 368
15 50 50 64 71 364 562 187 378
15 51 51 63 70 380 542 180 376
15 52 52 63 69 316 544 170 356
15 53 53 60 67 368 516 180 338
15 54 54 59 65 348 520 199 314
15 55 55 57 64 352 484 170 328
15 56 56 57 63 320 470 186 372
15 57 57 56 62 354 464 168 336
15 58 58 54 60 320 456 170 352
15 59 59 54 61 324 464 174 298
15 60 60 54 59 292 446 166 302
15 61 61 52 58 312 444 150 298
15 62 62 51 56 308 408 180 282
15 63 63 52 56 306 428 172 282
15 64 64 50 56 302 408 160 284
15 65 65 49 55 290 406 167 332
15 66 66 48 54 284 406 143 292
15 67 67 48 54 288 398 157 276
15 68 68 48 52 288 390 164 278
15 69 69 46 52 200 372 158 289
15 70 70 45 51 270 374 146 292
15 71 71 45 50 244 366 138 296
15 72 72 45 50 244 358 140 292
15 73 73 44 49 238 348 146 282
15 74 74 43 48 226 352 154 266
15 75 75 42 48 226 340 142 290
15 76 76 42 48 208 322 144 292
15 77 77 42 47 208 322 150 274
15 78 78 41 46 166 332 149 276
15 79 79 40 46 212 328 142 268
15 80 80 40 44 164 310 148 290
15 81 81 39 44 168 314 133 280
15 82 82 38 44 180 310 124 266
15 83 83 37 43 164 304 124 272
15 84 84 38 43 148 300 116 276
15 85 85 37 42 164 304 126 296
15 86 86 37 42 160 294 120 264
15 87 87 36 42 154 294 126 270
15 88 88 36 40 154 288 126 276
15 89 89 36 40 158 288 121 260
15 90 90 35 40 154 280 118 264
15 91 91 35 40 144 288 123 256
15 92 92 34 39 146 280 115 244
15 93 93 33 39 144 270 113 270
15 94 94 33 39 144 280 121 252
15 95 95 33 38 144 264 121 248
15 96 96 33 38 168 260 117 236
15 97 97 32 37 122 260 117 248
15 98 98 32 36 144 252 122 240
15 99 99 31 37 128 262 116 238
15 100 100 31 36 128 252 112 232

16 2 2 2048 2048 22522 22524 514 514
16 3 3 1360 1368 14474 14782 624 718
16 4 4 1024 1024 10948 10964 560 565
16 5 5 816 824 7784 8570 550 1450
16 6 6 680 688 6438 7130 486 1187
16 7 7 576 600 5428 5990 480 1071
16 8 8 512 512 4800 4928 884 904
16 9 9 448 466 4172 4392 735 1028
16 10 10 408 415 3720 3938 660 922
16 11 11 363 384 3124 3470 633 978
16 12 12 336 344 2856 3198 640 886
16 13 13 308 321 2642 2914 599 846
16 14 14 288 300 2482 2690 549 780
16 15 15 267 279 2206 2586 484 904
16 16 16 256 256 1984 2352 484 848
16 17 17 234 247 1840 2230 448 944
16 18 18 224 235 1744 2090 432 872
16 19 19 209 222 1546 1966 411 876
16 20 20 201 209 1504 1862 436 820
16 21 21 190 199 1514 1772 383 670
16 22 22 183 191 1338 1718 382 686
16 23 23 174 182 1286 1550 374 738
16 24 24 168 174 1282 1532 347 622
16 25 25 161 169 1198 1478 348 600
16 26 26 153 161 1148 1428 326 592
16 27 27 147 157 966 1332 341 606
16 28 28 144 151 1092 1316 334 546
16 29 29 138 146 998 1260 306 540
16 30 30 133 140 1000 1224 282 524
16 31 31 128 136 944 1202 274 534
16 32 32 127 129 944 1120 272 496
16 33 33 120 130 780 1078 260 528
16 34 34 118 124 776 1052 264 514
16 35 35 112 122 820 1022 256 516
16 36 36 112 119 806 1012 248 530
16 37 37 108 116 710 964 255 481
16 38 38 105 112 688 942 254 470
16 39 39 99 110 674 900 250 456
16 40 40 99 106 698 878 238 512
16 41 41 96 106 630 880 230 442
16 42 42 95 100 608 836 236 450
16 43 43 91 98 572 800 222 446
16 44 44 90 96 608 786 221 450
16 45 45 87 95 584 792 224 460
16 46 46 87 93 526 772 228 432
16 47 47 84 91 484 738 223 448
16 48 48 84 87 484 710 204 444
16 49 49 80 87 548 700 238 444
16 50 50 78 85 498 696 198 398
16 51 51 76 84 510 666 195 418
16 52 52 75 82 422 656 194 394
16 53 53 73 81 412 638 184 461
16 54 54 72 79 462 638 188 414
16 55 55 70 78 448 610 208 388
16 56 56 72 76 448 592 164 384
16 57 57 69 76 394 580 197 430
16 58 58 68 73 472 562 184 332
16 59 59 66 72 410 562 172 348
16 60 60 65 72 442 542 166 338
16 61 61 64 70 426 552 182 353
16 62 62 64 68 426 528 198 310
16 63 63 63 68 424 518 156 344
16 64 64 62 66 386 502 186 356
16 65 65 60 66 394 498 159 332
16 66 66 58 65 372 518 188 320
16 67 67 59 64 364 480 178 324
16 68 68 58 63 350 474 186 348
16 69 69 57 63 316 466 178 314
16 70 70 56 61 254 458 168 398
16 71 71 55 60 290 464 187 307
16 72 72 55 59 332 446 168 344
16 73 73 54 59 306 446 166 308
16 74 74 52 58 332 438 164 328
16 75 75 51 57 268 428 166 332
16 76 76 51 56 304 410 161 324
16 77 77 50 56 288 412 162 322
16 78 78 49 55 288 414 165 318
16 79 79 49 55 288 406 154 316
16 80 80 49 53 290 386 166 296
16 81 81 48 53 266 384 151 282
16 82 82 48 53 280 396 152 300
16 83 83 47 52 244 384 152 294
16 84 84 46 51 204 394 150 292
16 85 85 45 51 234 376 144 328
16 86 86 45 50 208 368 149 277
16 87 87 44 51 234 366 128 268
16 88 88 45 49 256 348 133 292
16 89 89 43 49 220 348 150 286
16 90 90 43 48 202 348 140 276
16 91 91 42 48 214 340 150 272
16 92 92 42 47 208 336 136 306
16 93 93 41 47 226 340 144 274
16 94 94 42 46 214 334 145 268
16 95 95 41 46 224 328 146 250
16 96 96 41 45 210 316 138 272
16 97 97 40 44 184 314 124 280
16 98 98 40 44 180 310 138 262
16 99 99 39 44 180 310 138 268
16 100 100 39 43 204 310 132 272

17 2 2 2448 2465 26932 27168 691 694
17 3 3 1623 1662 17352 17708 753 1092
17 4 4 1224 1234 13052 13192 747 766
17 5 5 970 994 9472 10562 618 1586
17 6 6 810 825 7768 8634 582 1357
17 7 7 682 714 6434 7354 495 1207
17 8 8 608 621 5742 6028 928 1137
17 9 9 536 553 5056 5324 829 1221
17 10 10 481 502 4132 4868 737 1192
17 11 11 440 455 3872 4350 804 1088
17 12 12 405 417 3542 4002 656 1056
17 13 13 369 384 3126 3520 689 956
17 14 14 344 358 3002 3336 614 876
17 15 15 320 336 2740 3136 603 956
17 16 16 300 311 2582 2860 573 904
17 17 17 287 296 2336 2660 524 1086
17 18 18 267 280 2098 2560 543 1064
17 19 19 252 268 1976 2368 484 998
17 20 20 240 251 1708 2280 491 962
17 21 21 226 243 1762 2214 422 894
17 22 22 216 228 1644 2042 418 808
17 23 23 206 222 1668 1952 399 806
17 24 24 198 211 1410 1904 397 737
17 25 25 190 205 1408 1776 414 736
17 26 26 184 194 1288 1740 378 686
17 27 27 174 188 1374 1676 332 650
17 28 28 170 180 1322 1632 368 646
17 29 29 164 176 1260 1576 359 672
17 30 30 160 170 1204 1474 332 656
17 31 31 152 164 1204 1420 326 614
17 32 32 148 159 1148 1394 300 582
17 33 33 144 156 1068 1348 316 558
17 34 34 141 150 1068 1260 308 548
17 35 35 136 144 976 1248 297 572
17 36 36 132 140 938 1238 291 596
17 37 37 128 136 916 1182 270 588
17 38 38 126 135 876 1140 295 640
17 39 39 121 132 918 1132 269 512
17 40 40 118 128 722 1080 270 596
17 41 41 114 126 786 1076 264 554
17 42 42 113 121 676 1030 263 521
17 43 43 110 120 688 996 230 628
17 44 44 108 116 674 954 250 592
17 45 45 104 115 698 936 251 500
17 46 46 101 112 688 926 246 492
17 47 47 99 108 656 896 252 516
17 48 48 98 106 682 888 244 470
17 49 49 96 106 600 878 208 496
17 50 50 94 103 686 840 208 448
17 51 51 92 100 608 812 216 492
17 52 52 92 98 608 820 216 420
17 53 53 90 96 590 794 212 532
17 54 54 87 95 592 766 229 448
17 55 55 84 93 456 784 207 396
17 56 56 84 91 594 744 202 406
17 57 57 84 90 484 708 254 416
17 58 58 81 87 572 694 242 420
17 59 59 80 86 542 698 224 406
17 60 60 80 85 542 690 224 370
17 61 61 77 84 520 664 216 402
17 62 62 76 83 512 640 214 368
17 63 63 75 80 516 632 220 376
17 64 64 73 80 504 640 222 366
17 65 65 73 79 470 622 211 390
17 66 66 72 79 448 604 216 376
17 67 67 70 77 466 592 216 376
17 68 68 70 75 452 588 212 356
17 69 69 68 73 418 560 191 374
17 70 70 66 73 426 566 178 380
17 71 71 65 72 400 566 201 370
17 72 72 65 71 368 548 202 382
17 73 73 64 71 384 560 208 364
17 74 74 64 69 336 528 204 374
17 75 75 63 69 398 526 183 362
17 76 76 63 69 368 526 183 337
17 77 77 61 68 370 518 188 374
17 78 78 60 66 370 498 191 330
17 79 79 59 65 308 490 180 344
17 80 80 58 64 330 488 184 328
17 81 81 58 64 312 492 172 354
17 82 82 57 63 316 480 167 354
17 83 83 57 62 350 466 180 332
17 84 84 56 61 290 456 174 346
17 85 85 56 60 290 456 179 370
17 86 86 54 60 318 448 175 328
17 87 87 52 60 308 438 177 336
17 88 88 53 58 250 438 167 344
17 89 89 52 58 270 428 184 342
17 90 90 52 57 288 428 164 328
17 91 91 51 57 288 428 172 328
17 92 92 51 56 288 428 166 342
17 93 93 50 56 286 422 158 316
17 94 94 49 55 262 406 161 323
17 95 95 49 54 268 394 152 324
17 96 96 48 54 240 396 165 309
17 97 97 48 54 266 390 146 310
17 98 98 47 53 244 388 152 300
17 99 99 47 52 212 384 146 301
17 100 100 47 52 200 372 152 344

18 2 2 2916 2916 32394 32396 650 650
18 3 3 1944 1944 21164 21316 650 836
18 4 4 1458 1458 15808 15826 703 708
18 5 5 1140 1182 11680 12446 650 1986
18 6 6 972 972 9480 10318 596 1482
18 7 7 822 844 7982 8772 553 1365
18 8 8 729 729 7038 7200 1130 1152
18 9 9 636 658 5912 6394 976 1376
18 10 10 573 591 5306 5648 932 1344
18 11 11 511 540 4666 5062 863 1232
18 12 12 486 486 4338 4500 1022 1116
18 13 13 441 456 3908 4448 678 1060
18 14 14 408 424 3602 4030 678 1074
18 15 15 380 392 3476 3740 666 898
18 16 16 360 369 3098 3488 623 1052
18 17 17 336 350 2680 3254 613 1226
18 18 18 316 330 2504 3072 596 1052
18 19 19 300 313 2594 2840 571 854
18 20 20 287 297 2140 2694 584 1036
18 21 21 270 286 2072 2582 505 941
18 22 22 261 272 1984 2500 479 863
18 23 23 248 259 2068 2418 468 810
18 24 24 240 246 1916 2268 462 812
18 25 25 226 239 1768 2194 420 834
18 26 26 217 231 1888 2070 430 670
18 27 27 211 223 1674 1978 420 768
18 28 28 203 215 1662 1888 433 702
18 29 29 195 206 1606 1824 391 700
18 30 30 190 199 1464 1774 389 696
18 31 31 180 196 1362 1794 362 696
18 32 32 180 185 1452 1666 337 668
18 33 33 171 182 1294 1614 334 654
18 34 34 168 178 1260 1582 338 630
18 35 35 160 171 1104 1498 349 664
18 36 36 160 165 1238 1454 324 652
18 37 37 153 164 1166 1454 318 728
18 38 38 148 159 1156 1374 315 572
18 39 39 143 155 1062 1348 322 588
18 40 40 144 150 1054 1284 313 642
18 41 41 137 148 928 1286 287 630
18 42 42 135 143 942 1224 280 588
18 43 43 129 141 968 1196 323 568
18 44 44 128 135 932 1178 280 550
18 45 45 124 135 878 1122 301 608
18 46 46 122 131 860 1126 274 544
18 47 47 120 129 864 1102 272 554
18 48 48 119 125 766 1068 264 539
18 49 49 114 125 746 1068 288 508
18 50 50 112 122 736 1012 251 596
18 51 51 110 120 768 1012 260 506
18 52 52 108 116 776 990 255 462
18 53 53 104 115 728 960 278 482
18 54 54 104 112 732 928 250 540
18 55 55 100 110 720 928 222 484
18 56 56 100 108 720 920 220 452
18 57 57 98 107 696 860 260 508
18 58 58 96 105 676 848 234 462
18 59 59 95 104 684 824 237 466
18 60 60 94 102 622 820 216 422
18 61 61 92 100 648 812 220 494
18 62 62 90 97 590 780 256 480
18 63 63 89 96 654 774 253 406
18 64 64 89 93 634 736 252 404
18 65 65 86 93 572 736 240 402
18 66 66 85 91 552 740 214 406
18 67 67 84 90 548 736 234 412
18 68 68 83 90 574 722 226 446
18 69 69 80 88 532 720 220 440
18 70 70 80 87 522 714 231 394
18 71 71 79 86 516 696 234 438
18 72 72 79 84 510 676 235 418
18 73 73 76 84 488 668 216 424
18 74 74 75 82 520 660 216 414
18 75 75 74 82 488 640 234 400
18 76 76 74 80 420 624 209 400
18 77 77 72 80 468 628 220 396
18 78 78 72 78 456 608 194 374
18 79 79 71 78 448 612 213 408
18 80 80 72 75 448 592 188 380
18 81 81 68 75 450 592 187 390
18 82 82 68 75 430 574 201 386
18 83 83 66 74 358 584 210 372
18 84 84 67 72 424 580 201 360
18 85 85 64 72 348 562 212 364
18 86 86 64 72 386 566 204 392
18 87 87 64 71 278 554 190 372
18 88 88 64 70 390 546 194 370
18 89 89 62 69 368 526 192 378
18 90 90 62 69 390 512 188 356
18 91 91 61 68 310 502 172 400
18 92 92 60 66 368 508 188 364
18 93 93 60 66 348 508 184 360
18 94 94 60 65 368 496 190 342
18 95 95 60 65 326 496 166 382
18 96 96 59 64 360 472 174 378
18 97 97 57 63 296 478 166 338
18 98 98 57 62 278 482 174 380
18 99 99 56 62 320 482 174 346
18 100 100 56 61 346 464 176 330

19 2 2 3420 3439 38004 38268 849 852
19 3 3 2256 2304 23212 24580 809 2955
19 4 4 1710 1729 18552 18828 850 862
19 5 5 1368 1378 13246 14738 765 2445
19 6 6 1122 1161 10962 12216 711 2017
19 7 7 960 1002 9396 10152 735 1577
19 8 8 846 869 8306 8554 1179 1392
19 9 9 756 770 7310 7594 1075 1515
19 10 10 676 698 6136 6928 965 1470
19 11 11 610 635 5680 6132 889 1382
19 12 12 567 581 5134 5600 909 1288
19 13 13 516 540 4736 5152 867 1210
19 14 14 480 497 4294 4776 699 1308
19 15 15 450 470 3836 4514 737 1272
19 16 16 419 435 3950 4136 708 948
19 17 17 400 414 3438 3840 653 1150
19 18 18 375 387 3088 3638 621 1266
19 19 19 355 370 3012 3506 622 1156
19 20 20 337 351 2754 3220 615 1184
19 21 21 320 334 2622 3108 580 1228
19 22 22 306 319 2522 2976 553 900
19 23 23 289 307 2284 2884 506 932
19 24 24 279 292 2190 2706 504 1010
19 25 25 268 282 2212 2600 455 874
19 26 26 256 273 2066 2464 445 996
19 27 27 245 261 2052 2456 444 824
19 28 28 240 250 1968 2340 435 794
19 29 29 230 242 1838 2240 456 792
19 30 30 222 236 1864 2126 415 718
19 31 31 214 225 1782 2080 407 752
19 32 32 207 220 1740 1980 421 696
19 33 33 200 215 1632 1914 386 728
19 34 34 195 209 1584 1902 356 708
19 35 35 189 201 1412 1816 390 858
19 36 36 186 198 1328 1818 381 698
19 37 37 180 192 1366 1668 374 684
19 38 38 177 185 1312 1626 363 812
19 39 39 169 180 1350 1632 334 756
19 40 40 166 179 1228 1624 343 740
19 41 41 161 172 1170 1504 349 684
19 42 42 158 169 1214 1496 322 652
19 43 43 153 165 1136 1428 324 686
19 44 44 151 160 1152 1412 329 648
19 45 45 147 160 1046 1402 295 642
19 46 46 143 155 1068 1340 293 670
19 47 47 139 150 1050 1286 311 594
19 48 48 138 147 940 1286 301 588
19 49 49 135 146 1008 1254 289 630
19 50 50 135 144 968 1188 277 622
19 51 51 128 139 878 1162 346 582
19 52 52 127 135 844 1154 322 558
19 53 53 124 135 826 1142 276 555
19 54 54 120 132 896 1106 270 532
19 55 55 120 130 856 1078 266 554
19 56 56 119 128 882 1068 292 550
19 57 57 115 125 880 1040 272 524
19 58 58 113 125 812 1040 312 502
19 59 59 111 123 776 1012 310 532
19 60 60 110 120 832 994 278 472
19 61 61 107 118 824 1002 250 550
19 62 62 106 115 828 944 296 458
19 63 63 105 115 766 930 278 494
19 64 64 102 112 758 912 278 454
19 65 65 100 110 744 916 243 564
19 66 66 99 108 692 888 253 524
19 67 67 99 107 712 872 261 454
19 68 68 97 105 648 852 274 436
19 69 69 94 105 634 840 271 476
19 70 70 94 103 630 830 262 522
19 71 71 92 100 612 816 240 478
19 72 72 92 99 586 802 237 476
19 73 73 90 98 584 792 236 486
19 74 74 90 97 550 800 233 470
19 75 75 90 95 572 780 232 454
19 76 76 88 94 570 772 230 448
19 77 77 85 91 564 740 220 460
19 78 78 84 92 538 740 244 472
19 79 79 81 90 526 740 229 452
19 80 80 83 90 526 740 255 448
19 81 81 81 88 526 722 212 444
19 82 82 79 88 510 714 222 436
19 83 83 79 86 506 682 230 440
19 84 84 78 86 466 690 225 428
19 85 85 77 84 510 676 228 426
19 86 86 75 84 488 674 220 432
19 87 87 75 82 480 656 208 442
19 88 88 75 82 470 650 221 412
19 89 89 73 81 414 642 214 398
19 90 90 73 81 474 636 213 408
19 91 91 72 80 434 630 195 420
19 92 92 72 79 464 606 196 428
19 93 93 69 78 456 614 213 394
19 94 94 70 76 448 592 218 394
19 95 95 68 75 446 592 188 402
19 96 96 68 75 418 584 184 406
19 97 97 68 75 422 592 180 418
19 98 98 66 74 358 572 192 392
19 99 99 65 73 358 572 187 448
19 100 100 64 72 378 556 207 384

20 2 2 4000 4000 44794 44796 802 802
20 3 3 2626 2713 28936 29518 1046 1389
20 4 4 2000 2000 20120 21944 866 2480
20 5 5 1585 1619 15952 17280 838 2203
20 6 6 1321 1349 13184 14216 815 1892
20 7 7 1122 1155 11312 11976 666 1721
20 8 8 1000 1000 9880 10080 1406 1430
20 9 9 874 900 8462 9036 1146 1652
20 10 10 792 808 7428 8178 1052 1503
20 11 11 706 741 6752 7236 973 1522
20 12 12 656 674 6030 6418 1274 1390
20 13 13 605 628 5576 6120 958 1312
20 14 14 561 580 5198 5576 860 1240
20 15 15 520 542 4768 5292 812 1153
20 16 16 500 500 4280 4860 781 1320
20 17 17 458 483 4096 4666 768 1280
20 18 18 433 455 3742 4320 674 1404
20 19 19 412 429 3714 4042 680 1192
20 20 20 395 405 3360 3780 730 1280
20 21 21 375 396 2962 3728 631 1179
20 22 22 360 372 2888 3488 608 1296
20 23 23 340 355 2968 3348 568 1076
20 24 24 330 335 2810 3190 561 1006
20 25 25 311 328 2482 3056 562 1129
20 26 26 302 314 2392 2932 511 1040
20 27 27 288 301 2302 2722 535 1052
20 28 28 279 292 2350 2680 507 890
20 29 29 268 286 2190 2630 482 828
20 30 30 261 272 2210 2520 475 816
20 31 31 250 265 2142 2446 439 796
20 32 32 250 250 2060 2340 431 790
20 33 33 233 250 1914 2340 435 788
20 34 34 231 242 1908 2218 424 864
20 35 35 223 236 1782 2150 449 778
20 36 36 216 225 1656 2080 415 786
20 37 37 210 225 1680 2042 410 848
20 38 38 205 216 1520 1984 376 784
20 39 39 198 212 1464 1908 374 732
20 40 40 198 204 1504 1832 356 836
20 41 41 189 200 1424 1836 349 874
20 42 42 185 195 1396 1756 360 680
20 43 43 180 191 1342 1732 363 730
20 44 44 177 186 1396 1644 338 728
20 45 45 171 185 1224 1632 337 792
20 46 46 169 179 1294 1576 351 710
20 47 47 165 175 1138 1528 325 665
20 48 48 163 171 1138 1514 345 600
20 49 49 158 170 1126 1494 368 678
20 50 50 154 165 1148 1432 322 604
20 51 51 152 164 1098 1440 333 606
20 52 52 150 160 1088 1412 331 694
20 53 53 146 157 1118 1372 317 574
20 54 54 143 153 980 1332 329 645
20 55 55 140 152 1064 1304 306 586
20 56 56 139 146 1024 1272 286 548
20 57 57 134 146 998 1240 326 608
20 58 58 135 143 988 1232 326 556
20 59 59 130 141 962 1238 328 571
20 60 60 129 137 944 1160 282 594
20 61 61 125 135 956 1178 278 514
20 62 62 124 136 934 1162 335 521
20 63 63 124 130 910 1078 326 510
20 64 64 125 125 990 1040 326 460
20 65 65 116 130 888 1062 292 572
20 66 66 115 125 856 1040 293 544
20 67 67 115 125 840 1020 306 588
20 68 68 113 123 832 1020 289 492
20 69 69 112 123 808 1020 288 548
20 70 70 109 119 806 992 283 526
20 71 71 108 118 808 982 283 538
20 72 72 107 115 778 950 270 496
20 73 73 106 116 656 948 270 580
20 74 74 104 112 768 940 254 528
20 75 75 102 111 668 918 260 566
20 76 76 101 110 696 908 260 526
20 77 77 99 108 676 900 262 472
20 78 78 100 107 656 874 265 480
20 79 79 96 105 708 878 260 466
20 80 80 98 102 628 828 265 466
20 81 81 94 105 672 874 253 486
20 82 82 94 101 612 818 269 508
20 83 83 92 101 646 832 264 482
20 84 84 91 99 570 800 248 468
20 85 85 89 98 584 798 246 492
20 86 86 88 97 604 796 240 464
20 87 87 88 96 568 784 234 458
20 88 88 88 94 572 780 246 458
20 89 89 84 94 550 780 221 454
20 90 90 84 94 554 764 226 448
20 91 91 83 91 554 740 240 470
20 92 92 83 90 526 714 236 442
20 93 93 82 90 534 732 242 440
20 94 94 81 89 518 720 240 434
20 95 95 79 88 524 708 229 418
20 96 96 81 86 532 698 241 448
20 97 97 79 86 514 676 226 412
20 98 98 78 85 482 660 224 466
20 99 99 77 84 500 686 210 440
20 100 100 76 84 394 662 205 440

21 2 2 4620 4641 51870 52114 925 925
21 3 3 3080 3094 33564 34184 1253 1588
21 4 4 2310 2321 25322 25454 949 1182
21 5 5 1820 1883 18078 20094 905 3078
21 6 6 1525 1559 15560 16572 865 2124
21 7 7 1299 1360 13030 14152 739 1892
21 8 8 1149 1171 11464 11880 1557 1629
21 9 9 1017 1044 9880 10488 1308 1662
21 10 10 912 941 8788 9432 1201 1808
21 11 11 833 855 7802 8602 1189 1672
21 12 12 770 777 7194 7636 1016 1566
21 13 13 697 728 6534 7108 1043 1584
21 14 14 650 674 6086 6612 1009 1696
21 15 15 605 633 5692 6204 893 1276
21 16 16 569 590 5388 5754 869 1145
21 17 17 536 556 4930 5324 823 1356
21 18 18 506 529 4450 5088 797 1556
21 19 19 472 500 4048 4840 720 1526
21 20 20 455 474 3652 4564 715 1321
21 21 21 426 454 3572 4320 724 1460
21 22 22 413 432 3504 4122 663 1196
21 23 23 386 419 3370 3966 648 1270
21 24 24 378 393 3168 3720 597 1354
21 25 25 360 381 3244 3600 634 1114
21 26 26 350 366 2948 3500 566 1012
21 27 27 333 352 2982 3306 578 1014
21 28 28 323 342 2838 3156 585 936
21 29 29 308 327 2720 3078 532 936
21 30 30 298 319 2600 3040 520 980
21 31 31 291 307 2492 2852 502 1002
21 32 32 283 298 2386 2778 488 884
21 33 33 274 287 2242 2670 470 996
21 34 34 264 278 2148 2582 458 952
21 35 35 256 274 2176 2520 431 940
21 36 36 252 267 1978 2404 445 904
21 37 37 242 260 1906 2438 435 932
21 38 38 235 251 1780 2340 424 890
21 39 39 231 245 1778 2232 430 874
21 40 40 225 239 1858 2192 422 814
21 41 41 220 231 1804 2120 423 770
21 42 42 212 230 1644 2048 397 878
21 43 43 210 222 1564 2040 374 768
21 44 44 206 216 1566 1966 373 834
21 45 45 197 215 1600 1922 398 814
21 46 46 195 208 1520 1850 378 790
21 47 47 190 205 1460 1836 364 710
21 48 48 188 200 1418 1794 358 772
21 49 49 181 195 1362 1744 358 732
21 50 50 178 190 1418 1718 340 667
21 51 51 174 188 1270 1672 365 784
21 52 52 172 184 1264 1632 348 674
21 53 53 168 182 1274 1616 411 680
21 54 54 165 180 1248 1580 345 730
21 55 55 160 175 1254 1536 382 671
21 56 56 159 171 1246 1494 340 600
21 57 57 155 170 1148 1514 340 594
21 58 58 154 165 1190 1456 343 584
21 59 59 150 164 1190 1408 309 658
21 60 60 150 160 1192 1396 359 578
21 61 61 147 158 1060 1346 355 622
21 62 62 144 155 1170 1332 288 582
21 63 63 142 152 1154 1300 347 582
21 64 64 139 150 1128 1292 350 576
21 65 65 135 148 1086 1280 321 548
21 66 66 135 146 1066 1246 332 560
21 67 67 133 146 982 1232 337 650
21 68 68 131 140 978 1198 344 596
21 69 69 129 140 992 1198 320 564
21 70 70 127 139 978 1188 324 572
21 71 71 125 136 900 1166 291 572
21 72 72 122 132 904 1120 326 610
21 73 73 121 132 856 1124 306 618
21 74 74 120 132 886 1132 294 592
21 75 75 118 128 888 1080 288 576
21 76 76 119 128 822 1044 276 572
21 77 77 115 125 776 1054 284 598
21 78 78 114 125 796 1040 292 544
21 79 79 113 122 758 1042 291 574
21 80 80 111 120 776 1014 292 526
21 81 81 109 120 736 1012 280 582
21 82 82 106 117 786 986 270 540
21 83 83 108 116 696 968 270 646
21 84 84 105 115 720 982 278 520
21 85 85 105 112 690 940 274 530
21 86 86 104 112 678 940 236 560
21 87 87 100 110 670 934 260 512
21 88 88 101 111 640 918 238 550
21 89 89 100 108 652 906 260 510
21 90 90 98 107 674 888 238 471
21 91 91 96 107 622 882 266 564
21 92 92 97 105 658 872 270 468
21 93 93 94 105 630 846 261 518
21 94 94 94 104 634 816 270 492
21 95 95 93 101 612 828 251 496
21 96 96 94 100 612 830 262 494
21 97 97 91 100 590 824 265 478
21 98 98 90 99 586 812 258 498
21 99 99 90 98 590 800 229 484
21 100 100 90 97 580 792 222 484

22 2 2 5324 5324 60010 60012 970 970
22 3 3 3496 3611 38250 40074 1388 1503
22 4 4 2641 2683 27466 29520 1194 3020
22 5 5 2100 2152 21890 23474 932 2662
22 6 6 1749 1803 17964 19248 882 2283
22 7 7 1494 1545 15294 16464 802 2028
22 8 8 1320 1342 13212 13684 1712 1802
22 9 9 1155 1210 10918 12360 1555 2134
22 10 10 1043 1078 10198 10976 1277 2080
22 11 11 940 993 8818 9876 1134 1838
22 12 12 869 908 8390 8950 1244 1762
22 13 13 800 840 7524 8534 1069 1558
22 14 14 744 777 7034 7680 1107 1448
22 15 15 693 726 6794 7240 987 1318
22 16 16 655 680 6304 6640 966 1277
22 17 17 611 647 5690 6220 893 1480
22 18 18 581 600 4986 5866 886 1710
22 19 19 546 576 5006 5544 820 1654
22 20 20 520 546 4674 5216 817 1594
22 21 21 495 527 4406 5134 780 1420
22 22 22 475 495 4144 4734 720 1499
22 23 23 452 473 3996 4610 761 1366
22 24 24 435 449 3602 4374 710 1510
22 25 25 415 434 3722 4160 704 1274
22 26 26 398 420 3372 4032 621 1238
22 27 27 381 406 3352 3818 620 1176
22 28 28 374 390 3224 3682 632 1120
22 29 29 355 381 3218 3576 605 1118
22 30 30 347 366 3044 3452 579 1036
22 31 31 330 352 2818 3382 528 1046
22 32 32 325 341 2796 3202 519 1020
22 33 33 312 333 2800 3160 512 994
22 34 34 304 322 2600 3018 498 998
22 35 35 294 313 2514 2934 501 998
22 36 36 285 304 2458 2844 538 878
22 37 37 279 300 2432 2784 460 908
22 38 38 274 290 2234 2696 487 910
22 39 39 264 283 2040 2618 453 920
22 40 40 260 274 2040 2544 476 948
22 41 41 248 270 2066 2498 428 860
22 42 42 245 263 1868 2382 455 882
22 43 43 240 258 1892 2372 436 898
22 44 44 233 249 1958 2274 441 774
22 45 45 228 246 1836 2248 458 868
22 46 46 226 240 1808 2196 422 842
22 47 47 218 235 1644 2158 382 832
22 48 48 215 229 1662 2070 373 812
22 49 49 208 228 1582 2018 376 830
22 50 50 204 220 1490 2002 411 801
22 51 51 200 217 1556 1954 370 786
22 52 52 198 211 1554 1922 364 727
22 53 53 194 210 1520 1898 370 800
22 54 54 192 206 1496 1840 364 792
22 55 55 188 205 1456 1846 408 778
22 56 56 185 196 1306 1756 357 666
22 57 57 179 193 1388 1752 415 700
22 58 58 179 190 1440 1690 411 694
22 59 59 172 188 1306 1650 346 662
22 60 60 171 182 1348 1584 333 644
22 61 61 167 182 1294 1636 322 704
22 62 62 165 178 1350 1560 354 608
22 63 63 163 176 1324 1526 392 608
22 64 64 160 172 1260 1490 366 628
22 65 65 158 170 1260 1488 388 602
22 66 66 155 167 1146 1426 358 674
22 67 67 151 165 1148 1432 363 710
22 68 68 150 165 1148 1408 351 620
22 69 69 145 163 1088 1412 353 632
22 70 70 145 158 1120 1372 354 680
22 71 71 144 156 1052 1366 345 626
22 72 72 144 154 1078 1310 346 589
22 73 73 140 153 1080 1304 366 634
22 74 74 138 151 1000 1302 347 652
22 75 75 135 150 946 1310 332 628
22 76 76 134 146 922 1240 321 640
22 77 77 132 146 900 1232 343 584
22 78 78 131 141 878 1204 341 654
22 79 79 127 143 904 1198 339 594
22 80 80 128 138 928 1184 324 652
22 81 81 125 136 870 1160 340 580
22 82 82 124 135 888 1144 320 572
22 83 83 122 134 764 1144 299 590
22 84 84 122 132 828 1144 305 560
22 85 85 120 132 854 1122 298 608
22 86 86 120 130 876 1116 280 556
22 87 87 117 128 804 1080 283 552
22 88 88 118 126 820 1072 257 572
22 89 89 113 125 820 1066 278 554
22 90 90 113 125 776 1066 276 548
22 91 91 111 122 756 1020 289 534
22 92 92 110 121 774 1030 279 594
22 93 93 108 121 728 1016 306 522
22 94 94 109 118 716 978 280 538
22 95 95 107 117 736 976 288 540
22 96 96 106 116 676 964 278 532
22 97 97 105 116 696 974 242 536
22 98 98 103 116 680 982 270 505
22 99 99 101 114 686 982 273 514
22 100 100 102 111 664 906 252 536

23 2 2 6072 6095 68586 68854 1105 1105
23 3 3 4048 4063 44924 45254 1219 1551
23 4 4 3036 3059 33696 33904 1132 1225
23 5 5 2402 2492 25082 26476 1016 2984
23 6 6 1994 2056 20554 22126 947 2547
23 7 7 1716 1760 17408 19044 961 2229
23 8 8 1512 1530 15402 15754 1878 1955
23 9 9 1340 1369 13378 13920 1591 2251
23 10 10 1200 1232 11648 12396 1408 2156
23 11 11 1090 1122 10460 11522 1349 2114
23 12 12 1008 1031 9690 10594 1173 1874
23 13 13 917 960 8926 9464 1238 1786
23 14 14 856 883 8176 8992 1056 1586
23 15 15 790 830 7756 8264 1059 1564
23 16 16 751 771 7332 7676 1055 1411
23 17 17 702 736 6528 7216 987 1868
23 18 18 660 690 6000 6732 975 1866
23 19 19 624 660 5448 6440 838 1690
23 20 20 594 621 5434 6056 958 1578
23 21 21 568 594 4940 5760 842 1640
23 22 22 537 564 4988 5542 803 1568
23 23 23 515 550 4206 5336 786 1626
23 24 24 494 514 3962 4988 740 1602
23 25 25 471 502 4208 4814 717 1476
23 26 26 455 481 4056 4608 660 1202
23 27 27 434 458 3982 4484 644 1160
23 28 28 426 447 3862 4282 714 1092
23 29 29 400 432 3444 4152 642 1148
23 30 30 396 420 3284 3964 616 1374
23 31 31 379 402 3428 3896 601 1108
23 32 32 373 388 3176 3748 591 1052
23 33 33 360 383 3134 3620 579 1072
23 34 34 350 366 2900 3444 555 1206
23 35 35 336 360 2788 3456 558 1090
23 36 36 328 348 2708 3256 507 1158
23 37 37 318 336 2764 3216 524 1000
23 38 38 309 331 2564 3160 539 1138
23 39 39 300 324 2442 3072 521 1074
23 40 40 297 314 2402 2890 503 1060
23 41 41 286 308 2390 2890 495 1084
23 42 42 280 298 2382 2764 497 1014
23 43 43 272 292 2192 2766 506 988
23 44 44 270 282 2136 2614 455 1066
23 45 45 262 282 2162 2568 482 974
23 46 46 258 273 2040 2528 526 948
23 47 47 250 264 1960 2480 444 948
23 48 48 247 263 1956 2398 444 940
23 49 49 240 260 1944 2348 420 936
23 50 50 234 252 1892 2260 424 872
23 51 51 230 248 1818 2260 396 904
23 52 52 228 241 1568 2212 454 952
23 53 53 220 240 1806 2212 429 824
23 54 54 216 234 1778 2134 435 810
23 55 55 210 231 1508 2074 447 936
23 56 56 210 225 1678 2032 387 788
23 57 57 204 222 1566 2040 386 752
23 58 58 204 217 1676 1922 388 804
23 59 59 200 213 1510 1902 392 724
23 60 60 197 212 1464 1864 404 746
23 61 61 193 210 1604 1848 374 696
23 62 62 190 204 1564 1782 355 682
23 63 63 184 198 1446 1752 420 734
23 64 64 184 196 1502 1732 448 670
23 65 65 180 192 1464 1692 419 710
23 66 66 180 192 1492 1704 382 666
23 67 67 173 192 1412 1648 413 724
23 68 68 171 184 1370 1592 400 734
23 69 69 170 184 1320 1592 405 768
23 70 70 167 180 1310 1596 409 690
23 71 71 165 179 1278 1606 384 726
23 72 72 165 174 1266 1526 390 660
23 73 73 160 172 1272 1518 368 656
23 74 74 156 170 1230 1504 357 614
23 75 75 156 168 1206 1452 351 674
23 76 76 156 166 1148 1440 359 698
23 77 77 150 164 1096 1388 348 710
23 78 78 149 161 1114 1416 350 694
23 79 79 148 160 1136 1390 346 644
23 80 80 147 156 1092 1364 338 694
23 81 81 144 155 1102 1340 344 624
23 82 82 141 154 1080 1338 346 616
23 83 83 141 153 1050 1318 334 678
23 84 84 140 150 1046 1304 344 594
23 85 85 135 149 1012 1288 321 618
23 86 86 136 147 1012 1240 307 590
23 87 87 134 147 944 1246 325 678
23 88 88 133 144 950 1232 319 643
23 89 89 132 141 888 1216 304 658
23 90 90 129 141 916 1224 315 584
23 91 91 129 141 946 1208 304 612
23 92 92 129 138 910 1160 288 580
23 93 93 125 135 888 1136 318 568
23 94 94 125 135 828 1120 306 580
23 95 95 122 132 820 1122 316 598
23 96 96 122 132 798 1122 314 536
23 97 97 120 131 848 1126 313 556
23 98 98 120 129 856 1088 288 578
23 99 99 120 127 820 1074 314 588
23 100 100 118 126 820 1060 281 568

24 2 2 6912 6912 78330 78332 1154 1154
24 3 3 4553 4680 50394 52576 1446 1982
24 4 4 3456 3456 38500 38524 1228 1233
24 5 5 2728 2808 28398 30062 1166 3194
24 6 6 2300 2308 22608 25252 1036 3426
24 7 7 1956 1992 20276 21308 1169 2535
24 8 8 1710 1746 17562 18052 1962 2192
24 9 9 1515 1582 15054 16394 1720 2236
24 10 10 1364 1408 13270 14340 1729 2400
24 11 11 1248 1283 12092 13120 1466 2172
24 12 12 1152 1152 11136 11792 1440 2016
24 13 13 1056 1079 10168 10932 1365 1968
24 14 14 969 1006 9454 10232 1284 1730
24 15 15 906 936 8814 9436 1207 1644
24 16 16 864 864 8568 8712 1142 1446
24 17 17 793 827 7836 8292 1070 1536
24 18 18 756 780 6356 7792 1050 2012
24 19 19 714 743 6462 7360 1003 1604
24 20 20 683 702 6248 6822 1054 1844
24 21 21 642 678 5706 6586 966 1832
24 22 22 618 638 5448 6282 939 1694
24 23 23 583 610 5438 6048 815 1584
24 24 24 570 584 4608 5720 801 1692
24 25 25 538 564 4960 5588 755 1446
24 26 26 522 545 4484 5372 728 1712
24 27 27 499 524 4430 5112 718 1429
24 28 28 480 504 4484 4912 752 1236
24 29 29 463 490 4246 4676 700 1324
24 30 30 447 468 3988 4536 666 1228
24 31 31 434 462 3932 4384 683 1218
24 32 32 432 432 3816 4224 636 1152
24 33 33 409 426 3560 4124 638 1151
24 34 34 396 420 3546 4032 634 1156
24 35 35 382 408 3284 3952 606 1170
24 36 36 378 396 3296 3792 562 1258
24 37 37 365 384 2908 3658 599 1231
24 38 38 353 376 3022 3554 542 1128
24 39 39 342 364 2976 3468 541 1194
24 40 40 336 354 2628 3410 528 1184
24 41 41 327 348 2718 3242 528 1182
24 42 42 323 337 2566 3226 521 1089
24 43 43 311 334 2712 3160 528 1084
24 44 44 308 324 2604 3058 484 1036
24 45 45 295 316 2560 2948 508 1048
24 46 46 292 308 2356 2932 494 962
24 47 47 287 306 2232 2830 470 1056
24 48 48 288 288 2376 2728 456 1032
24 49 49 270 288 2190 2720 506 1030
24 50 50 268 284 2072 2684 472 980
24 51 51 262 279 2216 2594 451 956
24 52 52 260 276 2138 2486 409 962
24 53 53 252 271 2104 2508 442 1004
24 54 54 249 264 2104 2438 432 944
24 55 55 240 260 2014 2448 391 872
24 56 56 240 252 1836 2276 405 864
24 57 57 234 252 1836 2260 400 772
24 58 58 231 245 1826 2262 431 872
24 59 59 225 243 1798 2190 407 872
24 60 60 221 234 1846 2124 476 754
24 61 61 216 234 1696 2112 417 730
24 62 62 216 232 1798 2054 468 862
24 63 63 216 228 1832 2056 482 736
24 64 64 216 216 1848 1920 482 672
24 65 65 204 216 1712 1952 472 708
24 66 66 200 216 1708 1912 438 740
24 67 67 198 216 1646 1920 436 774
24 68 68 197 210 1548 1898 437 802
24 69 69 195 209 1596 1852 460 820
24 70 70 193 202 1562 1810 422 790
24 71 71 188 203 1452 1800 413 756
24 72 72 187 196 1362 1752 411 750
24 73 73 180 196 1394 1752 375 690
24 74 74 180 194 1432 1702 413 752
24 75 75 176 191 1374 1728 372 718
24 76 76 175 190 1378 1648 374 740
24 77 77 173 187 1272 1628 371 742
24 78 78 170 185 1276 1612 403 704
24 79 79 169 182 1284 1598 402 682
24 80 80 169 178 1280 1570 366 722
24 81 81 164 178 1272 1594 363 712
24 82 82 164 175 1246 1546 370 722
24 83 83 160 174 1208 1548 344 660
24 84 84 160 170 1232 1488 357 710
24 85 85 155 168 1176 1466 333 660
24 86 86 155 167 1136 1458 364 648
24 87 87 152 166 1118 1462 347 646
24 88 88 151 162 1136 1408 352 646
24 89 89 147 162 1052 1408 376 636
24 90 90 148 158 1048 1384 340 656
24 91 91 145 158 1092 1364 346 646
24 92 92 143 156 1034 1334 330 664
24 93 93 144 155 1080 1328 334 652
24 94 94 143 153 1032 1322 323 636
24 95 95 141 152 962 1292 340 648
24 96 96 144 144 1024 1260 324 584
24 97 97 136 147 978 1262 342 628
24 98 98 135 146 996 1246 342 580
24 99 99 134 144 948 1240 344 622
24 100 100 134 144 944 1224 337 676

25 2 2 7765 7860 88046 89160 1394 1397
25 3 3 5154 5250 57218 59144 1552 2181
25 4 4 3844 3932 42804 43788 1435 1530
25 5 5 3090 3155 32590 34922 1301 3462
25 6 6 2568 2632 27066 28772 1120 3019
25 7 7 2208 2254 22740 24324 1197 2606
25 8 8 1902 2003 19466 20676 2215 2359
25 9 9 1716 1777 17128 18216 1943 2892
25 10 10 1540 1588 15206 16462 1866 2670
25 11 11 1386 1446 13730 14860 1553 2484
25 12 12 1272 1330 12472 13220 1422 2212
25 13 13 1187 1216 11544 12570 1334 2020
25 14 14 1091 1144 10620 11478 1406 1904
25 15 15 1028 1056 9738 10650 1321 2114
25 16 16 948 1001 9434 10060 1238 1715
25 17 17 897 936 8890 9504 1188 1655
25 18 18 841 891 8090 8984 1142 1878
25 19 19 796 844 7472 8472 1034 2020
25 20 20 756 804 7162 7958 1018 1850
25 21 21 720 766 6794 7530 1013 1836
25 22 22 688 729 6178 7244 977 1745
25 23 23 666 690 6126 6824 898 1712
25 24 24 627 671 5496 6544 920 1805
25 25 25 614 637 5664 6370 847 1674
25 26 26 588 620 5400 6046 852 1416
25 27 27 567 595 4702 5904 768 1558
25 28 28 539 578 5004 5676 835 1332
25 29 29 525 552 4756 5424 746 1660
25 30 30 504 532 4616 5200 721 1388
25 31 31 486 516 4492 5060 722 1330
25 32 32 472 503 4420 4862 696 1292
25 33 33 467 484 4212 4708 660 1182
25 34 34 448 470 4036 4604 650 1268
25 35 35 434 456 3964 4464 649 1132
25 36 36 416 450 3518 4366 641 1317
25 37 37 412 444 3638 4214 624 1130
25 38 38 397 427 3384 4090 619 1408
25 39 39 390 414 3254 3940 605 1356
25 40 40 375 405 3174 3864 593 1174
25 41 41 364 394 3044 3710 609 1195
25 42 42 360 386 2926 3632 550 1250
25 43 43 352 374 2876 3534 550 1182
25 44 44 340 368 2888 3472 554 1217
25 45 45 336 360 2832 3476 522 1132
25 46 46 329 352 2660 3320 522 1137
25 47 47 321 342 2758 3216 530 1072
25 48 48 314 336 2520 3170 609 1094
25 49 49 311 330 2526 3088 514 1068
25 50 50 303 324 2492 2994 518 1022
25 51 51 294 316 2356 3018 519 1108
25 52 52 288 312 2378 2900 508 1014
25 53 53 284 307 2386 2840 499 992
25 54 54 279 300 2092 2818 513 999
25 55 55 276 294 2206 2698 468 977
25 56 56 269 291 2274 2696 510 920
25 57 57 262 284 2162 2604 550 870
25 58 58 261 278 2106 2590 455 904
25 59 59 253 276 2050 2534 533 914
25 60 60 250 270 2048 2488 516 914
25 61 61 249 264 1926 2396 515 864
25 62 62 241 263 2070 2404 441 873
25 63 63 240 254 2064 2304 533 814
25 64 64 234 252 1960 2284 500 804
25 65 65 231 249 1870 2246 498 878
25 66 66 225 246 1820 2200 498 900
25 67 67 224 243 1752 2190 490 915
25 68 68 221 238 1724 2124 462 852
25 69 69 220 235 1822 2148 440 862
25 70 70 216 232 1690 2136 447 796
25 71 71 210 229 1656 2066 478 802
25 72 72 207 227 1578 1994 456 832
25 73 73 204 222 1600 1998 420 782
25 74 74 202 220 1558 1956 436 846
25 75 75 198 216 1588 1920 413 816
25 76 76 198 213 1532 1892 415 868
25 77 77 195 213 1594 1880 420 764
25 78 78 195 210 1498 1856 393 770
25 79 79 190 207 1498 1856 410 804
25 80 80 186 204 1490 1820 416 784
25 81 81 184 200 1456 1804 380 744
25 82 82 184 197 1442 1748 390 744
25 83 83 180 195 1380 1744 406 744
25 84 84 177 195 1402 1742 428 732
25 85 85 175 191 1380 1700 382 798
25 86 86 174 189 1352 1700 410 708
25 87 87 172 188 1334 1694 363 782
25 88 88 168 186 1294 1652 406 732
25 89 89 168 182 1322 1616 369 712
25 90 90 168 180 1248 1614 404 748
25 91 91 168 180 1272 1580 364 716
25 92 92 161 176 1272 1546 354 688
25 93 93 160 176 1212 1544 388 684
25 94 94 160 174 1194 1532 373 690
25 95 95 159 170 1256 1468 357 680
25 96 96 156 168 1148 1488 359 716
25 97 97 155 167 1148 1474 340 676
25 98 98 152 165 1176 1424 364 718
25 99 99 152 166 1068 1416 348 662
25 100 100 150 164 1148 1388 380 700

26 2 2 8788 8788 100042 100044 1354 1354
26 3 3 5818 5908 65586 66570 1411 1819
26 4 4 4394 4394 49248 49274 1435 1440
26 5 5 3501 3536 36496 39038 1432 3848
26 6 6 2903 2960 30144 32232 1310 3222
26 7 7 2470 2535 25730 27098 1107 2786
26 8 8 2197 2197 22750 23088 2414 2444
26 9 9 1920 1980 19408 20636 2098 3228
26 10 10 1740 1768 17434 18624 1772 2627
26 11 11 1578 1621 15462 16964 1742 2554
26 12 12 1452 1486 14320 14996 2187 2384
26 13 13 1319 1373 12922 14152 1413 2238
26 14 14 1236 1274 12064 13156 1481 2206
26 15 15 1144 1183 11190 12144 1419 1898
26 16 16 1092 1105 10924 11280 1371 1754
26 17 17 1008 1062 10208 10742 1196 1782
26 18 18 962 999 9130 10092 1191 1790
26 19 19 909 940 8358 9446 1168 2109
26 20 20 865 892 7918 8906 1239 2033
26 21 21 812 857 7568 8630 1032 1830
26 22 22 780 816 7026 8100 1085 2334
26 23 23 753 778 6972 7732 1039 1972
26 24 24 725 744 6434 7438 939 1787
26 25 25 692 722 6482 7066 937 1702
26 26 26 662 686 6196 6818 965 1638
26 27 27 641 662 5918 6514 931 1648
26 28 28 611 642 5832 6166 944 1444
26 29 29 594 617 5510 6128 835 1440
26 30 30 568 599 5226 5916 774 1466
26 31 31 553 578 5192 5708 756 1402
26 32 32 546 559 4878 5520 748 1410
26 33 33 522 546 4748 5366 740 1274
26 34 34 504 534 4598 5136 731 1390
26 35 35 482 521 4498 5000 696 1340
26 36 36 479 498 4170 4788 662 1472
26 37 37 462 485 4102 4746 691 1262
26 38 38 449 475 4092 4608 688 1288
26 39 39 440 458 3956 4464 649 1386
26 40 40 429 456 3582 4356 632 1416
26 41 41 415 443 3560 4292 577 1350
26 42 42 405 432 3376 4130 608 1384
26 43 43 395 420 3338 4108 594 1290
26 44 44 390 413 3302 3884 612 1210
26 45 45 375 408 3086 3822 603 1270
26 46 46 370 390 2956 3678 552 1202
26 47 47 362 389 3090 3688 544 1118
26 48 48 360 376 3024 3532 556 1086
26 49 49 346 372 2904 3532 551 1117
26 50 50 342 362 2690 3450 573 1116
26 51 51 335 354 2744 3306 538 1017
26 52 52 330 345 2860 3284 538 1078
26 53 53 319 343 2702 3284 532 1118
26 54 54 318 334 2700 3126 541 1036
26 55 55 310 337 2646 3120 470 966
26 56 56 309 322 2544 2976 524 936
26 57 57 296 322 2600 2954 489 938
26 58 58 296 309 2566 2890 520 940
26 59 59 286 310 2480 2848 490 942
26 60 60 284 301 2484 2760 532 916
26 61 61 277 301 2468 2760 455 868
26 62 62 276 290 2232 2680 566 896
26 63 63 270 288 2312 2652 571 870
26 64 64 270 283 2368 2568 573 824
26 65 65 260 282 2160 2566 583 862
26 66 66 259 273 2152 2482 509 938
26 67 67 249 270 2068 2470 518 908
26 68 68 252 268 2110 2456 537 908
26 69 69 245 264 2056 2428 542 938
26 70 70 241 258 1984 2310 496 884
26 71 71 236 258 1944 2358 495 822
26 72 72 237 252 1950 2276 504 928
26 73 73 229 249 1870 2276 500 944
26 74 74 231 246 1846 2242 486 854
26 75 75 224 246 1724 2230 460 874
26 76 76 224 240 1724 2170 472 886
26 77 77 220 236 1718 2170 439 904
26 78 78 220 231 1724 2088 456 844
26 79 79 214 231 1724 2086 419 940
26 80 80 214 225 1736 2016 417 840
26 81 81 208 224 1656 2020 422 840
26 82 82 206 224 1682 2008 404 786
26 83 83 204 221 1560 2016 435 838
26 84 84 202 217 1578 1944 440 808
26 85 85 198 217 1544 1928 450 806
26 86 86 196 212 1486 1896 434 770
26 87 87 194 213 1492 1882 403 806
26 88 88 194 206 1498 1880 400 770
26 89 89 188 205 1458 1860 407 790
26 90 90 188 201 1454 1796 392 818
26 91 91 184 204 1476 1818 384 756
26 92 92 186 198 1416 1744 390 762
26 93 93 180 198 1436 1722 370 744
26 94 94 180 196 1368 1728 381 700
26 95 95 180 194 1340 1728 382 726
26 96 96 180 190 1396 1662 406 708
26 97 97 171 189 1350 1658 382 742
26 98 98 173 184 1328 1628 410 716
26 99 99 170 184 1240 1620 387 738
26 100 100 169 182 1312 1590 370 744

27 2 2 9828 9855 111682 112002 1879 1879
27 3 3 6500 6622 73128 74524 2112 2189
27 4 4 4914 4941 55012 55356 1742 1761
27 5 5 3913 3987 41048 43954 1500 4124
27 6 6 3257 3313 34216 36366 1347 3508
27 7 7 2782 2848 29040 30880 1238 3055
27 8 8 2438 2494 25524 26236 2480 2812
27 9 9 2154 2235 22066 23386 2105 3076
27 10 10 1936 1998 19720 21024 1914 2723
27 11 11 1757 1831 17444 18954 1930 2806
27 12 12 1628 1672 16244 16932 1718 2662
27 13 13 1502 1530 14960 15854 1801 2380
27 14 14 1374 1423 13386 14760 1594 2304
27 15 15 1279 1352 12766 13760 1540 2122
27 16 16 1218 1249 12324 12776 1449 1896
27 17 17 1137 1184 11322 12116 1318 1952
27 18 18 1078 1120 10320 11200 1282 2216
27 19 19 1008 1059 9648 10614 1303 2362
27 20 20 970 1003 9192 10174 1209 2186
27 21 21 912 965 7966 9670 1116 2206
27 22 22 876 916 8044 9318 1126 2072
27 23 23 832 884 7632 8870 1068 2084
27 24 24 806 844 7662 8358 1048 1884
27 25 25 777 804 7114 8080 1016 2150
27 26 26 741 772 6856 7822 946 1660
27 27 27 705 745 6524 7416 1005 2098
27 28 28 692 721 6518 7302 906 1676
27 29 29 658 699 6282 6824 869 1558
27 30 30 638 670 5978 6688 853 1578
27 31 31 617 645 5890 6450 806 1474
27 32 32 600 635 5664 6364 825 1558
27 33 33 582 616 5152 6158 819 1445
27 34 34 562 595 4922 5878 772 1668
27 35 35 546 578 4842 5648 750 1670
27 36 36 531 556 4646 5478 740 1598
27 37 37 519 546 4708 5302 725 1486
27 38 38 504 533 4448 5178 734 1374
27 39 39 491 519 4504 5128 685 1516
27 40 40 480 504 4348 4972 726 1332
27 41 41 464 496 4088 4796 692 1376
27 42 42 450 484 4062 4690 693 1377
27 43 43 441 474 3866 4570 645 1474
27 44 44 435 462 3890 4450 632 1304
27 45 45 424 458 3742 4356 632 1464
27 46 46 418 438 3560 4238 641 1360
27 47 47 404 428 3398 4108 659 1330
27 48 48 399 425 3486 4066 626 1188
27 49 49 392 417 3428 3954 607 1270
27 50 50 380 405 3352 3804 572 1156
27 51 51 372 399 3186 3786 610 1240
27 52 52 370 392 3086 3686 688 1186
27 53 53 360 386 3008 3644 565 1184
27 54 54 355 372 3024 3556 552 1098
27 55 55 343 368 2976 3532 546 1164
27 56 56 342 362 3044 3476 550 1050
27 57 57 333 357 2820 3328 569 1208
27 58 58 333 348 2758 3242 542 1007
27 59 59 322 348 2818 3276 618 988
27 60 60 320 342 2702 3184 617 964
27 61 61 310 334 2544 3102 587 1071
27 62 62 306 324 2676 2994 527 946
27 63 63 300 325 2620 3018 596 976
27 64 64 299 317 2594 2918 579 924
27 65 65 294 315 2564 2864 632 1020
27 66 66 293 312 2520 2888 572 1040
27 67 67 281 306 2444 2780 583 930
27 68 68 282 297 2330 2754 537 1072
27 69 69 273 295 2352 2712 566 1004
27 70 70 270 290 2324 2674 534 964
27 71 71 264 287 2168 2620 548 990
27 72 72 266 284 2152 2576 550 994
27 73 73 258 282 1992 2624 496 960
27 74 74 257 280 1982 2554 526 932
27 75 75 252 276 2146 2496 475 906
27 76 76 252 270 2030 2460 490 944
27 77 77 245 266 2076 2406 462 894
27 78 78 242 262 2016 2378 452 946
27 79 79 237 262 1950 2336 466 930
27 80 80 240 253 1950 2336 448 934
27 81 81 232 254 1884 2292 471 930
27 82 82 233 251 1904 2328 498 876
27 83 83 225 247 1788 2212 492 848
27 84 84 224 242 1808 2200 440 866
27 85 85 220 242 1732 2184 460 900
27 86 86 219 236 1724 2164 464 848
27 87 87 217 234 1664 2148 444 876
27 88 88 216 231 1656 2120 434 888
27 89 89 211 230 1684 2064 434 856
27 90 90 210 229 1640 2068 460 872
27 91 91 210 225 1644 2010 404 806
27 92 92 208 224 1564 1984 450 804
27 93 93 204 220 1564 1968 448 810
27 94 94 198 220 1594 1954 422 778
27 95 95 197 217 1542 1968 413 822
27 96 96 198 212 1538 1872 412 786
27 97 97 196 211 1492 1876 408 774
27 98 98 193 210 1506 1822 418 760
27 99 99 192 208 1504 1838 398 780
27 100 100 192 204 1436 1776 415 774

28 2 2 10976 10976 125220 125276 1757 1760
28 3 3 7220 7411 80808 82292 2624 3312
28 4 4 5488 5488 61828 61856 1658 1663
28 5 5 4312 4504 47254 48728 1494 4412
28 6 6 3604 3718 38442 40022 1409 3735
28 7 7 3111 3165 32936 34602 1331 3234
28 8 8 2744 2744 28728 29120 2810 2842
28 9 9 2409 2480 25082 25880 2325 3284
28 10 10 2156 2232 22232 23484 2114 3296
28 11 11 1975 2010 20014 20822 1934 2970
28 12 12 1806 1858 18076 18994 2530 2782
28 13 13 1673 1722 16640 17524 1872 2578
28 14 14 1544 1588 15636 16328 1748 2412
28 15 15 1452 1484 14446 15392 1636 2256
28 16 16 1372 1372 14000 14196 1571 1981
28 17 17 1274 1335 12456 13384 1470 2454
28 18 18 1198 1235 11588 12588 1381 2914
28 19 19 1128 1174 11028 12032 1364 2252
28 20 20 1078 1120 10254 11352 1454 2562
28 21 21 1017 1083 9408 11042 1246 2334
28 22 22 980 1025 9182 10334 1230 2356
28 23 23 934 974 8816 9772 1179 2291
28 24 24 891 938 8166 9352 1116 2291
28 25 25 861 902 7888 8952 1073 2422
28 26 26 821 862 7912 8640 1087 2120
28 27 27 794 831 7666 8314 1008 1900
28 28 28 772 796 7448 7934 920 1694
28 29 29 730 782 7002 7816 988 1672
28 30 30 720 742 6902 7410 948 1732
28 31 31 692 722 6530 7184 902 1610
28 32 32 686 686 6552 6916 864 1582
28 33 33 650 679 6006 6776 860 1564
28 34 34 636 660 5992 6600 849 1656
28 35 35 613 643 5548 6318 879 1604
28 36 36 596 625 5422 6276 793 1522
28 37 37 584 609 5264 6002 786 1534
28 38 38 561 594 5134 5876 766 1538
28 39 39 548 580 4994 5666 762 1720
28 40 40 541 560 4980 5556 758 1476
28 41 41 524 551 4410 5470 704 1514
28 42 42 513 534 4478 5218 722 1548
28 43 43 496 526 4320 5118 677 1492
28 44 44 490 510 4172 5008 674 1370
28 45 45 477 504 4324 4820 675 1320
28 46 46 465 490 4142 4814 679 1438
28 47 47 453 481 3932 4668 662 1476
28 48 48 450 462 3982 4524 649 1290
28 49 49 429 462 3788 4450 616 1313
28 50 50 428 453 3546 4370 625 1309
28 51 51 420 448 3800 4382 591 1194
28 52 52 414 432 3672 4154 628 1218
28 53 53 400 427 3332 4108 707 1169
28 54 54 397 415 3348 4008 582 1506
28 55 55 384 415 3392 3952 577 1284
28 56 56 386 396 3254 3828 572 1240
28 57 57 372 396 3180 3780 590 1136
28 58 58 371 386 3102 3674 557 1086
28 59 59 360 390 3228 3664 586 1170
28 60 60 360 371 3116 3580 558 1006
28 61 61 348 371 2876 3498 687 1036
28 62 62 342 364 3012 3470 676 998
28 63 63 342 360 3058 3334 662 1008
28 64 64 335 351 3094 3192 640 924
28 65 65 327 348 2926 3234 640 966
28 66 66 321 343 2780 3192 618 1022
28 67 67 315 343 2564 3192 602 1022
28 68 68 315 334 2734 3146 644 1006
28 69 69 309 330 2632 3072 590 1036
28 70 70 305 322 2620 2996 553 1024
28 71 71 295 320 2414 2972 594 1100
28 72 72 295 315 2428 2926 572 1022
28 73 73 292 312 2464 2908 563 1058
28 74 74 288 307 2372 2890 545 1058
28 75 75 282 306 2282 2814 522 1012
28 76 76 279 299 2350 2734 578 1052
28 77 77 273 297 2228 2718 529 996
28 78 78 270 294 2256 2668 468 1068
28 79 79 270 287 2218 2670 546 953
28 80 80 264 283 2024 2630 534 988
28 81 81 260 283 2176 2632 514 962
28 82 82 258 276 2080 2564 515 976
28 83 83 252 277 2072 2504 524 960
28 84 84 252 267 1950 2458 528 998
28 85 85 246 267 2040 2442 524 948
28 86 86 246 264 2030 2388 469 946
28 87 87 243 266 1992 2336 496 882
28 88 88 243 256 1888 2332 466 876
28 89 89 238 256 1916 2336 488 884
28 90 90 235 252 1882 2328 464 904
28 91 91 231 252 1892 2294 440 904
28 92 92 230 246 1916 2232 502 860
28 93 93 224 247 1840 2252 505 874
28 94 94 224 241 1742 2228 482 868
28 95 95 224 243 1838 2196 483 866
28 96 96 224 231 1804 2088 483 804
28 97 97 216 239 1724 2138 447 848
28 98 98 216 231 1662 2034 467 862
28 99 99 212 231 1688 2076 428 914
28 100 100 210 228 1646 2076 462 838

29 2 2 12180 12209 139150 139552 1934 1937
29 3 3 8008 8195 90222 93074 1989 2270
29 4 4 6064 6145 68198 69208 1772 2047
29 5 5 4785 4943 52110 54400 1889 4894
29 6 6 4000 4128 42702 45320 1458 4548
29 7 7 3425 3520 36374 38842 1612 3500
29 8 8 3020 3080 31858 32804 3004 3127
29 9 9 2661 2785 27882 29472 2456 3386
29 10 10 2399 2482 24338 26140 2275 3336
29 11 11 2163 2268 22326 23480 2042 3324
29 12 12 1995 2074 20106 21182 2618 2998
29 13 13 1836 1920 18986 19932 2072 2906
29 14 14 1710 1784 17528 18276 1896 2634
29 15 15 1572 1680 16128 17360 1792 2436
29 16 16 1495 1552 15414 15928 1687 2201
29 17 17 1401 1482 14366 15528 1522 2178
29 18 18 1324 1384 13114 14168 1570 2882
29 19 19 1247 1318 12002 13208 1533 2884
29 20 20 1190 1256 11946 12682 1362 2350
29 21 21 1116 1199 10808 12156 1307 2418
29 22 22 1087 1135 10074 11410 1342 2480
29 23 23 1038 1091 9808 11204 1212 2662
29 24 24 994 1035 9888 10640 1186 2130
29 25 25 952 994 8798 10118 1136 2352
29 26 26 921 960 9046 9726 1109 1966
29 27 27 882 918 8610 9250 1044 2018
29 28 28 848 889 8308 8958 1019 1850
29 29 29 814 862 7940 8590 1051 1794
29 30 30 793 833 7678 8324 987 1840
29 31 31 770 799 7312 8060 920 1722
29 32 32 742 775 7148 7796 935 1768
29 33 33 726 757 6822 7582 903 1775
29 34 34 701 738 6818 7236 888 1616
29 35 35 677 721 6520 7072 868 1794
29 36 36 657 694 6182 6942 879 1688
29 37 37 642 677 5826 6808 838 1566
29 38 38 621 661 5768 6474 811 1656
29 39 39 612 646 5428 6292 801 1618
29 40 40 594 624 5636 6202 775 1514
29 41 41 581 614 5316 6010 812 1560
29 42 42 560 597 5024 5850 782 1616
29 43 43 552 582 4922 5726 767 1512
29 44 44 543 568 4944 5602 721 1626
29 45 45 527 560 4718 5580 721 1442
29 46 46 520 548 4540 5350 779 1412
29 47 47 500 538 4464 5164 698 1444
29 48 48 492 522 4300 5106 724 1516
29 49 49 481 519 4172 5118 720 1404
29 50 50 465 504 4082 4912 668 1558
29 51 51 462 496 4112 4804 718 1368
29 52 52 461 484 4062 4712 675 1416
29 53 53 438 480 3914 4680 629 1292
29 54 54 435 466 3872 4448 720 1278
29 55 55 432 456 3840 4392 630 1284
29 56 56 422 450 3814 4344 606 1274
29 57 57 415 445 3650 4256 618 1208
29 58 58 404 439 3620 4100 581 1158
29 59 59 400 427 3544 4044 716 1178
29 60 60 394 419 3542 4040 637 1122
29 61 61 384 417 3392 3922 707 1216
29 62 62 382 411 3294 3822 707 1146
29 63 63 372 401 3350 3792 696 1088
29 64 64 370 392 3314 3724 681 1096
29 65 65 359 395 3296 3744 674 1052
29 66 66 353 384 3166 3654 687 1074
29 67 67 349 380 3136 3618 613 1064
29 68 68 347 371 3040 3480 652 1098
29 69 69 340 367 2906 3466 624 1162
29 70 70 336 365 2810 3372 628 1176
29 71 71 336 356 2856 3304 618 1130
29 72 72 326 350 2864 3256 608 1138
29 73 73 321 348 2780 3260 625 1098
29 74 74 318 339 2688 3152 596 1104
29 75 75 312 341 2454 3172 632 1332
29 76 76 312 334 2642 3092 612 1028
29 77 77 308 333 2642 3042 594 1096
29 78 78 300 324 2512 3034 621 1064
29 79 79 296 320 2434 2984 560 1106
29 80 80 294 315 2336 2914 593 1070
29 81 81 287 315 2412 2906 572 1062
29 82 82 289 310 2380 2868 527 1058
29 83 83 280 304 2262 2830 564 990
29 84 84 280 300 2302 2792 525 1036
29 85 85 273 301 2250 2750 546 984
29 86 86 273 294 2142 2776 533 988
29 87 87 270 294 2190 2680 538 1014
29 88 88 268 288 2122 2652 529 998
29 89 89 262 285 2096 2646 526 976
29 90 90 260 282 2162 2568 494 956
29 91 91 259 280 2096 2546 530 984
29 92 92 256 276 2110 2504 474 938
29 93 93 252 272 2110 2484 496 1014
29 94 94 251 268 2012 2442 523 922
29 95 95 245 270 2002 2436 490 928
29 96 96 245 264 2030 2380 490 924
29 97 97 242 262 1944 2418 482 956
29 98 98 238 258 1950 2370 512 874
29 99 99 235 257 1978 2352 480 956
29 100 100 236 252 1948 2270 462 898
